<?xml version="1.0" encoding="UTF-8"?>
<testng-results ignored="3" total="6" passed="3" failed="0" skipped="0">
  <reporter-output>
  </reporter-output>
  <suite started-at="2021-07-16T17:16:21 IST" name="Default suite" finished-at="2021-07-16T17:17:06 IST" duration-ms="44395">
    <groups>
    </groups>
    <test started-at="2021-07-16T17:16:21 IST" name="Default test" finished-at="2021-07-16T17:17:06 IST" duration-ms="44395">
      <class name="scenarios.LoginPageTest">
        <test-method signature="loginTest()[pri:0, instance:scenarios.LoginPageTest@6e0dec4a]" started-at="2021-07-16T17:16:21 IST" name="loginTest" finished-at="2021-07-16T17:16:31 IST" duration-ms="9846" status="PASS">
          <reporter-output>
          </reporter-output>
        </test-method> <!-- loginTest -->
      </class> <!-- scenarios.LoginPageTest -->
      <class name="firsttry.InsuranceTests">
        <test-method signature="invalidLogin()[pri:0, instance:firsttry.InsuranceTests@4386f16]" started-at="2021-07-16T17:16:54 IST" name="invalidLogin" finished-at="2021-07-16T17:17:06 IST" duration-ms="11489" status="PASS">
          <reporter-output>
          </reporter-output>
        </test-method> <!-- invalidLogin -->
      </class> <!-- firsttry.InsuranceTests -->
      <class name="scenarios.HomePageTest">
        <test-method signature="requestQuoteTest()[pri:0, instance:scenarios.HomePageTest@2ea227af]" started-at="2021-07-16T17:16:31 IST" name="requestQuoteTest" finished-at="2021-07-16T17:16:54 IST" duration-ms="23029" status="PASS">
          <reporter-output>
          </reporter-output>
        </test-method> <!-- requestQuoteTest -->
      </class> <!-- scenarios.HomePageTest -->
    </test> <!-- Default test -->
  </suite> <!-- Default suite -->
</testng-results>
