!SESSION 2021-07-06 23:48:02.070 -----------------------------------------------











eclipse.buildId=4.19.0.I20210303-1800
java.version=16.0.1
java.vendor=Oracle Corporation
BootLoader constants: OS=win32, ARCH=x86_64, WS=win32, NL=en_IN
Framework arguments:  -product org.eclipse.epp.package.java.product
Command-line arguments:  -os win32 -ws win32 -arch x86_64 -product org.eclipse.epp.package.java.product

!ENTRY org.eclipse.jface 2 0 2021-07-06 23:48:19.334
!MESSAGE Keybinding conflicts occurred.  They may interfere with normal accelerator operation.
!SUBENTRY 1 org.eclipse.jface 2 0 2021-07-06 23:48:19.334
!MESSAGE A conflict occurred for CTRL+SHIFT+T:
Binding(CTRL+SHIFT+T,
	ParameterizedCommand(Command(org.eclipse.jdt.ui.navigate.open.type,Open Type,
		Open a type in a Java editor,
		Category(org.eclipse.ui.category.navigate,Navigate,null,true),
		org.eclipse.ui.internal.WorkbenchHandlerServiceHandler@42dd7d82,
		,,true),null),
	org.eclipse.ui.defaultAcceleratorConfiguration,
	org.eclipse.ui.contexts.window,,,system)
Binding(CTRL+SHIFT+T,
	ParameterizedCommand(Command(org.eclipse.lsp4e.symbolinworkspace,Go to Symbol in Workspace,
		,
		Category(org.eclipse.lsp4e.category,Language Servers,null,true),
		org.eclipse.ui.internal.WorkbenchHandlerServiceHandler@2838eb,
		,,true),null),
	org.eclipse.ui.defaultAcceleratorConfiguration,
	org.eclipse.ui.contexts.window,,,system)

!ENTRY org.eclipse.egit.ui 2 0 2021-07-06 23:48:51.670
!MESSAGE Warning: The environment variable HOME is not set. The following directory will be used to store the Git
user global configuration and to define the default location to store repositories: 'C:\Users\ASSiddesh'. If this is
not correct please set the HOME environment variable and restart Eclipse. Otherwise Git for Windows and
EGit might behave differently since they see different configuration options.
This warning can be switched off on the Team > Git > Confirmations and Warnings preference page.
!SESSION 2021-07-11 10:16:14.582 -----------------------------------------------
eclipse.buildId=4.19.0.I20210303-1800
java.version=16.0.1
java.vendor=Oracle Corporation
BootLoader constants: OS=win32, ARCH=x86_64, WS=win32, NL=en_IN
Framework arguments:  -product org.eclipse.epp.package.java.product
Command-line arguments:  -os win32 -ws win32 -arch x86_64 -product org.eclipse.epp.package.java.product

!ENTRY org.eclipse.jface 2 0 2021-07-11 10:16:33.973
!MESSAGE Keybinding conflicts occurred.  They may interfere with normal accelerator operation.
!SUBENTRY 1 org.eclipse.jface 2 0 2021-07-11 10:16:33.973
!MESSAGE A conflict occurred for CTRL+SHIFT+T:
Binding(CTRL+SHIFT+T,
	ParameterizedCommand(Command(org.eclipse.jdt.ui.navigate.open.type,Open Type,
		Open a type in a Java editor,
		Category(org.eclipse.ui.category.navigate,Navigate,null,true),
		org.eclipse.ui.internal.WorkbenchHandlerServiceHandler@56881196,
		,,true),null),
	org.eclipse.ui.defaultAcceleratorConfiguration,
	org.eclipse.ui.contexts.window,,,system)
Binding(CTRL+SHIFT+T,
	ParameterizedCommand(Command(org.eclipse.lsp4e.symbolinworkspace,Go to Symbol in Workspace,
		,
		Category(org.eclipse.lsp4e.category,Language Servers,null,true),
		org.eclipse.ui.internal.WorkbenchHandlerServiceHandler@75c33608,
		,,true),null),
	org.eclipse.ui.defaultAcceleratorConfiguration,
	org.eclipse.ui.contexts.window,,,system)

!ENTRY org.eclipse.egit.ui 2 0 2021-07-11 10:16:38.897
!MESSAGE Warning: The environment variable HOME is not set. The following directory will be used to store the Git
user global configuration and to define the default location to store repositories: 'C:\Users\ASSiddesh'. If this is
not correct please set the HOME environment variable and restart Eclipse. Otherwise Git for Windows and
EGit might behave differently since they see different configuration options.
This warning can be switched off on the Team > Git > Confirmations and Warnings preference page.
!SESSION 2021-07-11 11:38:09.961 -----------------------------------------------
eclipse.buildId=4.19.0.I20210303-1800
java.version=16.0.1
java.vendor=Oracle Corporation
BootLoader constants: OS=win32, ARCH=x86_64, WS=win32, NL=en_IN
Framework arguments:  -product org.eclipse.epp.package.java.product
Command-line arguments:  -os win32 -ws win32 -arch x86_64 -product org.eclipse.epp.package.java.product

!ENTRY org.eclipse.core.resources 2 10035 2021-07-11 11:38:15.142
!MESSAGE The workspace exited with unsaved changes in the previous session; refreshing workspace to recover changes.

!ENTRY org.eclipse.jface 2 0 2021-07-11 11:38:17.340
!MESSAGE Keybinding conflicts occurred.  They may interfere with normal accelerator operation.
!SUBENTRY 1 org.eclipse.jface 2 0 2021-07-11 11:38:17.340
!MESSAGE A conflict occurred for CTRL+SHIFT+T:
Binding(CTRL+SHIFT+T,
	ParameterizedCommand(Command(org.eclipse.jdt.ui.navigate.open.type,Open Type,
		Open a type in a Java editor,
		Category(org.eclipse.ui.category.navigate,Navigate,null,true),
		org.eclipse.ui.internal.WorkbenchHandlerServiceHandler@62ab5e63,
		,,true),null),
	org.eclipse.ui.defaultAcceleratorConfiguration,
	org.eclipse.ui.contexts.window,,,system)
Binding(CTRL+SHIFT+T,
	ParameterizedCommand(Command(org.eclipse.lsp4e.symbolinworkspace,Go to Symbol in Workspace,
		,
		Category(org.eclipse.lsp4e.category,Language Servers,null,true),
		org.eclipse.ui.internal.WorkbenchHandlerServiceHandler@e91facf,
		,,true),null),
	org.eclipse.ui.defaultAcceleratorConfiguration,
	org.eclipse.ui.contexts.window,,,system)

!ENTRY org.eclipse.egit.ui 2 0 2021-07-11 11:38:22.945
!MESSAGE Warning: The environment variable HOME is not set. The following directory will be used to store the Git
user global configuration and to define the default location to store repositories: 'C:\Users\ASSiddesh'. If this is
not correct please set the HOME environment variable and restart Eclipse. Otherwise Git for Windows and
EGit might behave differently since they see different configuration options.
This warning can be switched off on the Team > Git > Confirmations and Warnings preference page.
!SESSION 2021-07-15 11:30:14.404 -----------------------------------------------
eclipse.buildId=4.19.0.I20210303-1800
java.version=16.0.1
java.vendor=Oracle Corporation
BootLoader constants: OS=win32, ARCH=x86_64, WS=win32, NL=en_IN
Framework arguments:  -product org.eclipse.epp.package.java.product
Command-line arguments:  -os win32 -ws win32 -arch x86_64 -product org.eclipse.epp.package.java.product

!ENTRY org.eclipse.core.resources 2 10035 2021-07-15 11:30:22.911
!MESSAGE The workspace exited with unsaved changes in the previous session; refreshing workspace to recover changes.

!ENTRY org.eclipse.jface 2 0 2021-07-15 11:30:24.355
!MESSAGE Keybinding conflicts occurred.  They may interfere with normal accelerator operation.
!SUBENTRY 1 org.eclipse.jface 2 0 2021-07-15 11:30:24.355
!MESSAGE A conflict occurred for CTRL+SHIFT+T:
Binding(CTRL+SHIFT+T,
	ParameterizedCommand(Command(org.eclipse.jdt.ui.navigate.open.type,Open Type,
		Open a type in a Java editor,
		Category(org.eclipse.ui.category.navigate,Navigate,null,true),
		org.eclipse.ui.internal.WorkbenchHandlerServiceHandler@42e202d7,
		,,true),null),
	org.eclipse.ui.defaultAcceleratorConfiguration,
	org.eclipse.ui.contexts.window,,,system)
Binding(CTRL+SHIFT+T,
	ParameterizedCommand(Command(org.eclipse.lsp4e.symbolinworkspace,Go to Symbol in Workspace,
		,
		Category(org.eclipse.lsp4e.category,Language Servers,null,true),
		org.eclipse.ui.internal.WorkbenchHandlerServiceHandler@38e7860c,
		,,true),null),
	org.eclipse.ui.defaultAcceleratorConfiguration,
	org.eclipse.ui.contexts.window,,,system)

!ENTRY org.eclipse.egit.ui 2 0 2021-07-15 11:30:28.315
!MESSAGE Warning: The environment variable HOME is not set. The following directory will be used to store the Git
user global configuration and to define the default location to store repositories: 'C:\Users\ASSiddesh'. If this is
not correct please set the HOME environment variable and restart Eclipse. Otherwise Git for Windows and
EGit might behave differently since they see different configuration options.
This warning can be switched off on the Team > Git > Confirmations and Warnings preference page.

!ENTRY org.eclipse.m2e.logback.appender 2 0 2021-07-15 20:17:39.119
!MESSAGE Using platform encoding (Cp1252 actually) to copy filtered resources, i.e. build is platform dependent!

!ENTRY org.eclipse.m2e.logback.appender 2 0 2021-07-15 20:17:39.126
!MESSAGE Using platform encoding (Cp1252 actually) to copy filtered resources, i.e. build is platform dependent!

!ENTRY org.eclipse.m2e.logback.appender 2 0 2021-07-15 20:19:22.947
!MESSAGE Using platform encoding (Cp1252 actually) to copy filtered resources, i.e. build is platform dependent!

!ENTRY org.eclipse.m2e.logback.appender 2 0 2021-07-15 20:19:22.950
!MESSAGE Using platform encoding (Cp1252 actually) to copy filtered resources, i.e. build is platform dependent!
!SESSION 2021-07-15 21:29:38.369 -----------------------------------------------
eclipse.buildId=4.19.0.I20210303-1800
java.version=16.0.1
java.vendor=Oracle Corporation
BootLoader constants: OS=win32, ARCH=x86_64, WS=win32, NL=en_IN
Framework arguments:  -product org.eclipse.epp.package.java.product
Command-line arguments:  -os win32 -ws win32 -arch x86_64 -product org.eclipse.epp.package.java.product

!ENTRY org.eclipse.jface 2 0 2021-07-15 21:29:47.861
!MESSAGE Keybinding conflicts occurred.  They may interfere with normal accelerator operation.
!SUBENTRY 1 org.eclipse.jface 2 0 2021-07-15 21:29:47.861
!MESSAGE A conflict occurred for CTRL+SHIFT+T:
Binding(CTRL+SHIFT+T,
	ParameterizedCommand(Command(org.eclipse.jdt.ui.navigate.open.type,Open Type,
		Open a type in a Java editor,
		Category(org.eclipse.ui.category.navigate,Navigate,null,true),
		org.eclipse.ui.internal.WorkbenchHandlerServiceHandler@52d63b7e,
		,,true),null),
	org.eclipse.ui.defaultAcceleratorConfiguration,
	org.eclipse.ui.contexts.window,,,system)
Binding(CTRL+SHIFT+T,
	ParameterizedCommand(Command(org.eclipse.lsp4e.symbolinworkspace,Go to Symbol in Workspace,
		,
		Category(org.eclipse.lsp4e.category,Language Servers,null,true),
		org.eclipse.ui.internal.WorkbenchHandlerServiceHandler@74830d73,
		,,true),null),
	org.eclipse.ui.defaultAcceleratorConfiguration,
	org.eclipse.ui.contexts.window,,,system)

!ENTRY org.eclipse.egit.ui 2 0 2021-07-15 21:29:53.096
!MESSAGE Warning: The environment variable HOME is not set. The following directory will be used to store the Git
user global configuration and to define the default location to store repositories: 'C:\Users\ASSiddesh'. If this is
not correct please set the HOME environment variable and restart Eclipse. Otherwise Git for Windows and
EGit might behave differently since they see different configuration options.
This warning can be switched off on the Team > Git > Confirmations and Warnings preference page.

!ENTRY org.eclipse.m2e.logback.appender 2 0 2021-07-15 21:31:03.610
!MESSAGE Using platform encoding (Cp1252 actually) to copy filtered resources, i.e. build is platform dependent!

!ENTRY org.eclipse.m2e.logback.appender 2 0 2021-07-15 21:31:03.619
!MESSAGE Using platform encoding (Cp1252 actually) to copy filtered resources, i.e. build is platform dependent!

!ENTRY org.eclipse.m2e.logback.appender 2 0 2021-07-15 21:33:06.013
!MESSAGE Using platform encoding (Cp1252 actually) to copy filtered resources, i.e. build is platform dependent!

!ENTRY org.eclipse.m2e.logback.appender 2 0 2021-07-15 21:33:06.016
!MESSAGE Using platform encoding (Cp1252 actually) to copy filtered resources, i.e. build is platform dependent!
!SESSION 2021-07-16 13:36:38.529 -----------------------------------------------
eclipse.buildId=4.19.0.I20210303-1800
java.version=16.0.1
java.vendor=Oracle Corporation
BootLoader constants: OS=win32, ARCH=x86_64, WS=win32, NL=en_IN
Framework arguments:  -product org.eclipse.epp.package.java.product
Command-line arguments:  -os win32 -ws win32 -arch x86_64 -product org.eclipse.epp.package.java.product

!ENTRY org.eclipse.core.resources 2 10035 2021-07-16 13:36:53.958
!MESSAGE The workspace exited with unsaved changes in the previous session; refreshing workspace to recover changes.

!ENTRY org.eclipse.jface 2 0 2021-07-16 13:36:57.111
!MESSAGE Keybinding conflicts occurred.  They may interfere with normal accelerator operation.
!SUBENTRY 1 org.eclipse.jface 2 0 2021-07-16 13:36:57.111
!MESSAGE A conflict occurred for CTRL+SHIFT+T:
Binding(CTRL+SHIFT+T,
	ParameterizedCommand(Command(org.eclipse.jdt.ui.navigate.open.type,Open Type,
		Open a type in a Java editor,
		Category(org.eclipse.ui.category.navigate,Navigate,null,true),
		org.eclipse.ui.internal.WorkbenchHandlerServiceHandler@5891b7c5,
		,,true),null),
	org.eclipse.ui.defaultAcceleratorConfiguration,
	org.eclipse.ui.contexts.window,,,system)
Binding(CTRL+SHIFT+T,
	ParameterizedCommand(Command(org.eclipse.lsp4e.symbolinworkspace,Go to Symbol in Workspace,
		,
		Category(org.eclipse.lsp4e.category,Language Servers,null,true),
		org.eclipse.ui.internal.WorkbenchHandlerServiceHandler@4fc3529,
		,,true),null),
	org.eclipse.ui.defaultAcceleratorConfiguration,
	org.eclipse.ui.contexts.window,,,system)

!ENTRY org.eclipse.egit.ui 2 0 2021-07-16 13:37:03.163
!MESSAGE Warning: The environment variable HOME is not set. The following directory will be used to store the Git
user global configuration and to define the default location to store repositories: 'C:\Users\ASSiddesh'. If this is
not correct please set the HOME environment variable and restart Eclipse. Otherwise Git for Windows and
EGit might behave differently since they see different configuration options.
This warning can be switched off on the Team > Git > Confirmations and Warnings preference page.

!ENTRY org.eclipse.wildwebdeveloper.xml 4 0 2021-07-16 13:37:25.995
!MESSAGE 
!STACK 0
java.lang.NullPointerException
	at java.base/java.util.Objects.requireNonNull(Objects.java:208)
	at java.base/java.util.ImmutableCollections$MapN.<init>(ImmutableCollections.java:1186)
	at java.base/java.util.Map.of(Map.java:1329)
	at org.eclipse.m2e.editor.lemminx.InitializationOptionsProvider.toLemMinXOptions(InitializationOptionsProvider.java:26)
	at org.eclipse.m2e.editor.lemminx.InitializationOptionsProvider.get(InitializationOptionsProvider.java:22)
	at org.eclipse.m2e.editor.lemminx.InitializationOptionsProvider.get(InitializationOptionsProvider.java:1)
	at org.eclipse.wildwebdeveloper.xml.internal.XMLExtensionRegistry.getInitiatizationOptions(XMLExtensionRegistry.java:135)
	at org.eclipse.wildwebdeveloper.xml.internal.XMLLanguageServer.getInitializationOptions(XMLLanguageServer.java:158)
	at org.eclipse.lsp4e.LanguageServerWrapper.lambda$5(LanguageServerWrapper.java:352)
	at java.base/java.util.concurrent.CompletableFuture$UniCompose.tryFire(CompletableFuture.java:1146)
	at java.base/java.util.concurrent.CompletableFuture.postComplete(CompletableFuture.java:506)
	at java.base/java.util.concurrent.CompletableFuture$AsyncSupply.run(CompletableFuture.java:1769)
	at java.base/java.util.concurrent.CompletableFuture$AsyncSupply.exec(CompletableFuture.java:1756)
	at java.base/java.util.concurrent.ForkJoinTask.doExec(ForkJoinTask.java:295)
	at java.base/java.util.concurrent.ForkJoinPool$WorkQueue.topLevelExec(ForkJoinPool.java:1016)
	at java.base/java.util.concurrent.ForkJoinPool.scan(ForkJoinPool.java:1665)
	at java.base/java.util.concurrent.ForkJoinPool.runWorker(ForkJoinPool.java:1598)
	at java.base/java.util.concurrent.ForkJoinWorkerThread.run(ForkJoinWorkerThread.java:183)

!ENTRY org.eclipse.m2e.logback.appender 2 0 2021-07-16 13:42:27.324
!MESSAGE Using platform encoding (Cp1252 actually) to copy filtered resources, i.e. build is platform dependent!

!ENTRY org.eclipse.m2e.logback.appender 2 0 2021-07-16 13:42:27.339
!MESSAGE Using platform encoding (Cp1252 actually) to copy filtered resources, i.e. build is platform dependent!

!ENTRY org.eclipse.m2e.logback.appender 2 0 2021-07-16 13:42:29.536
!MESSAGE Using platform encoding (Cp1252 actually) to copy filtered resources, i.e. build is platform dependent!

!ENTRY org.eclipse.m2e.logback.appender 2 0 2021-07-16 13:42:29.544
!MESSAGE Using platform encoding (Cp1252 actually) to copy filtered resources, i.e. build is platform dependent!

!ENTRY org.eclipse.m2e.logback.appender 4 0 2021-07-16 13:43:15.184
!MESSAGE Could not download sources for com.google.code.findbugs:jsr305:1.3.9
!STACK 1
org.eclipse.core.runtime.CoreException: Could not resolve artifact com.google.code.findbugs:jsr305:jar:sources:1.3.9
	at org.eclipse.m2e.core.internal.embedder.MavenImpl.lambda$4(MavenImpl.java:804)
	at org.eclipse.m2e.core.internal.embedder.MavenExecutionContext.executeBare(MavenExecutionContext.java:179)
	at org.eclipse.m2e.core.internal.embedder.MavenExecutionContext.execute(MavenExecutionContext.java:114)
	at org.eclipse.m2e.core.internal.embedder.MavenExecutionContext.execute(MavenExecutionContext.java:101)
	at org.eclipse.m2e.core.internal.embedder.MavenImpl.resolve(MavenImpl.java:772)
	at org.eclipse.m2e.core.internal.embedder.MavenImpl.resolve(MavenImpl.java:749)
	at org.eclipse.m2e.jdt.internal.DownloadSourcesJob.download(DownloadSourcesJob.java:330)
	at org.eclipse.m2e.jdt.internal.DownloadSourcesJob.downloadAttachments(DownloadSourcesJob.java:304)
	at org.eclipse.m2e.jdt.internal.DownloadSourcesJob.downloadMaven(DownloadSourcesJob.java:269)
	at org.eclipse.m2e.jdt.internal.DownloadSourcesJob.downloadFilesAndPopulateToUpdate(DownloadSourcesJob.java:233)
	at org.eclipse.m2e.jdt.internal.DownloadSourcesJob.lambda$0(DownloadSourcesJob.java:161)
	at org.eclipse.m2e.core.internal.embedder.MavenExecutionContext.executeBare(MavenExecutionContext.java:179)
	at org.eclipse.m2e.core.internal.embedder.MavenExecutionContext.execute(MavenExecutionContext.java:153)
	at org.eclipse.m2e.core.internal.embedder.MavenExecutionContext.execute(MavenExecutionContext.java:101)
	at org.eclipse.m2e.core.internal.embedder.MavenImpl.execute(MavenImpl.java:1374)
	at org.eclipse.m2e.jdt.internal.DownloadSourcesJob.run(DownloadSourcesJob.java:161)
	at org.eclipse.core.internal.jobs.Worker.run(Worker.java:63)
Contains: Missing com.google.code.findbugs:jsr305:jar:sources:1.3.9
!SUBENTRY 1 org.eclipse.m2e.core 4 -1 2021-07-16 13:43:15.186
!MESSAGE Could not resolve artifact com.google.code.findbugs:jsr305:jar:sources:1.3.9
!SUBENTRY 2 org.eclipse.m2e.core 4 -1 2021-07-16 13:43:15.186
!MESSAGE Missing com.google.code.findbugs:jsr305:jar:sources:1.3.9

!ENTRY org.eclipse.m2e.logback.appender 2 0 2021-07-16 13:43:40.846
!MESSAGE Using platform encoding (Cp1252 actually) to copy filtered resources, i.e. build is platform dependent!

!ENTRY org.eclipse.m2e.logback.appender 2 0 2021-07-16 13:43:40.855
!MESSAGE Using platform encoding (Cp1252 actually) to copy filtered resources, i.e. build is platform dependent!

!ENTRY org.eclipse.m2e.logback.appender 4 0 2021-07-16 13:43:42.459
!MESSAGE Could not download javadoc for com.google.code.findbugs:jsr305:1.3.9
!STACK 1
org.eclipse.core.runtime.CoreException: Could not resolve artifact com.google.code.findbugs:jsr305:jar:javadoc:1.3.9
	at org.eclipse.m2e.core.internal.embedder.MavenImpl.lambda$4(MavenImpl.java:804)
	at org.eclipse.m2e.core.internal.embedder.MavenExecutionContext.executeBare(MavenExecutionContext.java:179)
	at org.eclipse.m2e.core.internal.embedder.MavenExecutionContext.execute(MavenExecutionContext.java:114)
	at org.eclipse.m2e.core.internal.embedder.MavenExecutionContext.execute(MavenExecutionContext.java:101)
	at org.eclipse.m2e.core.internal.embedder.MavenImpl.resolve(MavenImpl.java:772)
	at org.eclipse.m2e.core.internal.embedder.MavenImpl.resolve(MavenImpl.java:749)
	at org.eclipse.m2e.jdt.internal.DownloadSourcesJob.download(DownloadSourcesJob.java:330)
	at org.eclipse.m2e.jdt.internal.DownloadSourcesJob.downloadAttachments(DownloadSourcesJob.java:316)
	at org.eclipse.m2e.jdt.internal.DownloadSourcesJob.downloadMaven(DownloadSourcesJob.java:269)
	at org.eclipse.m2e.jdt.internal.DownloadSourcesJob.downloadFilesAndPopulateToUpdate(DownloadSourcesJob.java:233)
	at org.eclipse.m2e.jdt.internal.DownloadSourcesJob.lambda$0(DownloadSourcesJob.java:161)
	at org.eclipse.m2e.core.internal.embedder.MavenExecutionContext.executeBare(MavenExecutionContext.java:179)
	at org.eclipse.m2e.core.internal.embedder.MavenExecutionContext.execute(MavenExecutionContext.java:153)
	at org.eclipse.m2e.core.internal.embedder.MavenExecutionContext.execute(MavenExecutionContext.java:101)
	at org.eclipse.m2e.core.internal.embedder.MavenImpl.execute(MavenImpl.java:1374)
	at org.eclipse.m2e.jdt.internal.DownloadSourcesJob.run(DownloadSourcesJob.java:161)
	at org.eclipse.core.internal.jobs.Worker.run(Worker.java:63)
Contains: Missing com.google.code.findbugs:jsr305:jar:javadoc:1.3.9
!SUBENTRY 1 org.eclipse.m2e.core 4 -1 2021-07-16 13:43:42.460
!MESSAGE Could not resolve artifact com.google.code.findbugs:jsr305:jar:javadoc:1.3.9
!SUBENTRY 2 org.eclipse.m2e.core 4 -1 2021-07-16 13:43:42.460
!MESSAGE Missing com.google.code.findbugs:jsr305:jar:javadoc:1.3.9

!ENTRY org.eclipse.wildwebdeveloper.xml 4 0 2021-07-16 13:43:56.559
!MESSAGE 
!STACK 0
java.lang.NullPointerException
	at java.base/java.util.Objects.requireNonNull(Objects.java:208)
	at java.base/java.util.ImmutableCollections$MapN.<init>(ImmutableCollections.java:1186)
	at java.base/java.util.Map.of(Map.java:1329)
	at org.eclipse.m2e.editor.lemminx.InitializationOptionsProvider.toLemMinXOptions(InitializationOptionsProvider.java:26)
	at org.eclipse.m2e.editor.lemminx.InitializationOptionsProvider.get(InitializationOptionsProvider.java:22)
	at org.eclipse.m2e.editor.lemminx.InitializationOptionsProvider.get(InitializationOptionsProvider.java:1)
	at org.eclipse.wildwebdeveloper.xml.internal.XMLExtensionRegistry.getInitiatizationOptions(XMLExtensionRegistry.java:135)
	at org.eclipse.wildwebdeveloper.xml.internal.XMLLanguageServer.getInitializationOptions(XMLLanguageServer.java:158)
	at org.eclipse.lsp4e.LanguageServerWrapper.lambda$5(LanguageServerWrapper.java:352)
	at java.base/java.util.concurrent.CompletableFuture$UniCompose.tryFire(CompletableFuture.java:1146)
	at java.base/java.util.concurrent.CompletableFuture.postComplete(CompletableFuture.java:506)
	at java.base/java.util.concurrent.CompletableFuture$AsyncSupply.run(CompletableFuture.java:1769)
	at java.base/java.util.concurrent.CompletableFuture$AsyncSupply.exec(CompletableFuture.java:1756)
	at java.base/java.util.concurrent.ForkJoinTask.doExec(ForkJoinTask.java:295)
	at java.base/java.util.concurrent.ForkJoinPool$WorkQueue.topLevelExec(ForkJoinPool.java:1016)
	at java.base/java.util.concurrent.ForkJoinPool.scan(ForkJoinPool.java:1665)
	at java.base/java.util.concurrent.ForkJoinPool.runWorker(ForkJoinPool.java:1598)
	at java.base/java.util.concurrent.ForkJoinWorkerThread.run(ForkJoinWorkerThread.java:183)

!ENTRY org.eclipse.m2e.logback.appender 2 0 2021-07-16 13:44:47.076
!MESSAGE Using platform encoding (Cp1252 actually) to copy filtered resources, i.e. build is platform dependent!

!ENTRY org.eclipse.m2e.logback.appender 2 0 2021-07-16 13:44:47.080
!MESSAGE Using platform encoding (Cp1252 actually) to copy filtered resources, i.e. build is platform dependent!

!ENTRY org.eclipse.m2e.logback.appender 2 0 2021-07-16 13:45:28.948
!MESSAGE Using platform encoding (Cp1252 actually) to copy filtered resources, i.e. build is platform dependent!

!ENTRY org.eclipse.m2e.logback.appender 2 0 2021-07-16 13:45:28.951
!MESSAGE Using platform encoding (Cp1252 actually) to copy filtered resources, i.e. build is platform dependent!
!SESSION 2021-07-16 13:56:45.760 -----------------------------------------------
eclipse.buildId=4.19.0.I20210303-1800
java.version=16.0.1
java.vendor=Oracle Corporation
BootLoader constants: OS=win32, ARCH=x86_64, WS=win32, NL=en_IN
Framework arguments:  -product org.eclipse.epp.package.java.product
Command-line arguments:  -data file:/C:/Users/ASSiddesh/eclipse-workspace/ -os win32 -ws win32 -arch x86_64 -product org.eclipse.epp.package.java.product

!ENTRY org.eclipse.jface 2 0 2021-07-16 13:56:52.297
!MESSAGE Keybinding conflicts occurred.  They may interfere with normal accelerator operation.
!SUBENTRY 1 org.eclipse.jface 2 0 2021-07-16 13:56:52.297
!MESSAGE A conflict occurred for CTRL+SHIFT+T:
Binding(CTRL+SHIFT+T,
	ParameterizedCommand(Command(org.eclipse.jdt.ui.navigate.open.type,Open Type,
		Open a type in a Java editor,
		Category(org.eclipse.ui.category.navigate,Navigate,null,true),
		org.eclipse.ui.internal.WorkbenchHandlerServiceHandler@15cee630,
		,,true),null),
	org.eclipse.ui.defaultAcceleratorConfiguration,
	org.eclipse.ui.contexts.window,,,system)
Binding(CTRL+SHIFT+T,
	ParameterizedCommand(Command(org.eclipse.lsp4e.symbolinworkspace,Go to Symbol in Workspace,
		,
		Category(org.eclipse.lsp4e.category,Language Servers,null,true),
		org.eclipse.ui.internal.WorkbenchHandlerServiceHandler@2e40fdbd,
		,,true),null),
	org.eclipse.ui.defaultAcceleratorConfiguration,
	org.eclipse.ui.contexts.window,,,system)

!ENTRY org.eclipse.wildwebdeveloper.xml 4 0 2021-07-16 13:56:56.813
!MESSAGE 
!STACK 0
java.lang.NullPointerException
	at java.base/java.util.Objects.requireNonNull(Objects.java:208)
	at java.base/java.util.ImmutableCollections$MapN.<init>(ImmutableCollections.java:1186)
	at java.base/java.util.Map.of(Map.java:1329)
	at org.eclipse.m2e.editor.lemminx.InitializationOptionsProvider.toLemMinXOptions(InitializationOptionsProvider.java:26)
	at org.eclipse.m2e.editor.lemminx.InitializationOptionsProvider.get(InitializationOptionsProvider.java:22)
	at org.eclipse.m2e.editor.lemminx.InitializationOptionsProvider.get(InitializationOptionsProvider.java:1)
	at org.eclipse.wildwebdeveloper.xml.internal.XMLExtensionRegistry.getInitiatizationOptions(XMLExtensionRegistry.java:135)
	at org.eclipse.wildwebdeveloper.xml.internal.XMLLanguageServer.getInitializationOptions(XMLLanguageServer.java:158)
	at org.eclipse.lsp4e.LanguageServerWrapper.lambda$5(LanguageServerWrapper.java:352)
	at java.base/java.util.concurrent.CompletableFuture$UniCompose.tryFire(CompletableFuture.java:1146)
	at java.base/java.util.concurrent.CompletableFuture.postComplete(CompletableFuture.java:506)
	at java.base/java.util.concurrent.CompletableFuture$AsyncSupply.run(CompletableFuture.java:1769)
	at java.base/java.util.concurrent.CompletableFuture$AsyncSupply.exec(CompletableFuture.java:1756)
	at java.base/java.util.concurrent.ForkJoinTask.doExec(ForkJoinTask.java:295)
	at java.base/java.util.concurrent.ForkJoinPool$WorkQueue.topLevelExec(ForkJoinPool.java:1016)
	at java.base/java.util.concurrent.ForkJoinPool.scan(ForkJoinPool.java:1665)
	at java.base/java.util.concurrent.ForkJoinPool.runWorker(ForkJoinPool.java:1598)
	at java.base/java.util.concurrent.ForkJoinWorkerThread.run(ForkJoinWorkerThread.java:183)

!ENTRY org.eclipse.egit.ui 2 0 2021-07-16 13:56:59.639
!MESSAGE Warning: The environment variable HOME is not set. The following directory will be used to store the Git
user global configuration and to define the default location to store repositories: 'C:\Users\ASSiddesh'. If this is
not correct please set the HOME environment variable and restart Eclipse. Otherwise Git for Windows and
EGit might behave differently since they see different configuration options.
This warning can be switched off on the Team > Git > Confirmations and Warnings preference page.

!ENTRY org.eclipse.m2e.logback.appender 2 0 2021-07-16 13:59:22.164
!MESSAGE Using platform encoding (Cp1252 actually) to copy filtered resources, i.e. build is platform dependent!

!ENTRY org.eclipse.m2e.logback.appender 2 0 2021-07-16 13:59:22.175
!MESSAGE Using platform encoding (Cp1252 actually) to copy filtered resources, i.e. build is platform dependent!

!ENTRY org.eclipse.m2e.logback.appender 2 0 2021-07-16 13:59:41.665
!MESSAGE Using platform encoding (Cp1252 actually) to copy filtered resources, i.e. build is platform dependent!

!ENTRY org.eclipse.m2e.logback.appender 2 0 2021-07-16 13:59:41.671
!MESSAGE Using platform encoding (Cp1252 actually) to copy filtered resources, i.e. build is platform dependent!

!ENTRY org.eclipse.m2e.logback.appender 2 0 2021-07-16 13:59:52.209
!MESSAGE Using platform encoding (Cp1252 actually) to copy filtered resources, i.e. build is platform dependent!

!ENTRY org.eclipse.m2e.logback.appender 2 0 2021-07-16 13:59:52.215
!MESSAGE Using platform encoding (Cp1252 actually) to copy filtered resources, i.e. build is platform dependent!

!ENTRY org.eclipse.m2e.logback.appender 2 0 2021-07-16 14:05:06.771
!MESSAGE Using platform encoding (Cp1252 actually) to copy filtered resources, i.e. build is platform dependent!

!ENTRY org.eclipse.m2e.logback.appender 2 0 2021-07-16 14:05:06.776
!MESSAGE Using platform encoding (Cp1252 actually) to copy filtered resources, i.e. build is platform dependent!

!ENTRY org.testng.eclipse 1 0 2021-07-16 14:05:09.616
!MESSAGE [TestNGLaunchConfigurationDelegate] Launching:
  Classpath: C:\Users\ASSiddesh\eclipse\java-2021-03\eclipse\configuration\org.eclipse.osgi\442\0\.cp\lib\testng-remote.jar C:\Users\ASSiddesh\eclipse-workspace\v\target\test-classes C:\Users\ASSiddesh\eclipse-workspace\v\target\classes C:\Users\ASSiddesh\.m2\repository\org\seleniumhq\selenium\selenium-java\3.141.59\selenium-java-3.141.59.jar C:\Users\ASSiddesh\.m2\repository\org\seleniumhq\selenium\selenium-api\3.141.59\selenium-api-3.141.59.jar C:\Users\ASSiddesh\.m2\repository\org\seleniumhq\selenium\selenium-chrome-driver\3.141.59\selenium-chrome-driver-3.141.59.jar C:\Users\ASSiddesh\.m2\repository\org\seleniumhq\selenium\selenium-edge-driver\3.141.59\selenium-edge-driver-3.141.59.jar C:\Users\ASSiddesh\.m2\repository\org\seleniumhq\selenium\selenium-firefox-driver\3.141.59\selenium-firefox-driver-3.141.59.jar C:\Users\ASSiddesh\.m2\repository\org\seleniumhq\selenium\selenium-ie-driver\3.141.59\selenium-ie-driver-3.141.59.jar C:\Users\ASSiddesh\.m2\repository\org\seleniumhq\selenium\selenium-opera-driver\3.141.59\selenium-opera-driver-3.141.59.jar C:\Users\ASSiddesh\.m2\repository\org\seleniumhq\selenium\selenium-remote-driver\3.141.59\selenium-remote-driver-3.141.59.jar C:\Users\ASSiddesh\.m2\repository\org\seleniumhq\selenium\selenium-safari-driver\3.141.59\selenium-safari-driver-3.141.59.jar C:\Users\ASSiddesh\.m2\repository\org\seleniumhq\selenium\selenium-support\3.141.59\selenium-support-3.141.59.jar C:\Users\ASSiddesh\.m2\repository\net\bytebuddy\byte-buddy\1.8.15\byte-buddy-1.8.15.jar C:\Users\ASSiddesh\.m2\repository\org\apache\commons\commons-exec\1.3\commons-exec-1.3.jar C:\Users\ASSiddesh\.m2\repository\com\google\guava\guava\25.0-jre\guava-25.0-jre.jar C:\Users\ASSiddesh\.m2\repository\com\google\code\findbugs\jsr305\1.3.9\jsr305-1.3.9.jar C:\Users\ASSiddesh\.m2\repository\org\checkerframework\checker-compat-qual\2.0.0\checker-compat-qual-2.0.0.jar C:\Users\ASSiddesh\.m2\repository\com\google\errorprone\error_prone_annotations\2.1.3\error_prone_annotations-2.1.3.jar C:\Users\ASSiddesh\.m2\repository\com\google\j2objc\j2objc-annotations\1.1\j2objc-annotations-1.1.jar C:\Users\ASSiddesh\.m2\repository\org\codehaus\mojo\animal-sniffer-annotations\1.14\animal-sniffer-annotations-1.14.jar C:\Users\ASSiddesh\.m2\repository\com\squareup\okhttp3\okhttp\3.11.0\okhttp-3.11.0.jar C:\Users\ASSiddesh\.m2\repository\com\squareup\okio\okio\1.14.0\okio-1.14.0.jar C:\Users\ASSiddesh\.m2\repository\org\testng\testng\7.4.0\testng-7.4.0.jar C:\Users\ASSiddesh\.m2\repository\com\beust\jcommander\1.78\jcommander-1.78.jar C:\Users\ASSiddesh\.m2\repository\org\webjars\jquery\3.5.1\jquery-3.5.1.jar
  VMArgs:    -ea
  Class:     org.testng.remote.RemoteTestNG
  Args:      -serport 64922 -protocol json -d C:\Users\ASSiddesh\eclipse-workspace\v\test-output C:\Users\ASSIDD~1\AppData\Local\Temp\testng-eclipse-264596155\testng-customsuite.xml
java -ea -classpath C:\Users\ASSiddesh\eclipse\java-2021-03\eclipse\configuration\org.eclipse.osgi\442\0\.cp\lib\testng-remote.jar:C:\Users\ASSiddesh\eclipse-workspace\v\target\test-classes:C:\Users\ASSiddesh\eclipse-workspace\v\target\classes:C:\Users\ASSiddesh\.m2\repository\org\seleniumhq\selenium\selenium-java\3.141.59\selenium-java-3.141.59.jar:C:\Users\ASSiddesh\.m2\repository\org\seleniumhq\selenium\selenium-api\3.141.59\selenium-api-3.141.59.jar:C:\Users\ASSiddesh\.m2\repository\org\seleniumhq\selenium\selenium-chrome-driver\3.141.59\selenium-chrome-driver-3.141.59.jar:C:\Users\ASSiddesh\.m2\repository\org\seleniumhq\selenium\selenium-edge-driver\3.141.59\selenium-edge-driver-3.141.59.jar:C:\Users\ASSiddesh\.m2\repository\org\seleniumhq\selenium\selenium-firefox-driver\3.141.59\selenium-firefox-driver-3.141.59.jar:C:\Users\ASSiddesh\.m2\repository\org\seleniumhq\selenium\selenium-ie-driver\3.141.59\selenium-ie-driver-3.141.59.jar:C:\Users\ASSiddesh\.m2\repository\org\seleniumhq\selenium\selenium-opera-driver\3.141.59\selenium-opera-driver-3.141.59.jar:C:\Users\ASSiddesh\.m2\repository\org\seleniumhq\selenium\selenium-remote-driver\3.141.59\selenium-remote-driver-3.141.59.jar:C:\Users\ASSiddesh\.m2\repository\org\seleniumhq\selenium\selenium-safari-driver\3.141.59\selenium-safari-driver-3.141.59.jar:C:\Users\ASSiddesh\.m2\repository\org\seleniumhq\selenium\selenium-support\3.141.59\selenium-support-3.141.59.jar:C:\Users\ASSiddesh\.m2\repository\net\bytebuddy\byte-buddy\1.8.15\byte-buddy-1.8.15.jar:C:\Users\ASSiddesh\.m2\repository\org\apache\commons\commons-exec\1.3\commons-exec-1.3.jar:C:\Users\ASSiddesh\.m2\repository\com\google\guava\guava\25.0-jre\guava-25.0-jre.jar:C:\Users\ASSiddesh\.m2\repository\com\google\code\findbugs\jsr305\1.3.9\jsr305-1.3.9.jar:C:\Users\ASSiddesh\.m2\repository\org\checkerframework\checker-compat-qual\2.0.0\checker-compat-qual-2.0.0.jar:C:\Users\ASSiddesh\.m2\repository\com\google\errorprone\error_prone_annotations\2.1.3\error_prone_annotations-2.1.3.jar:C:\Users\ASSiddesh\.m2\repository\com\google\j2objc\j2objc-annotations\1.1\j2objc-annotations-1.1.jar:C:\Users\ASSiddesh\.m2\repository\org\codehaus\mojo\animal-sniffer-annotations\1.14\animal-sniffer-annotations-1.14.jar:C:\Users\ASSiddesh\.m2\repository\com\squareup\okhttp3\okhttp\3.11.0\okhttp-3.11.0.jar:C:\Users\ASSiddesh\.m2\repository\com\squareup\okio\okio\1.14.0\okio-1.14.0.jar:C:\Users\ASSiddesh\.m2\repository\org\testng\testng\7.4.0\testng-7.4.0.jar:C:\Users\ASSiddesh\.m2\repository\com\beust\jcommander\1.78\jcommander-1.78.jar:C:\Users\ASSiddesh\.m2\repository\org\webjars\jquery\3.5.1\jquery-3.5.1.jar org.testng.remote.RemoteTestNG -serport 64922 -protocol json -d C:\Users\ASSiddesh\eclipse-workspace\v\test-output C:\Users\ASSIDD~1\AppData\Local\Temp\testng-eclipse-264596155\testng-customsuite.xml

!ENTRY org.eclipse.m2e.logback.appender 2 0 2021-07-16 14:12:00.084
!MESSAGE Using platform encoding (Cp1252 actually) to copy filtered resources, i.e. build is platform dependent!

!ENTRY org.eclipse.m2e.logback.appender 2 0 2021-07-16 14:12:00.090
!MESSAGE Using platform encoding (Cp1252 actually) to copy filtered resources, i.e. build is platform dependent!

!ENTRY org.testng.eclipse 1 0 2021-07-16 14:12:00.940
!MESSAGE [TestNGLaunchConfigurationDelegate] Launching:
  Classpath: C:\Users\ASSiddesh\eclipse\java-2021-03\eclipse\configuration\org.eclipse.osgi\442\0\.cp\lib\testng-remote.jar C:\Users\ASSiddesh\eclipse-workspace\v\target\test-classes C:\Users\ASSiddesh\eclipse-workspace\v\target\classes C:\Users\ASSiddesh\.m2\repository\org\seleniumhq\selenium\selenium-java\3.141.59\selenium-java-3.141.59.jar C:\Users\ASSiddesh\.m2\repository\org\seleniumhq\selenium\selenium-api\3.141.59\selenium-api-3.141.59.jar C:\Users\ASSiddesh\.m2\repository\org\seleniumhq\selenium\selenium-chrome-driver\3.141.59\selenium-chrome-driver-3.141.59.jar C:\Users\ASSiddesh\.m2\repository\org\seleniumhq\selenium\selenium-edge-driver\3.141.59\selenium-edge-driver-3.141.59.jar C:\Users\ASSiddesh\.m2\repository\org\seleniumhq\selenium\selenium-firefox-driver\3.141.59\selenium-firefox-driver-3.141.59.jar C:\Users\ASSiddesh\.m2\repository\org\seleniumhq\selenium\selenium-ie-driver\3.141.59\selenium-ie-driver-3.141.59.jar C:\Users\ASSiddesh\.m2\repository\org\seleniumhq\selenium\selenium-opera-driver\3.141.59\selenium-opera-driver-3.141.59.jar C:\Users\ASSiddesh\.m2\repository\org\seleniumhq\selenium\selenium-remote-driver\3.141.59\selenium-remote-driver-3.141.59.jar C:\Users\ASSiddesh\.m2\repository\org\seleniumhq\selenium\selenium-safari-driver\3.141.59\selenium-safari-driver-3.141.59.jar C:\Users\ASSiddesh\.m2\repository\org\seleniumhq\selenium\selenium-support\3.141.59\selenium-support-3.141.59.jar C:\Users\ASSiddesh\.m2\repository\net\bytebuddy\byte-buddy\1.8.15\byte-buddy-1.8.15.jar C:\Users\ASSiddesh\.m2\repository\org\apache\commons\commons-exec\1.3\commons-exec-1.3.jar C:\Users\ASSiddesh\.m2\repository\com\google\guava\guava\25.0-jre\guava-25.0-jre.jar C:\Users\ASSiddesh\.m2\repository\com\google\code\findbugs\jsr305\1.3.9\jsr305-1.3.9.jar C:\Users\ASSiddesh\.m2\repository\org\checkerframework\checker-compat-qual\2.0.0\checker-compat-qual-2.0.0.jar C:\Users\ASSiddesh\.m2\repository\com\google\errorprone\error_prone_annotations\2.1.3\error_prone_annotations-2.1.3.jar C:\Users\ASSiddesh\.m2\repository\com\google\j2objc\j2objc-annotations\1.1\j2objc-annotations-1.1.jar C:\Users\ASSiddesh\.m2\repository\org\codehaus\mojo\animal-sniffer-annotations\1.14\animal-sniffer-annotations-1.14.jar C:\Users\ASSiddesh\.m2\repository\com\squareup\okhttp3\okhttp\3.11.0\okhttp-3.11.0.jar C:\Users\ASSiddesh\.m2\repository\com\squareup\okio\okio\1.14.0\okio-1.14.0.jar C:\Users\ASSiddesh\.m2\repository\org\testng\testng\7.4.0\testng-7.4.0.jar C:\Users\ASSiddesh\.m2\repository\com\beust\jcommander\1.78\jcommander-1.78.jar C:\Users\ASSiddesh\.m2\repository\org\webjars\jquery\3.5.1\jquery-3.5.1.jar
  VMArgs:    -ea
  Class:     org.testng.remote.RemoteTestNG
  Args:      -serport 53665 -protocol json -d C:\Users\ASSiddesh\eclipse-workspace\v\test-output C:\Users\ASSIDD~1\AppData\Local\Temp\testng-eclipse-125516268\testng-customsuite.xml
java -ea -classpath C:\Users\ASSiddesh\eclipse\java-2021-03\eclipse\configuration\org.eclipse.osgi\442\0\.cp\lib\testng-remote.jar:C:\Users\ASSiddesh\eclipse-workspace\v\target\test-classes:C:\Users\ASSiddesh\eclipse-workspace\v\target\classes:C:\Users\ASSiddesh\.m2\repository\org\seleniumhq\selenium\selenium-java\3.141.59\selenium-java-3.141.59.jar:C:\Users\ASSiddesh\.m2\repository\org\seleniumhq\selenium\selenium-api\3.141.59\selenium-api-3.141.59.jar:C:\Users\ASSiddesh\.m2\repository\org\seleniumhq\selenium\selenium-chrome-driver\3.141.59\selenium-chrome-driver-3.141.59.jar:C:\Users\ASSiddesh\.m2\repository\org\seleniumhq\selenium\selenium-edge-driver\3.141.59\selenium-edge-driver-3.141.59.jar:C:\Users\ASSiddesh\.m2\repository\org\seleniumhq\selenium\selenium-firefox-driver\3.141.59\selenium-firefox-driver-3.141.59.jar:C:\Users\ASSiddesh\.m2\repository\org\seleniumhq\selenium\selenium-ie-driver\3.141.59\selenium-ie-driver-3.141.59.jar:C:\Users\ASSiddesh\.m2\repository\org\seleniumhq\selenium\selenium-opera-driver\3.141.59\selenium-opera-driver-3.141.59.jar:C:\Users\ASSiddesh\.m2\repository\org\seleniumhq\selenium\selenium-remote-driver\3.141.59\selenium-remote-driver-3.141.59.jar:C:\Users\ASSiddesh\.m2\repository\org\seleniumhq\selenium\selenium-safari-driver\3.141.59\selenium-safari-driver-3.141.59.jar:C:\Users\ASSiddesh\.m2\repository\org\seleniumhq\selenium\selenium-support\3.141.59\selenium-support-3.141.59.jar:C:\Users\ASSiddesh\.m2\repository\net\bytebuddy\byte-buddy\1.8.15\byte-buddy-1.8.15.jar:C:\Users\ASSiddesh\.m2\repository\org\apache\commons\commons-exec\1.3\commons-exec-1.3.jar:C:\Users\ASSiddesh\.m2\repository\com\google\guava\guava\25.0-jre\guava-25.0-jre.jar:C:\Users\ASSiddesh\.m2\repository\com\google\code\findbugs\jsr305\1.3.9\jsr305-1.3.9.jar:C:\Users\ASSiddesh\.m2\repository\org\checkerframework\checker-compat-qual\2.0.0\checker-compat-qual-2.0.0.jar:C:\Users\ASSiddesh\.m2\repository\com\google\errorprone\error_prone_annotations\2.1.3\error_prone_annotations-2.1.3.jar:C:\Users\ASSiddesh\.m2\repository\com\google\j2objc\j2objc-annotations\1.1\j2objc-annotations-1.1.jar:C:\Users\ASSiddesh\.m2\repository\org\codehaus\mojo\animal-sniffer-annotations\1.14\animal-sniffer-annotations-1.14.jar:C:\Users\ASSiddesh\.m2\repository\com\squareup\okhttp3\okhttp\3.11.0\okhttp-3.11.0.jar:C:\Users\ASSiddesh\.m2\repository\com\squareup\okio\okio\1.14.0\okio-1.14.0.jar:C:\Users\ASSiddesh\.m2\repository\org\testng\testng\7.4.0\testng-7.4.0.jar:C:\Users\ASSiddesh\.m2\repository\com\beust\jcommander\1.78\jcommander-1.78.jar:C:\Users\ASSiddesh\.m2\repository\org\webjars\jquery\3.5.1\jquery-3.5.1.jar org.testng.remote.RemoteTestNG -serport 53665 -protocol json -d C:\Users\ASSiddesh\eclipse-workspace\v\test-output C:\Users\ASSIDD~1\AppData\Local\Temp\testng-eclipse-125516268\testng-customsuite.xml

!ENTRY org.eclipse.m2e.logback.appender 2 0 2021-07-16 16:10:21.537
!MESSAGE Using platform encoding (Cp1252 actually) to copy filtered resources, i.e. build is platform dependent!

!ENTRY org.eclipse.m2e.logback.appender 2 0 2021-07-16 16:10:21.544
!MESSAGE Using platform encoding (Cp1252 actually) to copy filtered resources, i.e. build is platform dependent!

!ENTRY org.eclipse.m2e.logback.appender 2 0 2021-07-16 16:11:16.983
!MESSAGE Using platform encoding (Cp1252 actually) to copy filtered resources, i.e. build is platform dependent!

!ENTRY org.eclipse.m2e.logback.appender 2 0 2021-07-16 16:11:16.986
!MESSAGE Using platform encoding (Cp1252 actually) to copy filtered resources, i.e. build is platform dependent!

!ENTRY org.eclipse.m2e.logback.appender 2 0 2021-07-16 16:11:47.881
!MESSAGE Using platform encoding (Cp1252 actually) to copy filtered resources, i.e. build is platform dependent!

!ENTRY org.eclipse.m2e.logback.appender 2 0 2021-07-16 16:11:47.889
!MESSAGE Using platform encoding (Cp1252 actually) to copy filtered resources, i.e. build is platform dependent!

!ENTRY org.eclipse.m2e.logback.appender 2 0 2021-07-16 16:11:50.799
!MESSAGE Using platform encoding (Cp1252 actually) to copy filtered resources, i.e. build is platform dependent!

!ENTRY org.eclipse.m2e.logback.appender 2 0 2021-07-16 16:11:50.801
!MESSAGE Using platform encoding (Cp1252 actually) to copy filtered resources, i.e. build is platform dependent!

!ENTRY org.testng.eclipse 1 0 2021-07-16 16:12:14.401
!MESSAGE [TestNGLaunchConfigurationDelegate] Launching:
  Classpath: C:\Users\ASSiddesh\eclipse\java-2021-03\eclipse\configuration\org.eclipse.osgi\442\0\.cp\lib\testng-remote.jar C:\Users\ASSiddesh\eclipse-workspace\v\target\test-classes C:\Users\ASSiddesh\eclipse-workspace\v\target\classes C:\Users\ASSiddesh\.m2\repository\org\seleniumhq\selenium\selenium-java\3.141.59\selenium-java-3.141.59.jar C:\Users\ASSiddesh\.m2\repository\org\seleniumhq\selenium\selenium-api\3.141.59\selenium-api-3.141.59.jar C:\Users\ASSiddesh\.m2\repository\org\seleniumhq\selenium\selenium-chrome-driver\3.141.59\selenium-chrome-driver-3.141.59.jar C:\Users\ASSiddesh\.m2\repository\org\seleniumhq\selenium\selenium-edge-driver\3.141.59\selenium-edge-driver-3.141.59.jar C:\Users\ASSiddesh\.m2\repository\org\seleniumhq\selenium\selenium-firefox-driver\3.141.59\selenium-firefox-driver-3.141.59.jar C:\Users\ASSiddesh\.m2\repository\org\seleniumhq\selenium\selenium-ie-driver\3.141.59\selenium-ie-driver-3.141.59.jar C:\Users\ASSiddesh\.m2\repository\org\seleniumhq\selenium\selenium-opera-driver\3.141.59\selenium-opera-driver-3.141.59.jar C:\Users\ASSiddesh\.m2\repository\org\seleniumhq\selenium\selenium-remote-driver\3.141.59\selenium-remote-driver-3.141.59.jar C:\Users\ASSiddesh\.m2\repository\org\seleniumhq\selenium\selenium-safari-driver\3.141.59\selenium-safari-driver-3.141.59.jar C:\Users\ASSiddesh\.m2\repository\org\seleniumhq\selenium\selenium-support\3.141.59\selenium-support-3.141.59.jar C:\Users\ASSiddesh\.m2\repository\net\bytebuddy\byte-buddy\1.8.15\byte-buddy-1.8.15.jar C:\Users\ASSiddesh\.m2\repository\org\apache\commons\commons-exec\1.3\commons-exec-1.3.jar C:\Users\ASSiddesh\.m2\repository\com\google\guava\guava\25.0-jre\guava-25.0-jre.jar C:\Users\ASSiddesh\.m2\repository\com\google\code\findbugs\jsr305\1.3.9\jsr305-1.3.9.jar C:\Users\ASSiddesh\.m2\repository\org\checkerframework\checker-compat-qual\2.0.0\checker-compat-qual-2.0.0.jar C:\Users\ASSiddesh\.m2\repository\com\google\errorprone\error_prone_annotations\2.1.3\error_prone_annotations-2.1.3.jar C:\Users\ASSiddesh\.m2\repository\com\google\j2objc\j2objc-annotations\1.1\j2objc-annotations-1.1.jar C:\Users\ASSiddesh\.m2\repository\org\codehaus\mojo\animal-sniffer-annotations\1.14\animal-sniffer-annotations-1.14.jar C:\Users\ASSiddesh\.m2\repository\com\squareup\okhttp3\okhttp\3.11.0\okhttp-3.11.0.jar C:\Users\ASSiddesh\.m2\repository\com\squareup\okio\okio\1.14.0\okio-1.14.0.jar C:\Users\ASSiddesh\.m2\repository\org\testng\testng\7.4.0\testng-7.4.0.jar C:\Users\ASSiddesh\.m2\repository\com\beust\jcommander\1.78\jcommander-1.78.jar C:\Users\ASSiddesh\.m2\repository\org\webjars\jquery\3.5.1\jquery-3.5.1.jar
  VMArgs:    -ea
  Class:     org.testng.remote.RemoteTestNG
  Args:      -serport 52109 -protocol json -d C:\Users\ASSiddesh\eclipse-workspace\v\test-output C:\Users\ASSIDD~1\AppData\Local\Temp\testng-eclipse-863516014\testng-customsuite.xml
java -ea -classpath C:\Users\ASSiddesh\eclipse\java-2021-03\eclipse\configuration\org.eclipse.osgi\442\0\.cp\lib\testng-remote.jar:C:\Users\ASSiddesh\eclipse-workspace\v\target\test-classes:C:\Users\ASSiddesh\eclipse-workspace\v\target\classes:C:\Users\ASSiddesh\.m2\repository\org\seleniumhq\selenium\selenium-java\3.141.59\selenium-java-3.141.59.jar:C:\Users\ASSiddesh\.m2\repository\org\seleniumhq\selenium\selenium-api\3.141.59\selenium-api-3.141.59.jar:C:\Users\ASSiddesh\.m2\repository\org\seleniumhq\selenium\selenium-chrome-driver\3.141.59\selenium-chrome-driver-3.141.59.jar:C:\Users\ASSiddesh\.m2\repository\org\seleniumhq\selenium\selenium-edge-driver\3.141.59\selenium-edge-driver-3.141.59.jar:C:\Users\ASSiddesh\.m2\repository\org\seleniumhq\selenium\selenium-firefox-driver\3.141.59\selenium-firefox-driver-3.141.59.jar:C:\Users\ASSiddesh\.m2\repository\org\seleniumhq\selenium\selenium-ie-driver\3.141.59\selenium-ie-driver-3.141.59.jar:C:\Users\ASSiddesh\.m2\repository\org\seleniumhq\selenium\selenium-opera-driver\3.141.59\selenium-opera-driver-3.141.59.jar:C:\Users\ASSiddesh\.m2\repository\org\seleniumhq\selenium\selenium-remote-driver\3.141.59\selenium-remote-driver-3.141.59.jar:C:\Users\ASSiddesh\.m2\repository\org\seleniumhq\selenium\selenium-safari-driver\3.141.59\selenium-safari-driver-3.141.59.jar:C:\Users\ASSiddesh\.m2\repository\org\seleniumhq\selenium\selenium-support\3.141.59\selenium-support-3.141.59.jar:C:\Users\ASSiddesh\.m2\repository\net\bytebuddy\byte-buddy\1.8.15\byte-buddy-1.8.15.jar:C:\Users\ASSiddesh\.m2\repository\org\apache\commons\commons-exec\1.3\commons-exec-1.3.jar:C:\Users\ASSiddesh\.m2\repository\com\google\guava\guava\25.0-jre\guava-25.0-jre.jar:C:\Users\ASSiddesh\.m2\repository\com\google\code\findbugs\jsr305\1.3.9\jsr305-1.3.9.jar:C:\Users\ASSiddesh\.m2\repository\org\checkerframework\checker-compat-qual\2.0.0\checker-compat-qual-2.0.0.jar:C:\Users\ASSiddesh\.m2\repository\com\google\errorprone\error_prone_annotations\2.1.3\error_prone_annotations-2.1.3.jar:C:\Users\ASSiddesh\.m2\repository\com\google\j2objc\j2objc-annotations\1.1\j2objc-annotations-1.1.jar:C:\Users\ASSiddesh\.m2\repository\org\codehaus\mojo\animal-sniffer-annotations\1.14\animal-sniffer-annotations-1.14.jar:C:\Users\ASSiddesh\.m2\repository\com\squareup\okhttp3\okhttp\3.11.0\okhttp-3.11.0.jar:C:\Users\ASSiddesh\.m2\repository\com\squareup\okio\okio\1.14.0\okio-1.14.0.jar:C:\Users\ASSiddesh\.m2\repository\org\testng\testng\7.4.0\testng-7.4.0.jar:C:\Users\ASSiddesh\.m2\repository\com\beust\jcommander\1.78\jcommander-1.78.jar:C:\Users\ASSiddesh\.m2\repository\org\webjars\jquery\3.5.1\jquery-3.5.1.jar org.testng.remote.RemoteTestNG -serport 52109 -protocol json -d C:\Users\ASSiddesh\eclipse-workspace\v\test-output C:\Users\ASSIDD~1\AppData\Local\Temp\testng-eclipse-863516014\testng-customsuite.xml

!ENTRY org.eclipse.m2e.logback.appender 2 0 2021-07-16 16:13:00.730
!MESSAGE Using platform encoding (Cp1252 actually) to copy filtered resources, i.e. build is platform dependent!

!ENTRY org.eclipse.m2e.logback.appender 2 0 2021-07-16 16:13:00.733
!MESSAGE Using platform encoding (Cp1252 actually) to copy filtered resources, i.e. build is platform dependent!

!ENTRY org.eclipse.m2e.logback.appender 2 0 2021-07-16 16:14:32.955
!MESSAGE Using platform encoding (Cp1252 actually) to copy filtered resources, i.e. build is platform dependent!

!ENTRY org.eclipse.m2e.logback.appender 2 0 2021-07-16 16:14:32.957
!MESSAGE Using platform encoding (Cp1252 actually) to copy filtered resources, i.e. build is platform dependent!

!ENTRY org.eclipse.m2e.logback.appender 2 0 2021-07-16 16:15:12.031
!MESSAGE Using platform encoding (Cp1252 actually) to copy filtered resources, i.e. build is platform dependent!

!ENTRY org.eclipse.m2e.logback.appender 2 0 2021-07-16 16:15:12.034
!MESSAGE Using platform encoding (Cp1252 actually) to copy filtered resources, i.e. build is platform dependent!

!ENTRY org.eclipse.m2e.logback.appender 2 0 2021-07-16 16:16:19.479
!MESSAGE Using platform encoding (Cp1252 actually) to copy filtered resources, i.e. build is platform dependent!

!ENTRY org.eclipse.m2e.logback.appender 2 0 2021-07-16 16:16:19.482
!MESSAGE Using platform encoding (Cp1252 actually) to copy filtered resources, i.e. build is platform dependent!

!ENTRY org.eclipse.m2e.logback.appender 2 0 2021-07-16 16:16:38.267
!MESSAGE Using platform encoding (Cp1252 actually) to copy filtered resources, i.e. build is platform dependent!

!ENTRY org.eclipse.m2e.logback.appender 2 0 2021-07-16 16:16:38.269
!MESSAGE Using platform encoding (Cp1252 actually) to copy filtered resources, i.e. build is platform dependent!

!ENTRY org.eclipse.m2e.logback.appender 2 0 2021-07-16 16:17:29.264
!MESSAGE Using platform encoding (Cp1252 actually) to copy filtered resources, i.e. build is platform dependent!

!ENTRY org.eclipse.m2e.logback.appender 2 0 2021-07-16 16:17:29.269
!MESSAGE Using platform encoding (Cp1252 actually) to copy filtered resources, i.e. build is platform dependent!

!ENTRY org.eclipse.m2e.logback.appender 2 0 2021-07-16 16:17:51.665
!MESSAGE Using platform encoding (Cp1252 actually) to copy filtered resources, i.e. build is platform dependent!

!ENTRY org.eclipse.m2e.logback.appender 2 0 2021-07-16 16:17:51.671
!MESSAGE Using platform encoding (Cp1252 actually) to copy filtered resources, i.e. build is platform dependent!

!ENTRY org.testng.eclipse 1 0 2021-07-16 16:17:52.412
!MESSAGE [TestNGLaunchConfigurationDelegate] Launching:
  Classpath: C:\Users\ASSiddesh\eclipse\java-2021-03\eclipse\configuration\org.eclipse.osgi\442\0\.cp\lib\testng-remote.jar C:\Users\ASSiddesh\eclipse-workspace\v\target\test-classes C:\Users\ASSiddesh\eclipse-workspace\v\target\classes C:\Users\ASSiddesh\.m2\repository\org\seleniumhq\selenium\selenium-java\3.141.59\selenium-java-3.141.59.jar C:\Users\ASSiddesh\.m2\repository\org\seleniumhq\selenium\selenium-api\3.141.59\selenium-api-3.141.59.jar C:\Users\ASSiddesh\.m2\repository\org\seleniumhq\selenium\selenium-chrome-driver\3.141.59\selenium-chrome-driver-3.141.59.jar C:\Users\ASSiddesh\.m2\repository\org\seleniumhq\selenium\selenium-edge-driver\3.141.59\selenium-edge-driver-3.141.59.jar C:\Users\ASSiddesh\.m2\repository\org\seleniumhq\selenium\selenium-firefox-driver\3.141.59\selenium-firefox-driver-3.141.59.jar C:\Users\ASSiddesh\.m2\repository\org\seleniumhq\selenium\selenium-ie-driver\3.141.59\selenium-ie-driver-3.141.59.jar C:\Users\ASSiddesh\.m2\repository\org\seleniumhq\selenium\selenium-opera-driver\3.141.59\selenium-opera-driver-3.141.59.jar C:\Users\ASSiddesh\.m2\repository\org\seleniumhq\selenium\selenium-remote-driver\3.141.59\selenium-remote-driver-3.141.59.jar C:\Users\ASSiddesh\.m2\repository\org\seleniumhq\selenium\selenium-safari-driver\3.141.59\selenium-safari-driver-3.141.59.jar C:\Users\ASSiddesh\.m2\repository\org\seleniumhq\selenium\selenium-support\3.141.59\selenium-support-3.141.59.jar C:\Users\ASSiddesh\.m2\repository\net\bytebuddy\byte-buddy\1.8.15\byte-buddy-1.8.15.jar C:\Users\ASSiddesh\.m2\repository\org\apache\commons\commons-exec\1.3\commons-exec-1.3.jar C:\Users\ASSiddesh\.m2\repository\com\google\guava\guava\25.0-jre\guava-25.0-jre.jar C:\Users\ASSiddesh\.m2\repository\com\google\code\findbugs\jsr305\1.3.9\jsr305-1.3.9.jar C:\Users\ASSiddesh\.m2\repository\org\checkerframework\checker-compat-qual\2.0.0\checker-compat-qual-2.0.0.jar C:\Users\ASSiddesh\.m2\repository\com\google\errorprone\error_prone_annotations\2.1.3\error_prone_annotations-2.1.3.jar C:\Users\ASSiddesh\.m2\repository\com\google\j2objc\j2objc-annotations\1.1\j2objc-annotations-1.1.jar C:\Users\ASSiddesh\.m2\repository\org\codehaus\mojo\animal-sniffer-annotations\1.14\animal-sniffer-annotations-1.14.jar C:\Users\ASSiddesh\.m2\repository\com\squareup\okhttp3\okhttp\3.11.0\okhttp-3.11.0.jar C:\Users\ASSiddesh\.m2\repository\com\squareup\okio\okio\1.14.0\okio-1.14.0.jar C:\Users\ASSiddesh\.m2\repository\org\testng\testng\7.4.0\testng-7.4.0.jar C:\Users\ASSiddesh\.m2\repository\com\beust\jcommander\1.78\jcommander-1.78.jar C:\Users\ASSiddesh\.m2\repository\org\webjars\jquery\3.5.1\jquery-3.5.1.jar
  VMArgs:    -ea
  Class:     org.testng.remote.RemoteTestNG
  Args:      -serport 51937 -protocol json -d C:\Users\ASSiddesh\eclipse-workspace\v\test-output C:\Users\ASSIDD~1\AppData\Local\Temp\testng-eclipse-1402671817\testng-customsuite.xml
java -ea -classpath C:\Users\ASSiddesh\eclipse\java-2021-03\eclipse\configuration\org.eclipse.osgi\442\0\.cp\lib\testng-remote.jar:C:\Users\ASSiddesh\eclipse-workspace\v\target\test-classes:C:\Users\ASSiddesh\eclipse-workspace\v\target\classes:C:\Users\ASSiddesh\.m2\repository\org\seleniumhq\selenium\selenium-java\3.141.59\selenium-java-3.141.59.jar:C:\Users\ASSiddesh\.m2\repository\org\seleniumhq\selenium\selenium-api\3.141.59\selenium-api-3.141.59.jar:C:\Users\ASSiddesh\.m2\repository\org\seleniumhq\selenium\selenium-chrome-driver\3.141.59\selenium-chrome-driver-3.141.59.jar:C:\Users\ASSiddesh\.m2\repository\org\seleniumhq\selenium\selenium-edge-driver\3.141.59\selenium-edge-driver-3.141.59.jar:C:\Users\ASSiddesh\.m2\repository\org\seleniumhq\selenium\selenium-firefox-driver\3.141.59\selenium-firefox-driver-3.141.59.jar:C:\Users\ASSiddesh\.m2\repository\org\seleniumhq\selenium\selenium-ie-driver\3.141.59\selenium-ie-driver-3.141.59.jar:C:\Users\ASSiddesh\.m2\repository\org\seleniumhq\selenium\selenium-opera-driver\3.141.59\selenium-opera-driver-3.141.59.jar:C:\Users\ASSiddesh\.m2\repository\org\seleniumhq\selenium\selenium-remote-driver\3.141.59\selenium-remote-driver-3.141.59.jar:C:\Users\ASSiddesh\.m2\repository\org\seleniumhq\selenium\selenium-safari-driver\3.141.59\selenium-safari-driver-3.141.59.jar:C:\Users\ASSiddesh\.m2\repository\org\seleniumhq\selenium\selenium-support\3.141.59\selenium-support-3.141.59.jar:C:\Users\ASSiddesh\.m2\repository\net\bytebuddy\byte-buddy\1.8.15\byte-buddy-1.8.15.jar:C:\Users\ASSiddesh\.m2\repository\org\apache\commons\commons-exec\1.3\commons-exec-1.3.jar:C:\Users\ASSiddesh\.m2\repository\com\google\guava\guava\25.0-jre\guava-25.0-jre.jar:C:\Users\ASSiddesh\.m2\repository\com\google\code\findbugs\jsr305\1.3.9\jsr305-1.3.9.jar:C:\Users\ASSiddesh\.m2\repository\org\checkerframework\checker-compat-qual\2.0.0\checker-compat-qual-2.0.0.jar:C:\Users\ASSiddesh\.m2\repository\com\google\errorprone\error_prone_annotations\2.1.3\error_prone_annotations-2.1.3.jar:C:\Users\ASSiddesh\.m2\repository\com\google\j2objc\j2objc-annotations\1.1\j2objc-annotations-1.1.jar:C:\Users\ASSiddesh\.m2\repository\org\codehaus\mojo\animal-sniffer-annotations\1.14\animal-sniffer-annotations-1.14.jar:C:\Users\ASSiddesh\.m2\repository\com\squareup\okhttp3\okhttp\3.11.0\okhttp-3.11.0.jar:C:\Users\ASSiddesh\.m2\repository\com\squareup\okio\okio\1.14.0\okio-1.14.0.jar:C:\Users\ASSiddesh\.m2\repository\org\testng\testng\7.4.0\testng-7.4.0.jar:C:\Users\ASSiddesh\.m2\repository\com\beust\jcommander\1.78\jcommander-1.78.jar:C:\Users\ASSiddesh\.m2\repository\org\webjars\jquery\3.5.1\jquery-3.5.1.jar org.testng.remote.RemoteTestNG -serport 51937 -protocol json -d C:\Users\ASSiddesh\eclipse-workspace\v\test-output C:\Users\ASSIDD~1\AppData\Local\Temp\testng-eclipse-1402671817\testng-customsuite.xml

!ENTRY org.testng.eclipse 1 0 2021-07-16 16:18:07.513
!MESSAGE [TestNGLaunchConfigurationDelegate] Launching:
  Classpath: C:\Users\ASSiddesh\eclipse\java-2021-03\eclipse\configuration\org.eclipse.osgi\442\0\.cp\lib\testng-remote.jar C:\Users\ASSiddesh\eclipse-workspace\v\target\test-classes C:\Users\ASSiddesh\eclipse-workspace\v\target\classes C:\Users\ASSiddesh\.m2\repository\org\seleniumhq\selenium\selenium-java\3.141.59\selenium-java-3.141.59.jar C:\Users\ASSiddesh\.m2\repository\org\seleniumhq\selenium\selenium-api\3.141.59\selenium-api-3.141.59.jar C:\Users\ASSiddesh\.m2\repository\org\seleniumhq\selenium\selenium-chrome-driver\3.141.59\selenium-chrome-driver-3.141.59.jar C:\Users\ASSiddesh\.m2\repository\org\seleniumhq\selenium\selenium-edge-driver\3.141.59\selenium-edge-driver-3.141.59.jar C:\Users\ASSiddesh\.m2\repository\org\seleniumhq\selenium\selenium-firefox-driver\3.141.59\selenium-firefox-driver-3.141.59.jar C:\Users\ASSiddesh\.m2\repository\org\seleniumhq\selenium\selenium-ie-driver\3.141.59\selenium-ie-driver-3.141.59.jar C:\Users\ASSiddesh\.m2\repository\org\seleniumhq\selenium\selenium-opera-driver\3.141.59\selenium-opera-driver-3.141.59.jar C:\Users\ASSiddesh\.m2\repository\org\seleniumhq\selenium\selenium-remote-driver\3.141.59\selenium-remote-driver-3.141.59.jar C:\Users\ASSiddesh\.m2\repository\org\seleniumhq\selenium\selenium-safari-driver\3.141.59\selenium-safari-driver-3.141.59.jar C:\Users\ASSiddesh\.m2\repository\org\seleniumhq\selenium\selenium-support\3.141.59\selenium-support-3.141.59.jar C:\Users\ASSiddesh\.m2\repository\net\bytebuddy\byte-buddy\1.8.15\byte-buddy-1.8.15.jar C:\Users\ASSiddesh\.m2\repository\org\apache\commons\commons-exec\1.3\commons-exec-1.3.jar C:\Users\ASSiddesh\.m2\repository\com\google\guava\guava\25.0-jre\guava-25.0-jre.jar C:\Users\ASSiddesh\.m2\repository\com\google\code\findbugs\jsr305\1.3.9\jsr305-1.3.9.jar C:\Users\ASSiddesh\.m2\repository\org\checkerframework\checker-compat-qual\2.0.0\checker-compat-qual-2.0.0.jar C:\Users\ASSiddesh\.m2\repository\com\google\errorprone\error_prone_annotations\2.1.3\error_prone_annotations-2.1.3.jar C:\Users\ASSiddesh\.m2\repository\com\google\j2objc\j2objc-annotations\1.1\j2objc-annotations-1.1.jar C:\Users\ASSiddesh\.m2\repository\org\codehaus\mojo\animal-sniffer-annotations\1.14\animal-sniffer-annotations-1.14.jar C:\Users\ASSiddesh\.m2\repository\com\squareup\okhttp3\okhttp\3.11.0\okhttp-3.11.0.jar C:\Users\ASSiddesh\.m2\repository\com\squareup\okio\okio\1.14.0\okio-1.14.0.jar C:\Users\ASSiddesh\.m2\repository\org\testng\testng\7.4.0\testng-7.4.0.jar C:\Users\ASSiddesh\.m2\repository\com\beust\jcommander\1.78\jcommander-1.78.jar C:\Users\ASSiddesh\.m2\repository\org\webjars\jquery\3.5.1\jquery-3.5.1.jar
  VMArgs:    -ea
  Class:     org.testng.remote.RemoteTestNG
  Args:      -serport 51939 -protocol json -d C:\Users\ASSiddesh\eclipse-workspace\v\test-output C:\Users\ASSIDD~1\AppData\Local\Temp\testng-eclipse-516979849\testng-customsuite.xml
java -ea -classpath C:\Users\ASSiddesh\eclipse\java-2021-03\eclipse\configuration\org.eclipse.osgi\442\0\.cp\lib\testng-remote.jar:C:\Users\ASSiddesh\eclipse-workspace\v\target\test-classes:C:\Users\ASSiddesh\eclipse-workspace\v\target\classes:C:\Users\ASSiddesh\.m2\repository\org\seleniumhq\selenium\selenium-java\3.141.59\selenium-java-3.141.59.jar:C:\Users\ASSiddesh\.m2\repository\org\seleniumhq\selenium\selenium-api\3.141.59\selenium-api-3.141.59.jar:C:\Users\ASSiddesh\.m2\repository\org\seleniumhq\selenium\selenium-chrome-driver\3.141.59\selenium-chrome-driver-3.141.59.jar:C:\Users\ASSiddesh\.m2\repository\org\seleniumhq\selenium\selenium-edge-driver\3.141.59\selenium-edge-driver-3.141.59.jar:C:\Users\ASSiddesh\.m2\repository\org\seleniumhq\selenium\selenium-firefox-driver\3.141.59\selenium-firefox-driver-3.141.59.jar:C:\Users\ASSiddesh\.m2\repository\org\seleniumhq\selenium\selenium-ie-driver\3.141.59\selenium-ie-driver-3.141.59.jar:C:\Users\ASSiddesh\.m2\repository\org\seleniumhq\selenium\selenium-opera-driver\3.141.59\selenium-opera-driver-3.141.59.jar:C:\Users\ASSiddesh\.m2\repository\org\seleniumhq\selenium\selenium-remote-driver\3.141.59\selenium-remote-driver-3.141.59.jar:C:\Users\ASSiddesh\.m2\repository\org\seleniumhq\selenium\selenium-safari-driver\3.141.59\selenium-safari-driver-3.141.59.jar:C:\Users\ASSiddesh\.m2\repository\org\seleniumhq\selenium\selenium-support\3.141.59\selenium-support-3.141.59.jar:C:\Users\ASSiddesh\.m2\repository\net\bytebuddy\byte-buddy\1.8.15\byte-buddy-1.8.15.jar:C:\Users\ASSiddesh\.m2\repository\org\apache\commons\commons-exec\1.3\commons-exec-1.3.jar:C:\Users\ASSiddesh\.m2\repository\com\google\guava\guava\25.0-jre\guava-25.0-jre.jar:C:\Users\ASSiddesh\.m2\repository\com\google\code\findbugs\jsr305\1.3.9\jsr305-1.3.9.jar:C:\Users\ASSiddesh\.m2\repository\org\checkerframework\checker-compat-qual\2.0.0\checker-compat-qual-2.0.0.jar:C:\Users\ASSiddesh\.m2\repository\com\google\errorprone\error_prone_annotations\2.1.3\error_prone_annotations-2.1.3.jar:C:\Users\ASSiddesh\.m2\repository\com\google\j2objc\j2objc-annotations\1.1\j2objc-annotations-1.1.jar:C:\Users\ASSiddesh\.m2\repository\org\codehaus\mojo\animal-sniffer-annotations\1.14\animal-sniffer-annotations-1.14.jar:C:\Users\ASSiddesh\.m2\repository\com\squareup\okhttp3\okhttp\3.11.0\okhttp-3.11.0.jar:C:\Users\ASSiddesh\.m2\repository\com\squareup\okio\okio\1.14.0\okio-1.14.0.jar:C:\Users\ASSiddesh\.m2\repository\org\testng\testng\7.4.0\testng-7.4.0.jar:C:\Users\ASSiddesh\.m2\repository\com\beust\jcommander\1.78\jcommander-1.78.jar:C:\Users\ASSiddesh\.m2\repository\org\webjars\jquery\3.5.1\jquery-3.5.1.jar org.testng.remote.RemoteTestNG -serport 51939 -protocol json -d C:\Users\ASSiddesh\eclipse-workspace\v\test-output C:\Users\ASSIDD~1\AppData\Local\Temp\testng-eclipse-516979849\testng-customsuite.xml

!ENTRY org.testng.eclipse 1 0 2021-07-16 16:18:22.808
!MESSAGE [TestNGLaunchConfigurationDelegate] Launching:
  Classpath: C:\Users\ASSiddesh\eclipse\java-2021-03\eclipse\configuration\org.eclipse.osgi\442\0\.cp\lib\testng-remote.jar C:\Users\ASSiddesh\eclipse-workspace\v\target\test-classes C:\Users\ASSiddesh\eclipse-workspace\v\target\classes C:\Users\ASSiddesh\.m2\repository\org\seleniumhq\selenium\selenium-java\3.141.59\selenium-java-3.141.59.jar C:\Users\ASSiddesh\.m2\repository\org\seleniumhq\selenium\selenium-api\3.141.59\selenium-api-3.141.59.jar C:\Users\ASSiddesh\.m2\repository\org\seleniumhq\selenium\selenium-chrome-driver\3.141.59\selenium-chrome-driver-3.141.59.jar C:\Users\ASSiddesh\.m2\repository\org\seleniumhq\selenium\selenium-edge-driver\3.141.59\selenium-edge-driver-3.141.59.jar C:\Users\ASSiddesh\.m2\repository\org\seleniumhq\selenium\selenium-firefox-driver\3.141.59\selenium-firefox-driver-3.141.59.jar C:\Users\ASSiddesh\.m2\repository\org\seleniumhq\selenium\selenium-ie-driver\3.141.59\selenium-ie-driver-3.141.59.jar C:\Users\ASSiddesh\.m2\repository\org\seleniumhq\selenium\selenium-opera-driver\3.141.59\selenium-opera-driver-3.141.59.jar C:\Users\ASSiddesh\.m2\repository\org\seleniumhq\selenium\selenium-remote-driver\3.141.59\selenium-remote-driver-3.141.59.jar C:\Users\ASSiddesh\.m2\repository\org\seleniumhq\selenium\selenium-safari-driver\3.141.59\selenium-safari-driver-3.141.59.jar C:\Users\ASSiddesh\.m2\repository\org\seleniumhq\selenium\selenium-support\3.141.59\selenium-support-3.141.59.jar C:\Users\ASSiddesh\.m2\repository\net\bytebuddy\byte-buddy\1.8.15\byte-buddy-1.8.15.jar C:\Users\ASSiddesh\.m2\repository\org\apache\commons\commons-exec\1.3\commons-exec-1.3.jar C:\Users\ASSiddesh\.m2\repository\com\google\guava\guava\25.0-jre\guava-25.0-jre.jar C:\Users\ASSiddesh\.m2\repository\com\google\code\findbugs\jsr305\1.3.9\jsr305-1.3.9.jar C:\Users\ASSiddesh\.m2\repository\org\checkerframework\checker-compat-qual\2.0.0\checker-compat-qual-2.0.0.jar C:\Users\ASSiddesh\.m2\repository\com\google\errorprone\error_prone_annotations\2.1.3\error_prone_annotations-2.1.3.jar C:\Users\ASSiddesh\.m2\repository\com\google\j2objc\j2objc-annotations\1.1\j2objc-annotations-1.1.jar C:\Users\ASSiddesh\.m2\repository\org\codehaus\mojo\animal-sniffer-annotations\1.14\animal-sniffer-annotations-1.14.jar C:\Users\ASSiddesh\.m2\repository\com\squareup\okhttp3\okhttp\3.11.0\okhttp-3.11.0.jar C:\Users\ASSiddesh\.m2\repository\com\squareup\okio\okio\1.14.0\okio-1.14.0.jar C:\Users\ASSiddesh\.m2\repository\org\testng\testng\7.4.0\testng-7.4.0.jar C:\Users\ASSiddesh\.m2\repository\com\beust\jcommander\1.78\jcommander-1.78.jar C:\Users\ASSiddesh\.m2\repository\org\webjars\jquery\3.5.1\jquery-3.5.1.jar
  VMArgs:    -ea
  Class:     org.testng.remote.RemoteTestNG
  Args:      -serport 49676 -protocol json -d C:\Users\ASSiddesh\eclipse-workspace\v\test-output C:\Users\ASSIDD~1\AppData\Local\Temp\testng-eclipse--1085868745\testng-customsuite.xml
java -ea -classpath C:\Users\ASSiddesh\eclipse\java-2021-03\eclipse\configuration\org.eclipse.osgi\442\0\.cp\lib\testng-remote.jar:C:\Users\ASSiddesh\eclipse-workspace\v\target\test-classes:C:\Users\ASSiddesh\eclipse-workspace\v\target\classes:C:\Users\ASSiddesh\.m2\repository\org\seleniumhq\selenium\selenium-java\3.141.59\selenium-java-3.141.59.jar:C:\Users\ASSiddesh\.m2\repository\org\seleniumhq\selenium\selenium-api\3.141.59\selenium-api-3.141.59.jar:C:\Users\ASSiddesh\.m2\repository\org\seleniumhq\selenium\selenium-chrome-driver\3.141.59\selenium-chrome-driver-3.141.59.jar:C:\Users\ASSiddesh\.m2\repository\org\seleniumhq\selenium\selenium-edge-driver\3.141.59\selenium-edge-driver-3.141.59.jar:C:\Users\ASSiddesh\.m2\repository\org\seleniumhq\selenium\selenium-firefox-driver\3.141.59\selenium-firefox-driver-3.141.59.jar:C:\Users\ASSiddesh\.m2\repository\org\seleniumhq\selenium\selenium-ie-driver\3.141.59\selenium-ie-driver-3.141.59.jar:C:\Users\ASSiddesh\.m2\repository\org\seleniumhq\selenium\selenium-opera-driver\3.141.59\selenium-opera-driver-3.141.59.jar:C:\Users\ASSiddesh\.m2\repository\org\seleniumhq\selenium\selenium-remote-driver\3.141.59\selenium-remote-driver-3.141.59.jar:C:\Users\ASSiddesh\.m2\repository\org\seleniumhq\selenium\selenium-safari-driver\3.141.59\selenium-safari-driver-3.141.59.jar:C:\Users\ASSiddesh\.m2\repository\org\seleniumhq\selenium\selenium-support\3.141.59\selenium-support-3.141.59.jar:C:\Users\ASSiddesh\.m2\repository\net\bytebuddy\byte-buddy\1.8.15\byte-buddy-1.8.15.jar:C:\Users\ASSiddesh\.m2\repository\org\apache\commons\commons-exec\1.3\commons-exec-1.3.jar:C:\Users\ASSiddesh\.m2\repository\com\google\guava\guava\25.0-jre\guava-25.0-jre.jar:C:\Users\ASSiddesh\.m2\repository\com\google\code\findbugs\jsr305\1.3.9\jsr305-1.3.9.jar:C:\Users\ASSiddesh\.m2\repository\org\checkerframework\checker-compat-qual\2.0.0\checker-compat-qual-2.0.0.jar:C:\Users\ASSiddesh\.m2\repository\com\google\errorprone\error_prone_annotations\2.1.3\error_prone_annotations-2.1.3.jar:C:\Users\ASSiddesh\.m2\repository\com\google\j2objc\j2objc-annotations\1.1\j2objc-annotations-1.1.jar:C:\Users\ASSiddesh\.m2\repository\org\codehaus\mojo\animal-sniffer-annotations\1.14\animal-sniffer-annotations-1.14.jar:C:\Users\ASSiddesh\.m2\repository\com\squareup\okhttp3\okhttp\3.11.0\okhttp-3.11.0.jar:C:\Users\ASSiddesh\.m2\repository\com\squareup\okio\okio\1.14.0\okio-1.14.0.jar:C:\Users\ASSiddesh\.m2\repository\org\testng\testng\7.4.0\testng-7.4.0.jar:C:\Users\ASSiddesh\.m2\repository\com\beust\jcommander\1.78\jcommander-1.78.jar:C:\Users\ASSiddesh\.m2\repository\org\webjars\jquery\3.5.1\jquery-3.5.1.jar org.testng.remote.RemoteTestNG -serport 49676 -protocol json -d C:\Users\ASSiddesh\eclipse-workspace\v\test-output C:\Users\ASSIDD~1\AppData\Local\Temp\testng-eclipse--1085868745\testng-customsuite.xml

!ENTRY org.testng.eclipse 1 0 2021-07-16 16:18:46.677
!MESSAGE [TestNGLaunchConfigurationDelegate] Launching:
  Classpath: C:\Users\ASSiddesh\eclipse\java-2021-03\eclipse\configuration\org.eclipse.osgi\442\0\.cp\lib\testng-remote.jar C:\Users\ASSiddesh\eclipse-workspace\v\target\test-classes C:\Users\ASSiddesh\eclipse-workspace\v\target\classes C:\Users\ASSiddesh\.m2\repository\org\seleniumhq\selenium\selenium-java\3.141.59\selenium-java-3.141.59.jar C:\Users\ASSiddesh\.m2\repository\org\seleniumhq\selenium\selenium-api\3.141.59\selenium-api-3.141.59.jar C:\Users\ASSiddesh\.m2\repository\org\seleniumhq\selenium\selenium-chrome-driver\3.141.59\selenium-chrome-driver-3.141.59.jar C:\Users\ASSiddesh\.m2\repository\org\seleniumhq\selenium\selenium-edge-driver\3.141.59\selenium-edge-driver-3.141.59.jar C:\Users\ASSiddesh\.m2\repository\org\seleniumhq\selenium\selenium-firefox-driver\3.141.59\selenium-firefox-driver-3.141.59.jar C:\Users\ASSiddesh\.m2\repository\org\seleniumhq\selenium\selenium-ie-driver\3.141.59\selenium-ie-driver-3.141.59.jar C:\Users\ASSiddesh\.m2\repository\org\seleniumhq\selenium\selenium-opera-driver\3.141.59\selenium-opera-driver-3.141.59.jar C:\Users\ASSiddesh\.m2\repository\org\seleniumhq\selenium\selenium-remote-driver\3.141.59\selenium-remote-driver-3.141.59.jar C:\Users\ASSiddesh\.m2\repository\org\seleniumhq\selenium\selenium-safari-driver\3.141.59\selenium-safari-driver-3.141.59.jar C:\Users\ASSiddesh\.m2\repository\org\seleniumhq\selenium\selenium-support\3.141.59\selenium-support-3.141.59.jar C:\Users\ASSiddesh\.m2\repository\net\bytebuddy\byte-buddy\1.8.15\byte-buddy-1.8.15.jar C:\Users\ASSiddesh\.m2\repository\org\apache\commons\commons-exec\1.3\commons-exec-1.3.jar C:\Users\ASSiddesh\.m2\repository\com\google\guava\guava\25.0-jre\guava-25.0-jre.jar C:\Users\ASSiddesh\.m2\repository\com\google\code\findbugs\jsr305\1.3.9\jsr305-1.3.9.jar C:\Users\ASSiddesh\.m2\repository\org\checkerframework\checker-compat-qual\2.0.0\checker-compat-qual-2.0.0.jar C:\Users\ASSiddesh\.m2\repository\com\google\errorprone\error_prone_annotations\2.1.3\error_prone_annotations-2.1.3.jar C:\Users\ASSiddesh\.m2\repository\com\google\j2objc\j2objc-annotations\1.1\j2objc-annotations-1.1.jar C:\Users\ASSiddesh\.m2\repository\org\codehaus\mojo\animal-sniffer-annotations\1.14\animal-sniffer-annotations-1.14.jar C:\Users\ASSiddesh\.m2\repository\com\squareup\okhttp3\okhttp\3.11.0\okhttp-3.11.0.jar C:\Users\ASSiddesh\.m2\repository\com\squareup\okio\okio\1.14.0\okio-1.14.0.jar C:\Users\ASSiddesh\.m2\repository\org\testng\testng\7.4.0\testng-7.4.0.jar C:\Users\ASSiddesh\.m2\repository\com\beust\jcommander\1.78\jcommander-1.78.jar C:\Users\ASSiddesh\.m2\repository\org\webjars\jquery\3.5.1\jquery-3.5.1.jar
  VMArgs:    -ea
  Class:     org.testng.remote.RemoteTestNG
  Args:      -serport 49678 -protocol json -d C:\Users\ASSiddesh\eclipse-workspace\v\test-output C:\Users\ASSIDD~1\AppData\Local\Temp\testng-eclipse--1877651333\testng-customsuite.xml
java -ea -classpath C:\Users\ASSiddesh\eclipse\java-2021-03\eclipse\configuration\org.eclipse.osgi\442\0\.cp\lib\testng-remote.jar:C:\Users\ASSiddesh\eclipse-workspace\v\target\test-classes:C:\Users\ASSiddesh\eclipse-workspace\v\target\classes:C:\Users\ASSiddesh\.m2\repository\org\seleniumhq\selenium\selenium-java\3.141.59\selenium-java-3.141.59.jar:C:\Users\ASSiddesh\.m2\repository\org\seleniumhq\selenium\selenium-api\3.141.59\selenium-api-3.141.59.jar:C:\Users\ASSiddesh\.m2\repository\org\seleniumhq\selenium\selenium-chrome-driver\3.141.59\selenium-chrome-driver-3.141.59.jar:C:\Users\ASSiddesh\.m2\repository\org\seleniumhq\selenium\selenium-edge-driver\3.141.59\selenium-edge-driver-3.141.59.jar:C:\Users\ASSiddesh\.m2\repository\org\seleniumhq\selenium\selenium-firefox-driver\3.141.59\selenium-firefox-driver-3.141.59.jar:C:\Users\ASSiddesh\.m2\repository\org\seleniumhq\selenium\selenium-ie-driver\3.141.59\selenium-ie-driver-3.141.59.jar:C:\Users\ASSiddesh\.m2\repository\org\seleniumhq\selenium\selenium-opera-driver\3.141.59\selenium-opera-driver-3.141.59.jar:C:\Users\ASSiddesh\.m2\repository\org\seleniumhq\selenium\selenium-remote-driver\3.141.59\selenium-remote-driver-3.141.59.jar:C:\Users\ASSiddesh\.m2\repository\org\seleniumhq\selenium\selenium-safari-driver\3.141.59\selenium-safari-driver-3.141.59.jar:C:\Users\ASSiddesh\.m2\repository\org\seleniumhq\selenium\selenium-support\3.141.59\selenium-support-3.141.59.jar:C:\Users\ASSiddesh\.m2\repository\net\bytebuddy\byte-buddy\1.8.15\byte-buddy-1.8.15.jar:C:\Users\ASSiddesh\.m2\repository\org\apache\commons\commons-exec\1.3\commons-exec-1.3.jar:C:\Users\ASSiddesh\.m2\repository\com\google\guava\guava\25.0-jre\guava-25.0-jre.jar:C:\Users\ASSiddesh\.m2\repository\com\google\code\findbugs\jsr305\1.3.9\jsr305-1.3.9.jar:C:\Users\ASSiddesh\.m2\repository\org\checkerframework\checker-compat-qual\2.0.0\checker-compat-qual-2.0.0.jar:C:\Users\ASSiddesh\.m2\repository\com\google\errorprone\error_prone_annotations\2.1.3\error_prone_annotations-2.1.3.jar:C:\Users\ASSiddesh\.m2\repository\com\google\j2objc\j2objc-annotations\1.1\j2objc-annotations-1.1.jar:C:\Users\ASSiddesh\.m2\repository\org\codehaus\mojo\animal-sniffer-annotations\1.14\animal-sniffer-annotations-1.14.jar:C:\Users\ASSiddesh\.m2\repository\com\squareup\okhttp3\okhttp\3.11.0\okhttp-3.11.0.jar:C:\Users\ASSiddesh\.m2\repository\com\squareup\okio\okio\1.14.0\okio-1.14.0.jar:C:\Users\ASSiddesh\.m2\repository\org\testng\testng\7.4.0\testng-7.4.0.jar:C:\Users\ASSiddesh\.m2\repository\com\beust\jcommander\1.78\jcommander-1.78.jar:C:\Users\ASSiddesh\.m2\repository\org\webjars\jquery\3.5.1\jquery-3.5.1.jar org.testng.remote.RemoteTestNG -serport 49678 -protocol json -d C:\Users\ASSiddesh\eclipse-workspace\v\test-output C:\Users\ASSIDD~1\AppData\Local\Temp\testng-eclipse--1877651333\testng-customsuite.xml

!ENTRY org.eclipse.m2e.logback.appender 2 0 2021-07-16 16:19:50.318
!MESSAGE Using platform encoding (Cp1252 actually) to copy filtered resources, i.e. build is platform dependent!

!ENTRY org.eclipse.m2e.logback.appender 2 0 2021-07-16 16:19:50.320
!MESSAGE Using platform encoding (Cp1252 actually) to copy filtered resources, i.e. build is platform dependent!

!ENTRY org.eclipse.m2e.logback.appender 2 0 2021-07-16 16:19:51.587
!MESSAGE Using platform encoding (Cp1252 actually) to copy filtered resources, i.e. build is platform dependent!

!ENTRY org.eclipse.m2e.logback.appender 2 0 2021-07-16 16:19:51.589
!MESSAGE Using platform encoding (Cp1252 actually) to copy filtered resources, i.e. build is platform dependent!

!ENTRY org.testng.eclipse 4 4 2021-07-16 16:20:14.211
!MESSAGE Error
!STACK 1
Java Model Exception: Java Model Status [Automation_Assignment_11.1-226ab3addc18f8584fd36d43e573f342ef3c7fb1 does not exist]
	at org.eclipse.jdt.internal.core.JavaElement.newNotPresentException(JavaElement.java:573)
	at org.eclipse.jdt.internal.core.JavaModelManager.getPerProjectInfoCheckExistence(JavaModelManager.java:2525)
	at org.eclipse.jdt.internal.core.JavaProject.getPerProjectInfo(JavaProject.java:2382)
	at org.eclipse.jdt.internal.core.JavaProject.getResolvedClasspath(JavaProject.java:2441)
	at org.eclipse.jdt.internal.core.PackageFragmentRoot.getResolvedClasspathEntry(PackageFragmentRoot.java:624)
	at org.testng.eclipse.ui.codemining.TestCodeMiningProvider.mineForTests(TestCodeMiningProvider.java:60)
	at org.testng.eclipse.ui.codemining.TestCodeMiningProvider.lambda$0(TestCodeMiningProvider.java:40)
	at java.base/java.util.concurrent.CompletableFuture$AsyncSupply.run(CompletableFuture.java:1764)
	at java.base/java.util.concurrent.CompletableFuture$AsyncSupply.exec(CompletableFuture.java:1756)
	at java.base/java.util.concurrent.ForkJoinTask.doExec(ForkJoinTask.java:295)
	at java.base/java.util.concurrent.ForkJoinPool$WorkQueue.topLevelExec(ForkJoinPool.java:1016)
	at java.base/java.util.concurrent.ForkJoinPool.scan(ForkJoinPool.java:1665)
	at java.base/java.util.concurrent.ForkJoinPool.runWorker(ForkJoinPool.java:1598)
	at java.base/java.util.concurrent.ForkJoinWorkerThread.run(ForkJoinWorkerThread.java:183)
!SUBENTRY 1 org.eclipse.jdt.core 4 969 2021-07-16 16:20:14.213
!MESSAGE Automation_Assignment_11.1-226ab3addc18f8584fd36d43e573f342ef3c7fb1 does not exist

!ENTRY org.testng.eclipse 4 4 2021-07-16 16:20:14.215
!MESSAGE Error
!STACK 1
Java Model Exception: Java Model Status [Automation_Assignment_11.1-226ab3addc18f8584fd36d43e573f342ef3c7fb1 does not exist]
	at org.eclipse.jdt.internal.core.JavaElement.newNotPresentException(JavaElement.java:573)
	at org.eclipse.jdt.internal.core.JavaModelManager.getPerProjectInfoCheckExistence(JavaModelManager.java:2525)
	at org.eclipse.jdt.internal.core.JavaProject.getPerProjectInfo(JavaProject.java:2382)
	at org.eclipse.jdt.internal.core.JavaProject.getResolvedClasspath(JavaProject.java:2441)
	at org.eclipse.jdt.internal.core.PackageFragmentRoot.getResolvedClasspathEntry(PackageFragmentRoot.java:624)
	at org.testng.eclipse.ui.codemining.TestCodeMiningProvider.mineForTests(TestCodeMiningProvider.java:60)
	at org.testng.eclipse.ui.codemining.TestCodeMiningProvider.lambda$0(TestCodeMiningProvider.java:40)
	at java.base/java.util.concurrent.CompletableFuture$AsyncSupply.run(CompletableFuture.java:1764)
	at java.base/java.util.concurrent.CompletableFuture$AsyncSupply.exec(CompletableFuture.java:1756)
	at java.base/java.util.concurrent.ForkJoinTask.doExec(ForkJoinTask.java:295)
	at java.base/java.util.concurrent.ForkJoinPool$WorkQueue.topLevelExec(ForkJoinPool.java:1016)
	at java.base/java.util.concurrent.ForkJoinPool.scan(ForkJoinPool.java:1665)
	at java.base/java.util.concurrent.ForkJoinPool.runWorker(ForkJoinPool.java:1598)
	at java.base/java.util.concurrent.ForkJoinWorkerThread.run(ForkJoinWorkerThread.java:183)
!SUBENTRY 1 org.eclipse.jdt.core 4 969 2021-07-16 16:20:14.216
!MESSAGE Automation_Assignment_11.1-226ab3addc18f8584fd36d43e573f342ef3c7fb1 does not exist

!ENTRY org.testng.eclipse 4 4 2021-07-16 16:20:14.711
!MESSAGE Error
!STACK 1
Java Model Exception: Java Model Status [Automation_Assignment_11.1-226ab3addc18f8584fd36d43e573f342ef3c7fb1 does not exist]
	at org.eclipse.jdt.internal.core.JavaElement.newNotPresentException(JavaElement.java:573)
	at org.eclipse.jdt.internal.core.JavaModelManager.getPerProjectInfoCheckExistence(JavaModelManager.java:2525)
	at org.eclipse.jdt.internal.core.JavaProject.getPerProjectInfo(JavaProject.java:2382)
	at org.eclipse.jdt.internal.core.JavaProject.getResolvedClasspath(JavaProject.java:2441)
	at org.eclipse.jdt.internal.core.PackageFragmentRoot.getResolvedClasspathEntry(PackageFragmentRoot.java:624)
	at org.testng.eclipse.ui.codemining.TestCodeMiningProvider.mineForTests(TestCodeMiningProvider.java:60)
	at org.testng.eclipse.ui.codemining.TestCodeMiningProvider.lambda$0(TestCodeMiningProvider.java:40)
	at java.base/java.util.concurrent.CompletableFuture$AsyncSupply.run(CompletableFuture.java:1764)
	at java.base/java.util.concurrent.CompletableFuture$AsyncSupply.exec(CompletableFuture.java:1756)
	at java.base/java.util.concurrent.ForkJoinTask.doExec(ForkJoinTask.java:295)
	at java.base/java.util.concurrent.ForkJoinPool$WorkQueue.topLevelExec(ForkJoinPool.java:1016)
	at java.base/java.util.concurrent.ForkJoinPool.scan(ForkJoinPool.java:1665)
	at java.base/java.util.concurrent.ForkJoinPool.runWorker(ForkJoinPool.java:1598)
	at java.base/java.util.concurrent.ForkJoinWorkerThread.run(ForkJoinWorkerThread.java:183)
!SUBENTRY 1 org.eclipse.jdt.core 4 969 2021-07-16 16:20:14.711
!MESSAGE Automation_Assignment_11.1-226ab3addc18f8584fd36d43e573f342ef3c7fb1 does not exist

!ENTRY org.testng.eclipse 4 4 2021-07-16 16:22:01.773
!MESSAGE Error
!STACK 1
Java Model Exception: Java Model Status [Automation_Assignment_11.1-226ab3addc18f8584fd36d43e573f342ef3c7fb1 does not exist]
	at org.eclipse.jdt.internal.core.JavaElement.newNotPresentException(JavaElement.java:573)
	at org.eclipse.jdt.internal.core.JavaModelManager.getPerProjectInfoCheckExistence(JavaModelManager.java:2525)
	at org.eclipse.jdt.internal.core.JavaProject.getPerProjectInfo(JavaProject.java:2382)
	at org.eclipse.jdt.internal.core.JavaProject.getResolvedClasspath(JavaProject.java:2441)
	at org.eclipse.jdt.internal.core.PackageFragmentRoot.getResolvedClasspathEntry(PackageFragmentRoot.java:624)
	at org.testng.eclipse.ui.codemining.TestCodeMiningProvider.mineForTests(TestCodeMiningProvider.java:60)
	at org.testng.eclipse.ui.codemining.TestCodeMiningProvider.lambda$0(TestCodeMiningProvider.java:40)
	at java.base/java.util.concurrent.CompletableFuture$AsyncSupply.run(CompletableFuture.java:1764)
	at java.base/java.util.concurrent.CompletableFuture$AsyncSupply.exec(CompletableFuture.java:1756)
	at java.base/java.util.concurrent.ForkJoinTask.doExec(ForkJoinTask.java:295)
	at java.base/java.util.concurrent.ForkJoinPool$WorkQueue.topLevelExec(ForkJoinPool.java:1016)
	at java.base/java.util.concurrent.ForkJoinPool.scan(ForkJoinPool.java:1665)
	at java.base/java.util.concurrent.ForkJoinPool.runWorker(ForkJoinPool.java:1598)
	at java.base/java.util.concurrent.ForkJoinWorkerThread.run(ForkJoinWorkerThread.java:183)
!SUBENTRY 1 org.eclipse.jdt.core 4 969 2021-07-16 16:22:01.773
!MESSAGE Automation_Assignment_11.1-226ab3addc18f8584fd36d43e573f342ef3c7fb1 does not exist

!ENTRY org.testng.eclipse 4 4 2021-07-16 16:22:04.781
!MESSAGE Error
!STACK 1
Java Model Exception: Java Model Status [Automation_Assignment_11.1-226ab3addc18f8584fd36d43e573f342ef3c7fb1 does not exist]
	at org.eclipse.jdt.internal.core.JavaElement.newNotPresentException(JavaElement.java:573)
	at org.eclipse.jdt.internal.core.JavaModelManager.getPerProjectInfoCheckExistence(JavaModelManager.java:2525)
	at org.eclipse.jdt.internal.core.JavaProject.getPerProjectInfo(JavaProject.java:2382)
	at org.eclipse.jdt.internal.core.JavaProject.getResolvedClasspath(JavaProject.java:2441)
	at org.eclipse.jdt.internal.core.PackageFragmentRoot.getResolvedClasspathEntry(PackageFragmentRoot.java:624)
	at org.testng.eclipse.ui.codemining.TestCodeMiningProvider.mineForTests(TestCodeMiningProvider.java:60)
	at org.testng.eclipse.ui.codemining.TestCodeMiningProvider.lambda$0(TestCodeMiningProvider.java:40)
	at java.base/java.util.concurrent.CompletableFuture$AsyncSupply.run(CompletableFuture.java:1764)
	at java.base/java.util.concurrent.CompletableFuture$AsyncSupply.exec(CompletableFuture.java:1756)
	at java.base/java.util.concurrent.ForkJoinTask.doExec(ForkJoinTask.java:295)
	at java.base/java.util.concurrent.ForkJoinPool$WorkQueue.topLevelExec(ForkJoinPool.java:1016)
	at java.base/java.util.concurrent.ForkJoinPool.scan(ForkJoinPool.java:1665)
	at java.base/java.util.concurrent.ForkJoinPool.runWorker(ForkJoinPool.java:1598)
	at java.base/java.util.concurrent.ForkJoinWorkerThread.run(ForkJoinWorkerThread.java:183)
!SUBENTRY 1 org.eclipse.jdt.core 4 969 2021-07-16 16:22:04.781
!MESSAGE Automation_Assignment_11.1-226ab3addc18f8584fd36d43e573f342ef3c7fb1 does not exist

!ENTRY org.testng.eclipse 4 4 2021-07-16 16:22:57.221
!MESSAGE Error
!STACK 1
Java Model Exception: Java Model Status [Automation_Assignment_11.1-226ab3addc18f8584fd36d43e573f342ef3c7fb1 does not exist]
	at org.eclipse.jdt.internal.core.JavaElement.newNotPresentException(JavaElement.java:573)
	at org.eclipse.jdt.internal.core.JavaModelManager.getPerProjectInfoCheckExistence(JavaModelManager.java:2525)
	at org.eclipse.jdt.internal.core.JavaProject.getPerProjectInfo(JavaProject.java:2382)
	at org.eclipse.jdt.internal.core.JavaProject.getResolvedClasspath(JavaProject.java:2441)
	at org.eclipse.jdt.internal.core.PackageFragmentRoot.getResolvedClasspathEntry(PackageFragmentRoot.java:624)
	at org.testng.eclipse.ui.codemining.TestCodeMiningProvider.mineForTests(TestCodeMiningProvider.java:60)
	at org.testng.eclipse.ui.codemining.TestCodeMiningProvider.lambda$0(TestCodeMiningProvider.java:40)
	at java.base/java.util.concurrent.CompletableFuture$AsyncSupply.run(CompletableFuture.java:1764)
	at java.base/java.util.concurrent.CompletableFuture$AsyncSupply.exec(CompletableFuture.java:1756)
	at java.base/java.util.concurrent.ForkJoinTask.doExec(ForkJoinTask.java:295)
	at java.base/java.util.concurrent.ForkJoinPool$WorkQueue.topLevelExec(ForkJoinPool.java:1016)
	at java.base/java.util.concurrent.ForkJoinPool.scan(ForkJoinPool.java:1665)
	at java.base/java.util.concurrent.ForkJoinPool.runWorker(ForkJoinPool.java:1598)
	at java.base/java.util.concurrent.ForkJoinWorkerThread.run(ForkJoinWorkerThread.java:183)
!SUBENTRY 1 org.eclipse.jdt.core 4 969 2021-07-16 16:22:57.221
!MESSAGE Automation_Assignment_11.1-226ab3addc18f8584fd36d43e573f342ef3c7fb1 does not exist

!ENTRY org.testng.eclipse 4 4 2021-07-16 16:22:57.223
!MESSAGE Error
!STACK 1
Java Model Exception: Java Model Status [Automation_Assignment_11.1-226ab3addc18f8584fd36d43e573f342ef3c7fb1 does not exist]
	at org.eclipse.jdt.internal.core.JavaElement.newNotPresentException(JavaElement.java:573)
	at org.eclipse.jdt.internal.core.JavaModelManager.getPerProjectInfoCheckExistence(JavaModelManager.java:2525)
	at org.eclipse.jdt.internal.core.JavaProject.getPerProjectInfo(JavaProject.java:2382)
	at org.eclipse.jdt.internal.core.JavaProject.getResolvedClasspath(JavaProject.java:2441)
	at org.eclipse.jdt.internal.core.PackageFragmentRoot.getResolvedClasspathEntry(PackageFragmentRoot.java:624)
	at org.testng.eclipse.ui.codemining.TestCodeMiningProvider.mineForTests(TestCodeMiningProvider.java:60)
	at org.testng.eclipse.ui.codemining.TestCodeMiningProvider.lambda$0(TestCodeMiningProvider.java:40)
	at java.base/java.util.concurrent.CompletableFuture$AsyncSupply.run(CompletableFuture.java:1764)
	at java.base/java.util.concurrent.CompletableFuture$AsyncSupply.exec(CompletableFuture.java:1756)
	at java.base/java.util.concurrent.ForkJoinTask.doExec(ForkJoinTask.java:295)
	at java.base/java.util.concurrent.ForkJoinPool$WorkQueue.topLevelExec(ForkJoinPool.java:1016)
	at java.base/java.util.concurrent.ForkJoinPool.scan(ForkJoinPool.java:1665)
	at java.base/java.util.concurrent.ForkJoinPool.runWorker(ForkJoinPool.java:1598)
	at java.base/java.util.concurrent.ForkJoinWorkerThread.run(ForkJoinWorkerThread.java:183)
!SUBENTRY 1 org.eclipse.jdt.core 4 969 2021-07-16 16:22:57.223
!MESSAGE Automation_Assignment_11.1-226ab3addc18f8584fd36d43e573f342ef3c7fb1 does not exist

!ENTRY org.testng.eclipse 4 4 2021-07-16 16:22:57.720
!MESSAGE Error
!STACK 1
Java Model Exception: Java Model Status [Automation_Assignment_11.1-226ab3addc18f8584fd36d43e573f342ef3c7fb1 does not exist]
	at org.eclipse.jdt.internal.core.JavaElement.newNotPresentException(JavaElement.java:573)
	at org.eclipse.jdt.internal.core.JavaModelManager.getPerProjectInfoCheckExistence(JavaModelManager.java:2525)
	at org.eclipse.jdt.internal.core.JavaProject.getPerProjectInfo(JavaProject.java:2382)
	at org.eclipse.jdt.internal.core.JavaProject.getResolvedClasspath(JavaProject.java:2441)
	at org.eclipse.jdt.internal.core.PackageFragmentRoot.getResolvedClasspathEntry(PackageFragmentRoot.java:624)
	at org.testng.eclipse.ui.codemining.TestCodeMiningProvider.mineForTests(TestCodeMiningProvider.java:60)
	at org.testng.eclipse.ui.codemining.TestCodeMiningProvider.lambda$0(TestCodeMiningProvider.java:40)
	at java.base/java.util.concurrent.CompletableFuture$AsyncSupply.run(CompletableFuture.java:1764)
	at java.base/java.util.concurrent.CompletableFuture$AsyncSupply.exec(CompletableFuture.java:1756)
	at java.base/java.util.concurrent.ForkJoinTask.doExec(ForkJoinTask.java:295)
	at java.base/java.util.concurrent.ForkJoinPool$WorkQueue.topLevelExec(ForkJoinPool.java:1016)
	at java.base/java.util.concurrent.ForkJoinPool.scan(ForkJoinPool.java:1665)
	at java.base/java.util.concurrent.ForkJoinPool.runWorker(ForkJoinPool.java:1598)
	at java.base/java.util.concurrent.ForkJoinWorkerThread.run(ForkJoinWorkerThread.java:183)
!SUBENTRY 1 org.eclipse.jdt.core 4 969 2021-07-16 16:22:57.720
!MESSAGE Automation_Assignment_11.1-226ab3addc18f8584fd36d43e573f342ef3c7fb1 does not exist

!ENTRY org.testng.eclipse 4 4 2021-07-16 16:26:22.974
!MESSAGE Error
!STACK 1
Java Model Exception: Java Model Status [Automation_Assignment_11.1-226ab3addc18f8584fd36d43e573f342ef3c7fb1 does not exist]
	at org.eclipse.jdt.internal.core.JavaElement.newNotPresentException(JavaElement.java:573)
	at org.eclipse.jdt.internal.core.JavaModelManager.getPerProjectInfoCheckExistence(JavaModelManager.java:2525)
	at org.eclipse.jdt.internal.core.JavaProject.getPerProjectInfo(JavaProject.java:2382)
	at org.eclipse.jdt.internal.core.JavaProject.getResolvedClasspath(JavaProject.java:2441)
	at org.eclipse.jdt.internal.core.PackageFragmentRoot.getResolvedClasspathEntry(PackageFragmentRoot.java:624)
	at org.testng.eclipse.ui.codemining.TestCodeMiningProvider.mineForTests(TestCodeMiningProvider.java:60)
	at org.testng.eclipse.ui.codemining.TestCodeMiningProvider.lambda$0(TestCodeMiningProvider.java:40)
	at java.base/java.util.concurrent.CompletableFuture$AsyncSupply.run(CompletableFuture.java:1764)
	at java.base/java.util.concurrent.CompletableFuture$AsyncSupply.exec(CompletableFuture.java:1756)
	at java.base/java.util.concurrent.ForkJoinTask.doExec(ForkJoinTask.java:295)
	at java.base/java.util.concurrent.ForkJoinPool$WorkQueue.topLevelExec(ForkJoinPool.java:1016)
	at java.base/java.util.concurrent.ForkJoinPool.scan(ForkJoinPool.java:1665)
	at java.base/java.util.concurrent.ForkJoinPool.runWorker(ForkJoinPool.java:1598)
	at java.base/java.util.concurrent.ForkJoinWorkerThread.run(ForkJoinWorkerThread.java:183)
!SUBENTRY 1 org.eclipse.jdt.core 4 969 2021-07-16 16:26:22.974
!MESSAGE Automation_Assignment_11.1-226ab3addc18f8584fd36d43e573f342ef3c7fb1 does not exist

!ENTRY org.testng.eclipse 4 4 2021-07-16 16:26:27.484
!MESSAGE Error
!STACK 1
Java Model Exception: Java Model Status [Automation_Assignment_11.1-226ab3addc18f8584fd36d43e573f342ef3c7fb1 does not exist]
	at org.eclipse.jdt.internal.core.JavaElement.newNotPresentException(JavaElement.java:573)
	at org.eclipse.jdt.internal.core.JavaModelManager.getPerProjectInfoCheckExistence(JavaModelManager.java:2525)
	at org.eclipse.jdt.internal.core.JavaProject.getPerProjectInfo(JavaProject.java:2382)
	at org.eclipse.jdt.internal.core.JavaProject.getResolvedClasspath(JavaProject.java:2441)
	at org.eclipse.jdt.internal.core.PackageFragmentRoot.getResolvedClasspathEntry(PackageFragmentRoot.java:624)
	at org.testng.eclipse.ui.codemining.TestCodeMiningProvider.mineForTests(TestCodeMiningProvider.java:60)
	at org.testng.eclipse.ui.codemining.TestCodeMiningProvider.lambda$0(TestCodeMiningProvider.java:40)
	at java.base/java.util.concurrent.CompletableFuture$AsyncSupply.run(CompletableFuture.java:1764)
	at java.base/java.util.concurrent.CompletableFuture$AsyncSupply.exec(CompletableFuture.java:1756)
	at java.base/java.util.concurrent.ForkJoinTask.doExec(ForkJoinTask.java:295)
	at java.base/java.util.concurrent.ForkJoinPool$WorkQueue.topLevelExec(ForkJoinPool.java:1016)
	at java.base/java.util.concurrent.ForkJoinPool.scan(ForkJoinPool.java:1665)
	at java.base/java.util.concurrent.ForkJoinPool.runWorker(ForkJoinPool.java:1598)
	at java.base/java.util.concurrent.ForkJoinWorkerThread.run(ForkJoinWorkerThread.java:183)
!SUBENTRY 1 org.eclipse.jdt.core 4 969 2021-07-16 16:26:27.484
!MESSAGE Automation_Assignment_11.1-226ab3addc18f8584fd36d43e573f342ef3c7fb1 does not exist

!ENTRY org.testng.eclipse 4 4 2021-07-16 16:26:30.991
!MESSAGE Error
!STACK 1
Java Model Exception: Java Model Status [Automation_Assignment_11.1-226ab3addc18f8584fd36d43e573f342ef3c7fb1 does not exist]
	at org.eclipse.jdt.internal.core.JavaElement.newNotPresentException(JavaElement.java:573)
	at org.eclipse.jdt.internal.core.JavaModelManager.getPerProjectInfoCheckExistence(JavaModelManager.java:2525)
	at org.eclipse.jdt.internal.core.JavaProject.getPerProjectInfo(JavaProject.java:2382)
	at org.eclipse.jdt.internal.core.JavaProject.getResolvedClasspath(JavaProject.java:2441)
	at org.eclipse.jdt.internal.core.PackageFragmentRoot.getResolvedClasspathEntry(PackageFragmentRoot.java:624)
	at org.testng.eclipse.ui.codemining.TestCodeMiningProvider.mineForTests(TestCodeMiningProvider.java:60)
	at org.testng.eclipse.ui.codemining.TestCodeMiningProvider.lambda$0(TestCodeMiningProvider.java:40)
	at java.base/java.util.concurrent.CompletableFuture$AsyncSupply.run(CompletableFuture.java:1764)
	at java.base/java.util.concurrent.CompletableFuture$AsyncSupply.exec(CompletableFuture.java:1756)
	at java.base/java.util.concurrent.ForkJoinTask.doExec(ForkJoinTask.java:295)
	at java.base/java.util.concurrent.ForkJoinPool$WorkQueue.topLevelExec(ForkJoinPool.java:1016)
	at java.base/java.util.concurrent.ForkJoinPool.scan(ForkJoinPool.java:1665)
	at java.base/java.util.concurrent.ForkJoinPool.runWorker(ForkJoinPool.java:1598)
	at java.base/java.util.concurrent.ForkJoinWorkerThread.run(ForkJoinWorkerThread.java:183)
!SUBENTRY 1 org.eclipse.jdt.core 4 969 2021-07-16 16:26:30.991
!MESSAGE Automation_Assignment_11.1-226ab3addc18f8584fd36d43e573f342ef3c7fb1 does not exist

!ENTRY org.testng.eclipse 4 4 2021-07-16 16:26:33.998
!MESSAGE Error
!STACK 1
Java Model Exception: Java Model Status [Automation_Assignment_11.1-226ab3addc18f8584fd36d43e573f342ef3c7fb1 does not exist]
	at org.eclipse.jdt.internal.core.JavaElement.newNotPresentException(JavaElement.java:573)
	at org.eclipse.jdt.internal.core.JavaModelManager.getPerProjectInfoCheckExistence(JavaModelManager.java:2525)
	at org.eclipse.jdt.internal.core.JavaProject.getPerProjectInfo(JavaProject.java:2382)
	at org.eclipse.jdt.internal.core.JavaProject.getResolvedClasspath(JavaProject.java:2441)
	at org.eclipse.jdt.internal.core.PackageFragmentRoot.getResolvedClasspathEntry(PackageFragmentRoot.java:624)
	at org.testng.eclipse.ui.codemining.TestCodeMiningProvider.mineForTests(TestCodeMiningProvider.java:60)
	at org.testng.eclipse.ui.codemining.TestCodeMiningProvider.lambda$0(TestCodeMiningProvider.java:40)
	at java.base/java.util.concurrent.CompletableFuture$AsyncSupply.run(CompletableFuture.java:1764)
	at java.base/java.util.concurrent.CompletableFuture$AsyncSupply.exec(CompletableFuture.java:1756)
	at java.base/java.util.concurrent.ForkJoinTask.doExec(ForkJoinTask.java:295)
	at java.base/java.util.concurrent.ForkJoinPool$WorkQueue.topLevelExec(ForkJoinPool.java:1016)
	at java.base/java.util.concurrent.ForkJoinPool.scan(ForkJoinPool.java:1665)
	at java.base/java.util.concurrent.ForkJoinPool.runWorker(ForkJoinPool.java:1598)
	at java.base/java.util.concurrent.ForkJoinWorkerThread.run(ForkJoinWorkerThread.java:183)
!SUBENTRY 1 org.eclipse.jdt.core 4 969 2021-07-16 16:26:33.999
!MESSAGE Automation_Assignment_11.1-226ab3addc18f8584fd36d43e573f342ef3c7fb1 does not exist

!ENTRY org.testng.eclipse 4 4 2021-07-16 16:27:01.022
!MESSAGE Error
!STACK 1
Java Model Exception: Java Model Status [Automation_Assignment_11.1-226ab3addc18f8584fd36d43e573f342ef3c7fb1 does not exist]
	at org.eclipse.jdt.internal.core.JavaElement.newNotPresentException(JavaElement.java:573)
	at org.eclipse.jdt.internal.core.JavaModelManager.getPerProjectInfoCheckExistence(JavaModelManager.java:2525)
	at org.eclipse.jdt.internal.core.JavaProject.getPerProjectInfo(JavaProject.java:2382)
	at org.eclipse.jdt.internal.core.JavaProject.getResolvedClasspath(JavaProject.java:2441)
	at org.eclipse.jdt.internal.core.PackageFragmentRoot.getResolvedClasspathEntry(PackageFragmentRoot.java:624)
	at org.testng.eclipse.ui.codemining.TestCodeMiningProvider.mineForTests(TestCodeMiningProvider.java:60)
	at org.testng.eclipse.ui.codemining.TestCodeMiningProvider.lambda$0(TestCodeMiningProvider.java:40)
	at java.base/java.util.concurrent.CompletableFuture$AsyncSupply.run(CompletableFuture.java:1764)
	at java.base/java.util.concurrent.CompletableFuture$AsyncSupply.exec(CompletableFuture.java:1756)
	at java.base/java.util.concurrent.ForkJoinTask.doExec(ForkJoinTask.java:295)
	at java.base/java.util.concurrent.ForkJoinPool$WorkQueue.topLevelExec(ForkJoinPool.java:1016)
	at java.base/java.util.concurrent.ForkJoinPool.scan(ForkJoinPool.java:1665)
	at java.base/java.util.concurrent.ForkJoinPool.runWorker(ForkJoinPool.java:1598)
	at java.base/java.util.concurrent.ForkJoinWorkerThread.run(ForkJoinWorkerThread.java:183)
!SUBENTRY 1 org.eclipse.jdt.core 4 969 2021-07-16 16:27:01.022
!MESSAGE Automation_Assignment_11.1-226ab3addc18f8584fd36d43e573f342ef3c7fb1 does not exist

!ENTRY org.testng.eclipse 4 4 2021-07-16 16:27:02.528
!MESSAGE Error
!STACK 1
Java Model Exception: Java Model Status [Automation_Assignment_11.1-226ab3addc18f8584fd36d43e573f342ef3c7fb1 does not exist]
	at org.eclipse.jdt.internal.core.JavaElement.newNotPresentException(JavaElement.java:573)
	at org.eclipse.jdt.internal.core.JavaModelManager.getPerProjectInfoCheckExistence(JavaModelManager.java:2525)
	at org.eclipse.jdt.internal.core.JavaProject.getPerProjectInfo(JavaProject.java:2382)
	at org.eclipse.jdt.internal.core.JavaProject.getResolvedClasspath(JavaProject.java:2441)
	at org.eclipse.jdt.internal.core.PackageFragmentRoot.getResolvedClasspathEntry(PackageFragmentRoot.java:624)
	at org.testng.eclipse.ui.codemining.TestCodeMiningProvider.mineForTests(TestCodeMiningProvider.java:60)
	at org.testng.eclipse.ui.codemining.TestCodeMiningProvider.lambda$0(TestCodeMiningProvider.java:40)
	at java.base/java.util.concurrent.CompletableFuture$AsyncSupply.run(CompletableFuture.java:1764)
	at java.base/java.util.concurrent.CompletableFuture$AsyncSupply.exec(CompletableFuture.java:1756)
	at java.base/java.util.concurrent.ForkJoinTask.doExec(ForkJoinTask.java:295)
	at java.base/java.util.concurrent.ForkJoinPool$WorkQueue.topLevelExec(ForkJoinPool.java:1016)
	at java.base/java.util.concurrent.ForkJoinPool.scan(ForkJoinPool.java:1665)
	at java.base/java.util.concurrent.ForkJoinPool.runWorker(ForkJoinPool.java:1598)
	at java.base/java.util.concurrent.ForkJoinWorkerThread.run(ForkJoinWorkerThread.java:183)
!SUBENTRY 1 org.eclipse.jdt.core 4 969 2021-07-16 16:27:02.528
!MESSAGE Automation_Assignment_11.1-226ab3addc18f8584fd36d43e573f342ef3c7fb1 does not exist

!ENTRY org.testng.eclipse 4 4 2021-07-16 16:27:06.035
!MESSAGE Error
!STACK 1
Java Model Exception: Java Model Status [Automation_Assignment_11.1-226ab3addc18f8584fd36d43e573f342ef3c7fb1 does not exist]
	at org.eclipse.jdt.internal.core.JavaElement.newNotPresentException(JavaElement.java:573)
	at org.eclipse.jdt.internal.core.JavaModelManager.getPerProjectInfoCheckExistence(JavaModelManager.java:2525)
	at org.eclipse.jdt.internal.core.JavaProject.getPerProjectInfo(JavaProject.java:2382)
	at org.eclipse.jdt.internal.core.JavaProject.getResolvedClasspath(JavaProject.java:2441)
	at org.eclipse.jdt.internal.core.PackageFragmentRoot.getResolvedClasspathEntry(PackageFragmentRoot.java:624)
	at org.testng.eclipse.ui.codemining.TestCodeMiningProvider.mineForTests(TestCodeMiningProvider.java:60)
	at org.testng.eclipse.ui.codemining.TestCodeMiningProvider.lambda$0(TestCodeMiningProvider.java:40)
	at java.base/java.util.concurrent.CompletableFuture$AsyncSupply.run(CompletableFuture.java:1764)
	at java.base/java.util.concurrent.CompletableFuture$AsyncSupply.exec(CompletableFuture.java:1756)
	at java.base/java.util.concurrent.ForkJoinTask.doExec(ForkJoinTask.java:295)
	at java.base/java.util.concurrent.ForkJoinPool$WorkQueue.topLevelExec(ForkJoinPool.java:1016)
	at java.base/java.util.concurrent.ForkJoinPool.scan(ForkJoinPool.java:1665)
	at java.base/java.util.concurrent.ForkJoinPool.runWorker(ForkJoinPool.java:1598)
	at java.base/java.util.concurrent.ForkJoinWorkerThread.run(ForkJoinWorkerThread.java:183)
!SUBENTRY 1 org.eclipse.jdt.core 4 969 2021-07-16 16:27:06.035
!MESSAGE Automation_Assignment_11.1-226ab3addc18f8584fd36d43e573f342ef3c7fb1 does not exist

!ENTRY org.testng.eclipse 4 4 2021-07-16 16:27:13.544
!MESSAGE Error
!STACK 1
Java Model Exception: Java Model Status [Automation_Assignment_11.1-226ab3addc18f8584fd36d43e573f342ef3c7fb1 does not exist]
	at org.eclipse.jdt.internal.core.JavaElement.newNotPresentException(JavaElement.java:573)
	at org.eclipse.jdt.internal.core.JavaModelManager.getPerProjectInfoCheckExistence(JavaModelManager.java:2525)
	at org.eclipse.jdt.internal.core.JavaProject.getPerProjectInfo(JavaProject.java:2382)
	at org.eclipse.jdt.internal.core.JavaProject.getResolvedClasspath(JavaProject.java:2441)
	at org.eclipse.jdt.internal.core.PackageFragmentRoot.getResolvedClasspathEntry(PackageFragmentRoot.java:624)
	at org.testng.eclipse.ui.codemining.TestCodeMiningProvider.mineForTests(TestCodeMiningProvider.java:60)
	at org.testng.eclipse.ui.codemining.TestCodeMiningProvider.lambda$0(TestCodeMiningProvider.java:40)
	at java.base/java.util.concurrent.CompletableFuture$AsyncSupply.run(CompletableFuture.java:1764)
	at java.base/java.util.concurrent.CompletableFuture$AsyncSupply.exec(CompletableFuture.java:1756)
	at java.base/java.util.concurrent.ForkJoinTask.doExec(ForkJoinTask.java:295)
	at java.base/java.util.concurrent.ForkJoinPool$WorkQueue.topLevelExec(ForkJoinPool.java:1016)
	at java.base/java.util.concurrent.ForkJoinPool.scan(ForkJoinPool.java:1665)
	at java.base/java.util.concurrent.ForkJoinPool.runWorker(ForkJoinPool.java:1598)
	at java.base/java.util.concurrent.ForkJoinWorkerThread.run(ForkJoinWorkerThread.java:183)
!SUBENTRY 1 org.eclipse.jdt.core 4 969 2021-07-16 16:27:13.545
!MESSAGE Automation_Assignment_11.1-226ab3addc18f8584fd36d43e573f342ef3c7fb1 does not exist

!ENTRY org.testng.eclipse 4 4 2021-07-16 16:27:17.553
!MESSAGE Error
!STACK 1
Java Model Exception: Java Model Status [Automation_Assignment_11.1-226ab3addc18f8584fd36d43e573f342ef3c7fb1 does not exist]
	at org.eclipse.jdt.internal.core.JavaElement.newNotPresentException(JavaElement.java:573)
	at org.eclipse.jdt.internal.core.JavaModelManager.getPerProjectInfoCheckExistence(JavaModelManager.java:2525)
	at org.eclipse.jdt.internal.core.JavaProject.getPerProjectInfo(JavaProject.java:2382)
	at org.eclipse.jdt.internal.core.JavaProject.getResolvedClasspath(JavaProject.java:2441)
	at org.eclipse.jdt.internal.core.PackageFragmentRoot.getResolvedClasspathEntry(PackageFragmentRoot.java:624)
	at org.testng.eclipse.ui.codemining.TestCodeMiningProvider.mineForTests(TestCodeMiningProvider.java:60)
	at org.testng.eclipse.ui.codemining.TestCodeMiningProvider.lambda$0(TestCodeMiningProvider.java:40)
	at java.base/java.util.concurrent.CompletableFuture$AsyncSupply.run(CompletableFuture.java:1764)
	at java.base/java.util.concurrent.CompletableFuture$AsyncSupply.exec(CompletableFuture.java:1756)
	at java.base/java.util.concurrent.ForkJoinTask.doExec(ForkJoinTask.java:295)
	at java.base/java.util.concurrent.ForkJoinPool$WorkQueue.topLevelExec(ForkJoinPool.java:1016)
	at java.base/java.util.concurrent.ForkJoinPool.scan(ForkJoinPool.java:1665)
	at java.base/java.util.concurrent.ForkJoinPool.runWorker(ForkJoinPool.java:1598)
	at java.base/java.util.concurrent.ForkJoinWorkerThread.run(ForkJoinWorkerThread.java:183)
!SUBENTRY 1 org.eclipse.jdt.core 4 969 2021-07-16 16:27:17.553
!MESSAGE Automation_Assignment_11.1-226ab3addc18f8584fd36d43e573f342ef3c7fb1 does not exist

!ENTRY org.testng.eclipse 4 4 2021-07-16 16:27:23.059
!MESSAGE Error
!STACK 1
Java Model Exception: Java Model Status [Automation_Assignment_11.1-226ab3addc18f8584fd36d43e573f342ef3c7fb1 does not exist]
	at org.eclipse.jdt.internal.core.JavaElement.newNotPresentException(JavaElement.java:573)
	at org.eclipse.jdt.internal.core.JavaModelManager.getPerProjectInfoCheckExistence(JavaModelManager.java:2525)
	at org.eclipse.jdt.internal.core.JavaProject.getPerProjectInfo(JavaProject.java:2382)
	at org.eclipse.jdt.internal.core.JavaProject.getResolvedClasspath(JavaProject.java:2441)
	at org.eclipse.jdt.internal.core.PackageFragmentRoot.getResolvedClasspathEntry(PackageFragmentRoot.java:624)
	at org.testng.eclipse.ui.codemining.TestCodeMiningProvider.mineForTests(TestCodeMiningProvider.java:60)
	at org.testng.eclipse.ui.codemining.TestCodeMiningProvider.lambda$0(TestCodeMiningProvider.java:40)
	at java.base/java.util.concurrent.CompletableFuture$AsyncSupply.run(CompletableFuture.java:1764)
	at java.base/java.util.concurrent.CompletableFuture$AsyncSupply.exec(CompletableFuture.java:1756)
	at java.base/java.util.concurrent.ForkJoinTask.doExec(ForkJoinTask.java:295)
	at java.base/java.util.concurrent.ForkJoinPool$WorkQueue.topLevelExec(ForkJoinPool.java:1016)
	at java.base/java.util.concurrent.ForkJoinPool.scan(ForkJoinPool.java:1665)
	at java.base/java.util.concurrent.ForkJoinPool.runWorker(ForkJoinPool.java:1598)
	at java.base/java.util.concurrent.ForkJoinWorkerThread.run(ForkJoinWorkerThread.java:183)
!SUBENTRY 1 org.eclipse.jdt.core 4 969 2021-07-16 16:27:23.059
!MESSAGE Automation_Assignment_11.1-226ab3addc18f8584fd36d43e573f342ef3c7fb1 does not exist

!ENTRY org.testng.eclipse 4 4 2021-07-16 16:27:24.562
!MESSAGE Error
!STACK 1
Java Model Exception: Java Model Status [Automation_Assignment_11.1-226ab3addc18f8584fd36d43e573f342ef3c7fb1 does not exist]
	at org.eclipse.jdt.internal.core.JavaElement.newNotPresentException(JavaElement.java:573)
	at org.eclipse.jdt.internal.core.JavaModelManager.getPerProjectInfoCheckExistence(JavaModelManager.java:2525)
	at org.eclipse.jdt.internal.core.JavaProject.getPerProjectInfo(JavaProject.java:2382)
	at org.eclipse.jdt.internal.core.JavaProject.getResolvedClasspath(JavaProject.java:2441)
	at org.eclipse.jdt.internal.core.PackageFragmentRoot.getResolvedClasspathEntry(PackageFragmentRoot.java:624)
	at org.testng.eclipse.ui.codemining.TestCodeMiningProvider.mineForTests(TestCodeMiningProvider.java:60)
	at org.testng.eclipse.ui.codemining.TestCodeMiningProvider.lambda$0(TestCodeMiningProvider.java:40)
	at java.base/java.util.concurrent.CompletableFuture$AsyncSupply.run(CompletableFuture.java:1764)
	at java.base/java.util.concurrent.CompletableFuture$AsyncSupply.exec(CompletableFuture.java:1756)
	at java.base/java.util.concurrent.ForkJoinTask.doExec(ForkJoinTask.java:295)
	at java.base/java.util.concurrent.ForkJoinPool$WorkQueue.topLevelExec(ForkJoinPool.java:1016)
	at java.base/java.util.concurrent.ForkJoinPool.scan(ForkJoinPool.java:1665)
	at java.base/java.util.concurrent.ForkJoinPool.runWorker(ForkJoinPool.java:1598)
	at java.base/java.util.concurrent.ForkJoinWorkerThread.run(ForkJoinWorkerThread.java:183)
!SUBENTRY 1 org.eclipse.jdt.core 4 969 2021-07-16 16:27:24.562
!MESSAGE Automation_Assignment_11.1-226ab3addc18f8584fd36d43e573f342ef3c7fb1 does not exist

!ENTRY org.testng.eclipse 4 4 2021-07-16 16:27:26.568
!MESSAGE Error
!STACK 1
Java Model Exception: Java Model Status [Automation_Assignment_11.1-226ab3addc18f8584fd36d43e573f342ef3c7fb1 does not exist]
	at org.eclipse.jdt.internal.core.JavaElement.newNotPresentException(JavaElement.java:573)
	at org.eclipse.jdt.internal.core.JavaModelManager.getPerProjectInfoCheckExistence(JavaModelManager.java:2525)
	at org.eclipse.jdt.internal.core.JavaProject.getPerProjectInfo(JavaProject.java:2382)
	at org.eclipse.jdt.internal.core.JavaProject.getResolvedClasspath(JavaProject.java:2441)
	at org.eclipse.jdt.internal.core.PackageFragmentRoot.getResolvedClasspathEntry(PackageFragmentRoot.java:624)
	at org.testng.eclipse.ui.codemining.TestCodeMiningProvider.mineForTests(TestCodeMiningProvider.java:60)
	at org.testng.eclipse.ui.codemining.TestCodeMiningProvider.lambda$0(TestCodeMiningProvider.java:40)
	at java.base/java.util.concurrent.CompletableFuture$AsyncSupply.run(CompletableFuture.java:1764)
	at java.base/java.util.concurrent.CompletableFuture$AsyncSupply.exec(CompletableFuture.java:1756)
	at java.base/java.util.concurrent.ForkJoinTask.doExec(ForkJoinTask.java:295)
	at java.base/java.util.concurrent.ForkJoinPool$WorkQueue.topLevelExec(ForkJoinPool.java:1016)
	at java.base/java.util.concurrent.ForkJoinPool.scan(ForkJoinPool.java:1665)
	at java.base/java.util.concurrent.ForkJoinPool.runWorker(ForkJoinPool.java:1598)
	at java.base/java.util.concurrent.ForkJoinWorkerThread.run(ForkJoinWorkerThread.java:183)
!SUBENTRY 1 org.eclipse.jdt.core 4 969 2021-07-16 16:27:26.568
!MESSAGE Automation_Assignment_11.1-226ab3addc18f8584fd36d43e573f342ef3c7fb1 does not exist

!ENTRY org.testng.eclipse 4 4 2021-07-16 16:27:27.572
!MESSAGE Error
!STACK 1
Java Model Exception: Java Model Status [Automation_Assignment_11.1-226ab3addc18f8584fd36d43e573f342ef3c7fb1 does not exist]
	at org.eclipse.jdt.internal.core.JavaElement.newNotPresentException(JavaElement.java:573)
	at org.eclipse.jdt.internal.core.JavaModelManager.getPerProjectInfoCheckExistence(JavaModelManager.java:2525)
	at org.eclipse.jdt.internal.core.JavaProject.getPerProjectInfo(JavaProject.java:2382)
	at org.eclipse.jdt.internal.core.JavaProject.getResolvedClasspath(JavaProject.java:2441)
	at org.eclipse.jdt.internal.core.PackageFragmentRoot.getResolvedClasspathEntry(PackageFragmentRoot.java:624)
	at org.testng.eclipse.ui.codemining.TestCodeMiningProvider.mineForTests(TestCodeMiningProvider.java:60)
	at org.testng.eclipse.ui.codemining.TestCodeMiningProvider.lambda$0(TestCodeMiningProvider.java:40)
	at java.base/java.util.concurrent.CompletableFuture$AsyncSupply.run(CompletableFuture.java:1764)
	at java.base/java.util.concurrent.CompletableFuture$AsyncSupply.exec(CompletableFuture.java:1756)
	at java.base/java.util.concurrent.ForkJoinTask.doExec(ForkJoinTask.java:295)
	at java.base/java.util.concurrent.ForkJoinPool$WorkQueue.topLevelExec(ForkJoinPool.java:1016)
	at java.base/java.util.concurrent.ForkJoinPool.scan(ForkJoinPool.java:1665)
	at java.base/java.util.concurrent.ForkJoinPool.runWorker(ForkJoinPool.java:1598)
	at java.base/java.util.concurrent.ForkJoinWorkerThread.run(ForkJoinWorkerThread.java:183)
!SUBENTRY 1 org.eclipse.jdt.core 4 969 2021-07-16 16:27:27.572
!MESSAGE Automation_Assignment_11.1-226ab3addc18f8584fd36d43e573f342ef3c7fb1 does not exist

!ENTRY org.testng.eclipse 4 4 2021-07-16 16:27:34.581
!MESSAGE Error
!STACK 1
Java Model Exception: Java Model Status [Automation_Assignment_11.1-226ab3addc18f8584fd36d43e573f342ef3c7fb1 does not exist]
	at org.eclipse.jdt.internal.core.JavaElement.newNotPresentException(JavaElement.java:573)
	at org.eclipse.jdt.internal.core.JavaModelManager.getPerProjectInfoCheckExistence(JavaModelManager.java:2525)
	at org.eclipse.jdt.internal.core.JavaProject.getPerProjectInfo(JavaProject.java:2382)
	at org.eclipse.jdt.internal.core.JavaProject.getResolvedClasspath(JavaProject.java:2441)
	at org.eclipse.jdt.internal.core.PackageFragmentRoot.getResolvedClasspathEntry(PackageFragmentRoot.java:624)
	at org.testng.eclipse.ui.codemining.TestCodeMiningProvider.mineForTests(TestCodeMiningProvider.java:60)
	at org.testng.eclipse.ui.codemining.TestCodeMiningProvider.lambda$0(TestCodeMiningProvider.java:40)
	at java.base/java.util.concurrent.CompletableFuture$AsyncSupply.run(CompletableFuture.java:1764)
	at java.base/java.util.concurrent.CompletableFuture$AsyncSupply.exec(CompletableFuture.java:1756)
	at java.base/java.util.concurrent.ForkJoinTask.doExec(ForkJoinTask.java:295)
	at java.base/java.util.concurrent.ForkJoinPool$WorkQueue.topLevelExec(ForkJoinPool.java:1016)
	at java.base/java.util.concurrent.ForkJoinPool.scan(ForkJoinPool.java:1665)
	at java.base/java.util.concurrent.ForkJoinPool.runWorker(ForkJoinPool.java:1598)
	at java.base/java.util.concurrent.ForkJoinWorkerThread.run(ForkJoinWorkerThread.java:183)
!SUBENTRY 1 org.eclipse.jdt.core 4 969 2021-07-16 16:27:34.581
!MESSAGE Automation_Assignment_11.1-226ab3addc18f8584fd36d43e573f342ef3c7fb1 does not exist

!ENTRY org.testng.eclipse 4 4 2021-07-16 16:27:38.591
!MESSAGE Error
!STACK 1
Java Model Exception: Java Model Status [Automation_Assignment_11.1-226ab3addc18f8584fd36d43e573f342ef3c7fb1 does not exist]
	at org.eclipse.jdt.internal.core.JavaElement.newNotPresentException(JavaElement.java:573)
	at org.eclipse.jdt.internal.core.JavaModelManager.getPerProjectInfoCheckExistence(JavaModelManager.java:2525)
	at org.eclipse.jdt.internal.core.JavaProject.getPerProjectInfo(JavaProject.java:2382)
	at org.eclipse.jdt.internal.core.JavaProject.getResolvedClasspath(JavaProject.java:2441)
	at org.eclipse.jdt.internal.core.PackageFragmentRoot.getResolvedClasspathEntry(PackageFragmentRoot.java:624)
	at org.testng.eclipse.ui.codemining.TestCodeMiningProvider.mineForTests(TestCodeMiningProvider.java:60)
	at org.testng.eclipse.ui.codemining.TestCodeMiningProvider.lambda$0(TestCodeMiningProvider.java:40)
	at java.base/java.util.concurrent.CompletableFuture$AsyncSupply.run(CompletableFuture.java:1764)
	at java.base/java.util.concurrent.CompletableFuture$AsyncSupply.exec(CompletableFuture.java:1756)
	at java.base/java.util.concurrent.ForkJoinTask.doExec(ForkJoinTask.java:295)
	at java.base/java.util.concurrent.ForkJoinPool$WorkQueue.topLevelExec(ForkJoinPool.java:1016)
	at java.base/java.util.concurrent.ForkJoinPool.scan(ForkJoinPool.java:1665)
	at java.base/java.util.concurrent.ForkJoinPool.runWorker(ForkJoinPool.java:1598)
	at java.base/java.util.concurrent.ForkJoinWorkerThread.run(ForkJoinWorkerThread.java:183)
!SUBENTRY 1 org.eclipse.jdt.core 4 969 2021-07-16 16:27:38.591
!MESSAGE Automation_Assignment_11.1-226ab3addc18f8584fd36d43e573f342ef3c7fb1 does not exist

!ENTRY org.testng.eclipse 4 4 2021-07-16 16:28:17.837
!MESSAGE Error
!STACK 1
Java Model Exception: Java Model Status [Automation_Assignment_11.1-226ab3addc18f8584fd36d43e573f342ef3c7fb1 does not exist]
	at org.eclipse.jdt.internal.core.JavaElement.newNotPresentException(JavaElement.java:573)
	at org.eclipse.jdt.internal.core.JavaModelManager.getPerProjectInfoCheckExistence(JavaModelManager.java:2525)
	at org.eclipse.jdt.internal.core.JavaProject.getPerProjectInfo(JavaProject.java:2382)
	at org.eclipse.jdt.internal.core.JavaProject.getResolvedClasspath(JavaProject.java:2441)
	at org.eclipse.jdt.internal.core.PackageFragmentRoot.getResolvedClasspathEntry(PackageFragmentRoot.java:624)
	at org.testng.eclipse.ui.codemining.TestCodeMiningProvider.mineForTests(TestCodeMiningProvider.java:60)
	at org.testng.eclipse.ui.codemining.TestCodeMiningProvider.lambda$0(TestCodeMiningProvider.java:40)
	at java.base/java.util.concurrent.CompletableFuture$AsyncSupply.run(CompletableFuture.java:1764)
	at java.base/java.util.concurrent.CompletableFuture$AsyncSupply.exec(CompletableFuture.java:1756)
	at java.base/java.util.concurrent.ForkJoinTask.doExec(ForkJoinTask.java:295)
	at java.base/java.util.concurrent.ForkJoinPool$WorkQueue.topLevelExec(ForkJoinPool.java:1016)
	at java.base/java.util.concurrent.ForkJoinPool.scan(ForkJoinPool.java:1665)
	at java.base/java.util.concurrent.ForkJoinPool.runWorker(ForkJoinPool.java:1598)
	at java.base/java.util.concurrent.ForkJoinWorkerThread.run(ForkJoinWorkerThread.java:183)
!SUBENTRY 1 org.eclipse.jdt.core 4 969 2021-07-16 16:28:17.838
!MESSAGE Automation_Assignment_11.1-226ab3addc18f8584fd36d43e573f342ef3c7fb1 does not exist

!ENTRY org.testng.eclipse 4 4 2021-07-16 16:28:17.840
!MESSAGE Error
!STACK 1
Java Model Exception: Java Model Status [Automation_Assignment_11.1-226ab3addc18f8584fd36d43e573f342ef3c7fb1 does not exist]
	at org.eclipse.jdt.internal.core.JavaElement.newNotPresentException(JavaElement.java:573)
	at org.eclipse.jdt.internal.core.JavaModelManager.getPerProjectInfoCheckExistence(JavaModelManager.java:2525)
	at org.eclipse.jdt.internal.core.JavaProject.getPerProjectInfo(JavaProject.java:2382)
	at org.eclipse.jdt.internal.core.JavaProject.getResolvedClasspath(JavaProject.java:2441)
	at org.eclipse.jdt.internal.core.PackageFragmentRoot.getResolvedClasspathEntry(PackageFragmentRoot.java:624)
	at org.testng.eclipse.ui.codemining.TestCodeMiningProvider.mineForTests(TestCodeMiningProvider.java:60)
	at org.testng.eclipse.ui.codemining.TestCodeMiningProvider.lambda$0(TestCodeMiningProvider.java:40)
	at java.base/java.util.concurrent.CompletableFuture$AsyncSupply.run(CompletableFuture.java:1764)
	at java.base/java.util.concurrent.CompletableFuture$AsyncSupply.exec(CompletableFuture.java:1756)
	at java.base/java.util.concurrent.ForkJoinTask.doExec(ForkJoinTask.java:295)
	at java.base/java.util.concurrent.ForkJoinPool$WorkQueue.topLevelExec(ForkJoinPool.java:1016)
	at java.base/java.util.concurrent.ForkJoinPool.scan(ForkJoinPool.java:1665)
	at java.base/java.util.concurrent.ForkJoinPool.runWorker(ForkJoinPool.java:1598)
	at java.base/java.util.concurrent.ForkJoinWorkerThread.run(ForkJoinWorkerThread.java:183)
!SUBENTRY 1 org.eclipse.jdt.core 4 969 2021-07-16 16:28:17.840
!MESSAGE Automation_Assignment_11.1-226ab3addc18f8584fd36d43e573f342ef3c7fb1 does not exist

!ENTRY org.testng.eclipse 4 4 2021-07-16 16:28:18.337
!MESSAGE Error
!STACK 1
Java Model Exception: Java Model Status [Automation_Assignment_11.1-226ab3addc18f8584fd36d43e573f342ef3c7fb1 does not exist]
	at org.eclipse.jdt.internal.core.JavaElement.newNotPresentException(JavaElement.java:573)
	at org.eclipse.jdt.internal.core.JavaModelManager.getPerProjectInfoCheckExistence(JavaModelManager.java:2525)
	at org.eclipse.jdt.internal.core.JavaProject.getPerProjectInfo(JavaProject.java:2382)
	at org.eclipse.jdt.internal.core.JavaProject.getResolvedClasspath(JavaProject.java:2441)
	at org.eclipse.jdt.internal.core.PackageFragmentRoot.getResolvedClasspathEntry(PackageFragmentRoot.java:624)
	at org.testng.eclipse.ui.codemining.TestCodeMiningProvider.mineForTests(TestCodeMiningProvider.java:60)
	at org.testng.eclipse.ui.codemining.TestCodeMiningProvider.lambda$0(TestCodeMiningProvider.java:40)
	at java.base/java.util.concurrent.CompletableFuture$AsyncSupply.run(CompletableFuture.java:1764)
	at java.base/java.util.concurrent.CompletableFuture$AsyncSupply.exec(CompletableFuture.java:1756)
	at java.base/java.util.concurrent.ForkJoinTask.doExec(ForkJoinTask.java:295)
	at java.base/java.util.concurrent.ForkJoinPool$WorkQueue.topLevelExec(ForkJoinPool.java:1016)
	at java.base/java.util.concurrent.ForkJoinPool.scan(ForkJoinPool.java:1665)
	at java.base/java.util.concurrent.ForkJoinPool.runWorker(ForkJoinPool.java:1598)
	at java.base/java.util.concurrent.ForkJoinWorkerThread.run(ForkJoinWorkerThread.java:183)
!SUBENTRY 1 org.eclipse.jdt.core 4 969 2021-07-16 16:28:18.337
!MESSAGE Automation_Assignment_11.1-226ab3addc18f8584fd36d43e573f342ef3c7fb1 does not exist

!ENTRY org.testng.eclipse 4 4 2021-07-16 16:28:24.846
!MESSAGE Error
!STACK 1
Java Model Exception: Java Model Status [Automation_Assignment_11.1-226ab3addc18f8584fd36d43e573f342ef3c7fb1 does not exist]
	at org.eclipse.jdt.internal.core.JavaElement.newNotPresentException(JavaElement.java:573)
	at org.eclipse.jdt.internal.core.JavaModelManager.getPerProjectInfoCheckExistence(JavaModelManager.java:2525)
	at org.eclipse.jdt.internal.core.JavaProject.getPerProjectInfo(JavaProject.java:2382)
	at org.eclipse.jdt.internal.core.JavaProject.getResolvedClasspath(JavaProject.java:2441)
	at org.eclipse.jdt.internal.core.PackageFragmentRoot.getResolvedClasspathEntry(PackageFragmentRoot.java:624)
	at org.testng.eclipse.ui.codemining.TestCodeMiningProvider.mineForTests(TestCodeMiningProvider.java:60)
	at org.testng.eclipse.ui.codemining.TestCodeMiningProvider.lambda$0(TestCodeMiningProvider.java:40)
	at java.base/java.util.concurrent.CompletableFuture$AsyncSupply.run(CompletableFuture.java:1764)
	at java.base/java.util.concurrent.CompletableFuture$AsyncSupply.exec(CompletableFuture.java:1756)
	at java.base/java.util.concurrent.ForkJoinTask.doExec(ForkJoinTask.java:295)
	at java.base/java.util.concurrent.ForkJoinPool$WorkQueue.topLevelExec(ForkJoinPool.java:1016)
	at java.base/java.util.concurrent.ForkJoinPool.scan(ForkJoinPool.java:1665)
	at java.base/java.util.concurrent.ForkJoinPool.runWorker(ForkJoinPool.java:1598)
	at java.base/java.util.concurrent.ForkJoinWorkerThread.run(ForkJoinWorkerThread.java:183)
!SUBENTRY 1 org.eclipse.jdt.core 4 969 2021-07-16 16:28:24.847
!MESSAGE Automation_Assignment_11.1-226ab3addc18f8584fd36d43e573f342ef3c7fb1 does not exist

!ENTRY org.testng.eclipse 4 4 2021-07-16 16:28:26.852
!MESSAGE Error
!STACK 1
Java Model Exception: Java Model Status [Automation_Assignment_11.1-226ab3addc18f8584fd36d43e573f342ef3c7fb1 does not exist]
	at org.eclipse.jdt.internal.core.JavaElement.newNotPresentException(JavaElement.java:573)
	at org.eclipse.jdt.internal.core.JavaModelManager.getPerProjectInfoCheckExistence(JavaModelManager.java:2525)
	at org.eclipse.jdt.internal.core.JavaProject.getPerProjectInfo(JavaProject.java:2382)
	at org.eclipse.jdt.internal.core.JavaProject.getResolvedClasspath(JavaProject.java:2441)
	at org.eclipse.jdt.internal.core.PackageFragmentRoot.getResolvedClasspathEntry(PackageFragmentRoot.java:624)
	at org.testng.eclipse.ui.codemining.TestCodeMiningProvider.mineForTests(TestCodeMiningProvider.java:60)
	at org.testng.eclipse.ui.codemining.TestCodeMiningProvider.lambda$0(TestCodeMiningProvider.java:40)
	at java.base/java.util.concurrent.CompletableFuture$AsyncSupply.run(CompletableFuture.java:1764)
	at java.base/java.util.concurrent.CompletableFuture$AsyncSupply.exec(CompletableFuture.java:1756)
	at java.base/java.util.concurrent.ForkJoinTask.doExec(ForkJoinTask.java:295)
	at java.base/java.util.concurrent.ForkJoinPool$WorkQueue.topLevelExec(ForkJoinPool.java:1016)
	at java.base/java.util.concurrent.ForkJoinPool.scan(ForkJoinPool.java:1665)
	at java.base/java.util.concurrent.ForkJoinPool.runWorker(ForkJoinPool.java:1598)
	at java.base/java.util.concurrent.ForkJoinWorkerThread.run(ForkJoinWorkerThread.java:183)
!SUBENTRY 1 org.eclipse.jdt.core 4 969 2021-07-16 16:28:26.852
!MESSAGE Automation_Assignment_11.1-226ab3addc18f8584fd36d43e573f342ef3c7fb1 does not exist

!ENTRY org.testng.eclipse 4 4 2021-07-16 16:28:28.357
!MESSAGE Error
!STACK 1
Java Model Exception: Java Model Status [Automation_Assignment_11.1-226ab3addc18f8584fd36d43e573f342ef3c7fb1 does not exist]
	at org.eclipse.jdt.internal.core.JavaElement.newNotPresentException(JavaElement.java:573)
	at org.eclipse.jdt.internal.core.JavaModelManager.getPerProjectInfoCheckExistence(JavaModelManager.java:2525)
	at org.eclipse.jdt.internal.core.JavaProject.getPerProjectInfo(JavaProject.java:2382)
	at org.eclipse.jdt.internal.core.JavaProject.getResolvedClasspath(JavaProject.java:2441)
	at org.eclipse.jdt.internal.core.PackageFragmentRoot.getResolvedClasspathEntry(PackageFragmentRoot.java:624)
	at org.testng.eclipse.ui.codemining.TestCodeMiningProvider.mineForTests(TestCodeMiningProvider.java:60)
	at org.testng.eclipse.ui.codemining.TestCodeMiningProvider.lambda$0(TestCodeMiningProvider.java:40)
	at java.base/java.util.concurrent.CompletableFuture$AsyncSupply.run(CompletableFuture.java:1764)
	at java.base/java.util.concurrent.CompletableFuture$AsyncSupply.exec(CompletableFuture.java:1756)
	at java.base/java.util.concurrent.ForkJoinTask.doExec(ForkJoinTask.java:295)
	at java.base/java.util.concurrent.ForkJoinPool$WorkQueue.topLevelExec(ForkJoinPool.java:1016)
	at java.base/java.util.concurrent.ForkJoinPool.scan(ForkJoinPool.java:1665)
	at java.base/java.util.concurrent.ForkJoinPool.runWorker(ForkJoinPool.java:1598)
	at java.base/java.util.concurrent.ForkJoinWorkerThread.run(ForkJoinWorkerThread.java:183)
!SUBENTRY 1 org.eclipse.jdt.core 4 969 2021-07-16 16:28:28.357
!MESSAGE Automation_Assignment_11.1-226ab3addc18f8584fd36d43e573f342ef3c7fb1 does not exist

!ENTRY org.testng.eclipse 4 4 2021-07-16 16:28:32.861
!MESSAGE Error
!STACK 1
Java Model Exception: Java Model Status [Automation_Assignment_11.1-226ab3addc18f8584fd36d43e573f342ef3c7fb1 does not exist]
	at org.eclipse.jdt.internal.core.JavaElement.newNotPresentException(JavaElement.java:573)
	at org.eclipse.jdt.internal.core.JavaModelManager.getPerProjectInfoCheckExistence(JavaModelManager.java:2525)
	at org.eclipse.jdt.internal.core.JavaProject.getPerProjectInfo(JavaProject.java:2382)
	at org.eclipse.jdt.internal.core.JavaProject.getResolvedClasspath(JavaProject.java:2441)
	at org.eclipse.jdt.internal.core.PackageFragmentRoot.getResolvedClasspathEntry(PackageFragmentRoot.java:624)
	at org.testng.eclipse.ui.codemining.TestCodeMiningProvider.mineForTests(TestCodeMiningProvider.java:60)
	at org.testng.eclipse.ui.codemining.TestCodeMiningProvider.lambda$0(TestCodeMiningProvider.java:40)
	at java.base/java.util.concurrent.CompletableFuture$AsyncSupply.run(CompletableFuture.java:1764)
	at java.base/java.util.concurrent.CompletableFuture$AsyncSupply.exec(CompletableFuture.java:1756)
	at java.base/java.util.concurrent.ForkJoinTask.doExec(ForkJoinTask.java:295)
	at java.base/java.util.concurrent.ForkJoinPool$WorkQueue.topLevelExec(ForkJoinPool.java:1016)
	at java.base/java.util.concurrent.ForkJoinPool.scan(ForkJoinPool.java:1665)
	at java.base/java.util.concurrent.ForkJoinPool.runWorker(ForkJoinPool.java:1598)
	at java.base/java.util.concurrent.ForkJoinWorkerThread.run(ForkJoinWorkerThread.java:183)
!SUBENTRY 1 org.eclipse.jdt.core 4 969 2021-07-16 16:28:32.861
!MESSAGE Automation_Assignment_11.1-226ab3addc18f8584fd36d43e573f342ef3c7fb1 does not exist

!ENTRY org.testng.eclipse 4 4 2021-07-16 16:28:35.364
!MESSAGE Error
!STACK 1
Java Model Exception: Java Model Status [Automation_Assignment_11.1-226ab3addc18f8584fd36d43e573f342ef3c7fb1 does not exist]
	at org.eclipse.jdt.internal.core.JavaElement.newNotPresentException(JavaElement.java:573)
	at org.eclipse.jdt.internal.core.JavaModelManager.getPerProjectInfoCheckExistence(JavaModelManager.java:2525)
	at org.eclipse.jdt.internal.core.JavaProject.getPerProjectInfo(JavaProject.java:2382)
	at org.eclipse.jdt.internal.core.JavaProject.getResolvedClasspath(JavaProject.java:2441)
	at org.eclipse.jdt.internal.core.PackageFragmentRoot.getResolvedClasspathEntry(PackageFragmentRoot.java:624)
	at org.testng.eclipse.ui.codemining.TestCodeMiningProvider.mineForTests(TestCodeMiningProvider.java:60)
	at org.testng.eclipse.ui.codemining.TestCodeMiningProvider.lambda$0(TestCodeMiningProvider.java:40)
	at java.base/java.util.concurrent.CompletableFuture$AsyncSupply.run(CompletableFuture.java:1764)
	at java.base/java.util.concurrent.CompletableFuture$AsyncSupply.exec(CompletableFuture.java:1756)
	at java.base/java.util.concurrent.ForkJoinTask.doExec(ForkJoinTask.java:295)
	at java.base/java.util.concurrent.ForkJoinPool$WorkQueue.topLevelExec(ForkJoinPool.java:1016)
	at java.base/java.util.concurrent.ForkJoinPool.scan(ForkJoinPool.java:1665)
	at java.base/java.util.concurrent.ForkJoinPool.runWorker(ForkJoinPool.java:1598)
	at java.base/java.util.concurrent.ForkJoinWorkerThread.run(ForkJoinWorkerThread.java:183)
!SUBENTRY 1 org.eclipse.jdt.core 4 969 2021-07-16 16:28:35.364
!MESSAGE Automation_Assignment_11.1-226ab3addc18f8584fd36d43e573f342ef3c7fb1 does not exist

!ENTRY org.testng.eclipse 4 4 2021-07-16 16:28:42.369
!MESSAGE Error
!STACK 1
Java Model Exception: Java Model Status [Automation_Assignment_11.1-226ab3addc18f8584fd36d43e573f342ef3c7fb1 does not exist]
	at org.eclipse.jdt.internal.core.JavaElement.newNotPresentException(JavaElement.java:573)
	at org.eclipse.jdt.internal.core.JavaModelManager.getPerProjectInfoCheckExistence(JavaModelManager.java:2525)
	at org.eclipse.jdt.internal.core.JavaProject.getPerProjectInfo(JavaProject.java:2382)
	at org.eclipse.jdt.internal.core.JavaProject.getResolvedClasspath(JavaProject.java:2441)
	at org.eclipse.jdt.internal.core.PackageFragmentRoot.getResolvedClasspathEntry(PackageFragmentRoot.java:624)
	at org.testng.eclipse.ui.codemining.TestCodeMiningProvider.mineForTests(TestCodeMiningProvider.java:60)
	at org.testng.eclipse.ui.codemining.TestCodeMiningProvider.lambda$0(TestCodeMiningProvider.java:40)
	at java.base/java.util.concurrent.CompletableFuture$AsyncSupply.run(CompletableFuture.java:1764)
	at java.base/java.util.concurrent.CompletableFuture$AsyncSupply.exec(CompletableFuture.java:1756)
	at java.base/java.util.concurrent.ForkJoinTask.doExec(ForkJoinTask.java:295)
	at java.base/java.util.concurrent.ForkJoinPool$WorkQueue.topLevelExec(ForkJoinPool.java:1016)
	at java.base/java.util.concurrent.ForkJoinPool.scan(ForkJoinPool.java:1665)
	at java.base/java.util.concurrent.ForkJoinPool.runWorker(ForkJoinPool.java:1598)
	at java.base/java.util.concurrent.ForkJoinWorkerThread.run(ForkJoinWorkerThread.java:183)
!SUBENTRY 1 org.eclipse.jdt.core 4 969 2021-07-16 16:28:42.370
!MESSAGE Automation_Assignment_11.1-226ab3addc18f8584fd36d43e573f342ef3c7fb1 does not exist

!ENTRY org.testng.eclipse 4 4 2021-07-16 16:28:44.263
!MESSAGE Error
!STACK 1
Java Model Exception: Java Model Status [Automation_Assignment_11.1-226ab3addc18f8584fd36d43e573f342ef3c7fb1 does not exist]
	at org.eclipse.jdt.internal.core.JavaElement.newNotPresentException(JavaElement.java:573)
	at org.eclipse.jdt.internal.core.JavaModelManager.getPerProjectInfoCheckExistence(JavaModelManager.java:2525)
	at org.eclipse.jdt.internal.core.JavaProject.getPerProjectInfo(JavaProject.java:2382)
	at org.eclipse.jdt.internal.core.JavaProject.getResolvedClasspath(JavaProject.java:2441)
	at org.eclipse.jdt.internal.core.PackageFragmentRoot.getResolvedClasspathEntry(PackageFragmentRoot.java:624)
	at org.testng.eclipse.ui.codemining.TestCodeMiningProvider.mineForTests(TestCodeMiningProvider.java:60)
	at org.testng.eclipse.ui.codemining.TestCodeMiningProvider.lambda$0(TestCodeMiningProvider.java:40)
	at java.base/java.util.concurrent.CompletableFuture$AsyncSupply.run(CompletableFuture.java:1764)
	at java.base/java.util.concurrent.CompletableFuture$AsyncSupply.exec(CompletableFuture.java:1756)
	at java.base/java.util.concurrent.ForkJoinTask.doExec(ForkJoinTask.java:295)
	at java.base/java.util.concurrent.ForkJoinPool$WorkQueue.topLevelExec(ForkJoinPool.java:1016)
	at java.base/java.util.concurrent.ForkJoinPool.scan(ForkJoinPool.java:1665)
	at java.base/java.util.concurrent.ForkJoinPool.runWorker(ForkJoinPool.java:1598)
	at java.base/java.util.concurrent.ForkJoinWorkerThread.run(ForkJoinWorkerThread.java:183)
!SUBENTRY 1 org.eclipse.jdt.core 4 969 2021-07-16 16:28:44.263
!MESSAGE Automation_Assignment_11.1-226ab3addc18f8584fd36d43e573f342ef3c7fb1 does not exist

!ENTRY org.testng.eclipse 4 4 2021-07-16 16:28:44.265
!MESSAGE Error
!STACK 1
Java Model Exception: Java Model Status [Automation_Assignment_11.1-226ab3addc18f8584fd36d43e573f342ef3c7fb1 does not exist]
	at org.eclipse.jdt.internal.core.JavaElement.newNotPresentException(JavaElement.java:573)
	at org.eclipse.jdt.internal.core.JavaModelManager.getPerProjectInfoCheckExistence(JavaModelManager.java:2525)
	at org.eclipse.jdt.internal.core.JavaProject.getPerProjectInfo(JavaProject.java:2382)
	at org.eclipse.jdt.internal.core.JavaProject.getResolvedClasspath(JavaProject.java:2441)
	at org.eclipse.jdt.internal.core.PackageFragmentRoot.getResolvedClasspathEntry(PackageFragmentRoot.java:624)
	at org.testng.eclipse.ui.codemining.TestCodeMiningProvider.mineForTests(TestCodeMiningProvider.java:60)
	at org.testng.eclipse.ui.codemining.TestCodeMiningProvider.lambda$0(TestCodeMiningProvider.java:40)
	at java.base/java.util.concurrent.CompletableFuture$AsyncSupply.run(CompletableFuture.java:1764)
	at java.base/java.util.concurrent.CompletableFuture$AsyncSupply.exec(CompletableFuture.java:1756)
	at java.base/java.util.concurrent.ForkJoinTask.doExec(ForkJoinTask.java:295)
	at java.base/java.util.concurrent.ForkJoinPool$WorkQueue.topLevelExec(ForkJoinPool.java:1016)
	at java.base/java.util.concurrent.ForkJoinPool.scan(ForkJoinPool.java:1665)
	at java.base/java.util.concurrent.ForkJoinPool.runWorker(ForkJoinPool.java:1598)
	at java.base/java.util.concurrent.ForkJoinWorkerThread.run(ForkJoinWorkerThread.java:183)
!SUBENTRY 1 org.eclipse.jdt.core 4 969 2021-07-16 16:28:44.265
!MESSAGE Automation_Assignment_11.1-226ab3addc18f8584fd36d43e573f342ef3c7fb1 does not exist

!ENTRY org.testng.eclipse 4 4 2021-07-16 16:28:44.760
!MESSAGE Error
!STACK 1
Java Model Exception: Java Model Status [Automation_Assignment_11.1-226ab3addc18f8584fd36d43e573f342ef3c7fb1 does not exist]
	at org.eclipse.jdt.internal.core.JavaElement.newNotPresentException(JavaElement.java:573)
	at org.eclipse.jdt.internal.core.JavaModelManager.getPerProjectInfoCheckExistence(JavaModelManager.java:2525)
	at org.eclipse.jdt.internal.core.JavaProject.getPerProjectInfo(JavaProject.java:2382)
	at org.eclipse.jdt.internal.core.JavaProject.getResolvedClasspath(JavaProject.java:2441)
	at org.eclipse.jdt.internal.core.PackageFragmentRoot.getResolvedClasspathEntry(PackageFragmentRoot.java:624)
	at org.testng.eclipse.ui.codemining.TestCodeMiningProvider.mineForTests(TestCodeMiningProvider.java:60)
	at org.testng.eclipse.ui.codemining.TestCodeMiningProvider.lambda$0(TestCodeMiningProvider.java:40)
	at java.base/java.util.concurrent.CompletableFuture$AsyncSupply.run(CompletableFuture.java:1764)
	at java.base/java.util.concurrent.CompletableFuture$AsyncSupply.exec(CompletableFuture.java:1756)
	at java.base/java.util.concurrent.ForkJoinTask.doExec(ForkJoinTask.java:295)
	at java.base/java.util.concurrent.ForkJoinPool$WorkQueue.topLevelExec(ForkJoinPool.java:1016)
	at java.base/java.util.concurrent.ForkJoinPool.scan(ForkJoinPool.java:1665)
	at java.base/java.util.concurrent.ForkJoinPool.runWorker(ForkJoinPool.java:1598)
	at java.base/java.util.concurrent.ForkJoinWorkerThread.run(ForkJoinWorkerThread.java:183)
!SUBENTRY 1 org.eclipse.jdt.core 4 969 2021-07-16 16:28:44.760
!MESSAGE Automation_Assignment_11.1-226ab3addc18f8584fd36d43e573f342ef3c7fb1 does not exist

!ENTRY org.testng.eclipse 4 4 2021-07-16 16:30:16.822
!MESSAGE Error
!STACK 1
Java Model Exception: Java Model Status [Automation_Assignment_11.1-226ab3addc18f8584fd36d43e573f342ef3c7fb1 does not exist]
	at org.eclipse.jdt.internal.core.JavaElement.newNotPresentException(JavaElement.java:573)
	at org.eclipse.jdt.internal.core.JavaModelManager.getPerProjectInfoCheckExistence(JavaModelManager.java:2525)
	at org.eclipse.jdt.internal.core.JavaProject.getPerProjectInfo(JavaProject.java:2382)
	at org.eclipse.jdt.internal.core.JavaProject.getResolvedClasspath(JavaProject.java:2441)
	at org.eclipse.jdt.internal.core.PackageFragmentRoot.getResolvedClasspathEntry(PackageFragmentRoot.java:624)
	at org.testng.eclipse.ui.codemining.TestCodeMiningProvider.mineForTests(TestCodeMiningProvider.java:60)
	at org.testng.eclipse.ui.codemining.TestCodeMiningProvider.lambda$0(TestCodeMiningProvider.java:40)
	at java.base/java.util.concurrent.CompletableFuture$AsyncSupply.run(CompletableFuture.java:1764)
	at java.base/java.util.concurrent.CompletableFuture$AsyncSupply.exec(CompletableFuture.java:1756)
	at java.base/java.util.concurrent.ForkJoinTask.doExec(ForkJoinTask.java:295)
	at java.base/java.util.concurrent.ForkJoinPool$WorkQueue.topLevelExec(ForkJoinPool.java:1016)
	at java.base/java.util.concurrent.ForkJoinPool.scan(ForkJoinPool.java:1665)
	at java.base/java.util.concurrent.ForkJoinPool.runWorker(ForkJoinPool.java:1598)
	at java.base/java.util.concurrent.ForkJoinWorkerThread.run(ForkJoinWorkerThread.java:183)
!SUBENTRY 1 org.eclipse.jdt.core 4 969 2021-07-16 16:30:16.823
!MESSAGE Automation_Assignment_11.1-226ab3addc18f8584fd36d43e573f342ef3c7fb1 does not exist

!ENTRY org.testng.eclipse 4 4 2021-07-16 16:30:28.468
!MESSAGE Error
!STACK 1
Java Model Exception: Java Model Status [Automation_Assignment_11.1-226ab3addc18f8584fd36d43e573f342ef3c7fb1 does not exist]
	at org.eclipse.jdt.internal.core.JavaElement.newNotPresentException(JavaElement.java:573)
	at org.eclipse.jdt.internal.core.JavaModelManager.getPerProjectInfoCheckExistence(JavaModelManager.java:2525)
	at org.eclipse.jdt.internal.core.JavaProject.getPerProjectInfo(JavaProject.java:2382)
	at org.eclipse.jdt.internal.core.JavaProject.getResolvedClasspath(JavaProject.java:2441)
	at org.eclipse.jdt.internal.core.PackageFragmentRoot.getResolvedClasspathEntry(PackageFragmentRoot.java:624)
	at org.testng.eclipse.ui.codemining.TestCodeMiningProvider.mineForTests(TestCodeMiningProvider.java:60)
	at org.testng.eclipse.ui.codemining.TestCodeMiningProvider.lambda$0(TestCodeMiningProvider.java:40)
	at java.base/java.util.concurrent.CompletableFuture$AsyncSupply.run(CompletableFuture.java:1764)
	at java.base/java.util.concurrent.CompletableFuture$AsyncSupply.exec(CompletableFuture.java:1756)
	at java.base/java.util.concurrent.ForkJoinTask.doExec(ForkJoinTask.java:295)
	at java.base/java.util.concurrent.ForkJoinPool$WorkQueue.topLevelExec(ForkJoinPool.java:1016)
	at java.base/java.util.concurrent.ForkJoinPool.scan(ForkJoinPool.java:1665)
	at java.base/java.util.concurrent.ForkJoinPool.runWorker(ForkJoinPool.java:1598)
	at java.base/java.util.concurrent.ForkJoinWorkerThread.run(ForkJoinWorkerThread.java:183)
!SUBENTRY 1 org.eclipse.jdt.core 4 969 2021-07-16 16:30:28.468
!MESSAGE Automation_Assignment_11.1-226ab3addc18f8584fd36d43e573f342ef3c7fb1 does not exist

!ENTRY org.testng.eclipse 4 4 2021-07-16 16:30:28.470
!MESSAGE Error
!STACK 1
Java Model Exception: Java Model Status [Automation_Assignment_11.1-226ab3addc18f8584fd36d43e573f342ef3c7fb1 does not exist]
	at org.eclipse.jdt.internal.core.JavaElement.newNotPresentException(JavaElement.java:573)
	at org.eclipse.jdt.internal.core.JavaModelManager.getPerProjectInfoCheckExistence(JavaModelManager.java:2525)
	at org.eclipse.jdt.internal.core.JavaProject.getPerProjectInfo(JavaProject.java:2382)
	at org.eclipse.jdt.internal.core.JavaProject.getResolvedClasspath(JavaProject.java:2441)
	at org.eclipse.jdt.internal.core.PackageFragmentRoot.getResolvedClasspathEntry(PackageFragmentRoot.java:624)
	at org.testng.eclipse.ui.codemining.TestCodeMiningProvider.mineForTests(TestCodeMiningProvider.java:60)
	at org.testng.eclipse.ui.codemining.TestCodeMiningProvider.lambda$0(TestCodeMiningProvider.java:40)
	at java.base/java.util.concurrent.CompletableFuture$AsyncSupply.run(CompletableFuture.java:1764)
	at java.base/java.util.concurrent.CompletableFuture$AsyncSupply.exec(CompletableFuture.java:1756)
	at java.base/java.util.concurrent.ForkJoinTask.doExec(ForkJoinTask.java:295)
	at java.base/java.util.concurrent.ForkJoinPool$WorkQueue.topLevelExec(ForkJoinPool.java:1016)
	at java.base/java.util.concurrent.ForkJoinPool.scan(ForkJoinPool.java:1665)
	at java.base/java.util.concurrent.ForkJoinPool.runWorker(ForkJoinPool.java:1598)
	at java.base/java.util.concurrent.ForkJoinWorkerThread.run(ForkJoinWorkerThread.java:183)
!SUBENTRY 1 org.eclipse.jdt.core 4 969 2021-07-16 16:30:28.470
!MESSAGE Automation_Assignment_11.1-226ab3addc18f8584fd36d43e573f342ef3c7fb1 does not exist

!ENTRY org.testng.eclipse 4 4 2021-07-16 16:30:28.967
!MESSAGE Error
!STACK 1
Java Model Exception: Java Model Status [Automation_Assignment_11.1-226ab3addc18f8584fd36d43e573f342ef3c7fb1 does not exist]
	at org.eclipse.jdt.internal.core.JavaElement.newNotPresentException(JavaElement.java:573)
	at org.eclipse.jdt.internal.core.JavaModelManager.getPerProjectInfoCheckExistence(JavaModelManager.java:2525)
	at org.eclipse.jdt.internal.core.JavaProject.getPerProjectInfo(JavaProject.java:2382)
	at org.eclipse.jdt.internal.core.JavaProject.getResolvedClasspath(JavaProject.java:2441)
	at org.eclipse.jdt.internal.core.PackageFragmentRoot.getResolvedClasspathEntry(PackageFragmentRoot.java:624)
	at org.testng.eclipse.ui.codemining.TestCodeMiningProvider.mineForTests(TestCodeMiningProvider.java:60)
	at org.testng.eclipse.ui.codemining.TestCodeMiningProvider.lambda$0(TestCodeMiningProvider.java:40)
	at java.base/java.util.concurrent.CompletableFuture$AsyncSupply.run(CompletableFuture.java:1764)
	at java.base/java.util.concurrent.CompletableFuture$AsyncSupply.exec(CompletableFuture.java:1756)
	at java.base/java.util.concurrent.ForkJoinTask.doExec(ForkJoinTask.java:295)
	at java.base/java.util.concurrent.ForkJoinPool$WorkQueue.topLevelExec(ForkJoinPool.java:1016)
	at java.base/java.util.concurrent.ForkJoinPool.scan(ForkJoinPool.java:1665)
	at java.base/java.util.concurrent.ForkJoinPool.runWorker(ForkJoinPool.java:1598)
	at java.base/java.util.concurrent.ForkJoinWorkerThread.run(ForkJoinWorkerThread.java:183)
!SUBENTRY 1 org.eclipse.jdt.core 4 969 2021-07-16 16:30:28.967
!MESSAGE Automation_Assignment_11.1-226ab3addc18f8584fd36d43e573f342ef3c7fb1 does not exist

!ENTRY org.testng.eclipse 4 4 2021-07-16 16:30:40.978
!MESSAGE Error
!STACK 1
Java Model Exception: Java Model Status [Automation_Assignment_11.1-226ab3addc18f8584fd36d43e573f342ef3c7fb1 does not exist]
	at org.eclipse.jdt.internal.core.JavaElement.newNotPresentException(JavaElement.java:573)
	at org.eclipse.jdt.internal.core.JavaModelManager.getPerProjectInfoCheckExistence(JavaModelManager.java:2525)
	at org.eclipse.jdt.internal.core.JavaProject.getPerProjectInfo(JavaProject.java:2382)
	at org.eclipse.jdt.internal.core.JavaProject.getResolvedClasspath(JavaProject.java:2441)
	at org.eclipse.jdt.internal.core.PackageFragmentRoot.getResolvedClasspathEntry(PackageFragmentRoot.java:624)
	at org.testng.eclipse.ui.codemining.TestCodeMiningProvider.mineForTests(TestCodeMiningProvider.java:60)
	at org.testng.eclipse.ui.codemining.TestCodeMiningProvider.lambda$0(TestCodeMiningProvider.java:40)
	at java.base/java.util.concurrent.CompletableFuture$AsyncSupply.run(CompletableFuture.java:1764)
	at java.base/java.util.concurrent.CompletableFuture$AsyncSupply.exec(CompletableFuture.java:1756)
	at java.base/java.util.concurrent.ForkJoinTask.doExec(ForkJoinTask.java:295)
	at java.base/java.util.concurrent.ForkJoinPool$WorkQueue.topLevelExec(ForkJoinPool.java:1016)
	at java.base/java.util.concurrent.ForkJoinPool.scan(ForkJoinPool.java:1665)
	at java.base/java.util.concurrent.ForkJoinPool.runWorker(ForkJoinPool.java:1598)
	at java.base/java.util.concurrent.ForkJoinWorkerThread.run(ForkJoinWorkerThread.java:183)
!SUBENTRY 1 org.eclipse.jdt.core 4 969 2021-07-16 16:30:40.978
!MESSAGE Automation_Assignment_11.1-226ab3addc18f8584fd36d43e573f342ef3c7fb1 does not exist

!ENTRY org.testng.eclipse 4 4 2021-07-16 16:30:44.984
!MESSAGE Error
!STACK 1
Java Model Exception: Java Model Status [Automation_Assignment_11.1-226ab3addc18f8584fd36d43e573f342ef3c7fb1 does not exist]
	at org.eclipse.jdt.internal.core.JavaElement.newNotPresentException(JavaElement.java:573)
	at org.eclipse.jdt.internal.core.JavaModelManager.getPerProjectInfoCheckExistence(JavaModelManager.java:2525)
	at org.eclipse.jdt.internal.core.JavaProject.getPerProjectInfo(JavaProject.java:2382)
	at org.eclipse.jdt.internal.core.JavaProject.getResolvedClasspath(JavaProject.java:2441)
	at org.eclipse.jdt.internal.core.PackageFragmentRoot.getResolvedClasspathEntry(PackageFragmentRoot.java:624)
	at org.testng.eclipse.ui.codemining.TestCodeMiningProvider.mineForTests(TestCodeMiningProvider.java:60)
	at org.testng.eclipse.ui.codemining.TestCodeMiningProvider.lambda$0(TestCodeMiningProvider.java:40)
	at java.base/java.util.concurrent.CompletableFuture$AsyncSupply.run(CompletableFuture.java:1764)
	at java.base/java.util.concurrent.CompletableFuture$AsyncSupply.exec(CompletableFuture.java:1756)
	at java.base/java.util.concurrent.ForkJoinTask.doExec(ForkJoinTask.java:295)
	at java.base/java.util.concurrent.ForkJoinPool$WorkQueue.topLevelExec(ForkJoinPool.java:1016)
	at java.base/java.util.concurrent.ForkJoinPool.scan(ForkJoinPool.java:1665)
	at java.base/java.util.concurrent.ForkJoinPool.runWorker(ForkJoinPool.java:1598)
	at java.base/java.util.concurrent.ForkJoinWorkerThread.run(ForkJoinWorkerThread.java:183)
!SUBENTRY 1 org.eclipse.jdt.core 4 969 2021-07-16 16:30:44.984
!MESSAGE Automation_Assignment_11.1-226ab3addc18f8584fd36d43e573f342ef3c7fb1 does not exist

!ENTRY org.testng.eclipse 4 4 2021-07-16 16:31:19.253
!MESSAGE Error
!STACK 1
Java Model Exception: Java Model Status [Automation_Assignment_11.1-226ab3addc18f8584fd36d43e573f342ef3c7fb1 does not exist]
	at org.eclipse.jdt.internal.core.JavaElement.newNotPresentException(JavaElement.java:573)
	at org.eclipse.jdt.internal.core.JavaModelManager.getPerProjectInfoCheckExistence(JavaModelManager.java:2525)
	at org.eclipse.jdt.internal.core.JavaProject.getPerProjectInfo(JavaProject.java:2382)
	at org.eclipse.jdt.internal.core.JavaProject.getResolvedClasspath(JavaProject.java:2441)
	at org.eclipse.jdt.internal.core.PackageFragmentRoot.getResolvedClasspathEntry(PackageFragmentRoot.java:624)
	at org.testng.eclipse.ui.codemining.TestCodeMiningProvider.mineForTests(TestCodeMiningProvider.java:60)
	at org.testng.eclipse.ui.codemining.TestCodeMiningProvider.lambda$0(TestCodeMiningProvider.java:40)
	at java.base/java.util.concurrent.CompletableFuture$AsyncSupply.run(CompletableFuture.java:1764)
	at java.base/java.util.concurrent.CompletableFuture$AsyncSupply.exec(CompletableFuture.java:1756)
	at java.base/java.util.concurrent.ForkJoinTask.doExec(ForkJoinTask.java:295)
	at java.base/java.util.concurrent.ForkJoinPool$WorkQueue.topLevelExec(ForkJoinPool.java:1016)
	at java.base/java.util.concurrent.ForkJoinPool.scan(ForkJoinPool.java:1665)
	at java.base/java.util.concurrent.ForkJoinPool.runWorker(ForkJoinPool.java:1598)
	at java.base/java.util.concurrent.ForkJoinWorkerThread.run(ForkJoinWorkerThread.java:183)
!SUBENTRY 1 org.eclipse.jdt.core 4 969 2021-07-16 16:31:19.253
!MESSAGE Automation_Assignment_11.1-226ab3addc18f8584fd36d43e573f342ef3c7fb1 does not exist

!ENTRY org.testng.eclipse 4 4 2021-07-16 16:31:27.263
!MESSAGE Error
!STACK 1
Java Model Exception: Java Model Status [Automation_Assignment_11.1-226ab3addc18f8584fd36d43e573f342ef3c7fb1 does not exist]
	at org.eclipse.jdt.internal.core.JavaElement.newNotPresentException(JavaElement.java:573)
	at org.eclipse.jdt.internal.core.JavaModelManager.getPerProjectInfoCheckExistence(JavaModelManager.java:2525)
	at org.eclipse.jdt.internal.core.JavaProject.getPerProjectInfo(JavaProject.java:2382)
	at org.eclipse.jdt.internal.core.JavaProject.getResolvedClasspath(JavaProject.java:2441)
	at org.eclipse.jdt.internal.core.PackageFragmentRoot.getResolvedClasspathEntry(PackageFragmentRoot.java:624)
	at org.testng.eclipse.ui.codemining.TestCodeMiningProvider.mineForTests(TestCodeMiningProvider.java:60)
	at org.testng.eclipse.ui.codemining.TestCodeMiningProvider.lambda$0(TestCodeMiningProvider.java:40)
	at java.base/java.util.concurrent.CompletableFuture$AsyncSupply.run(CompletableFuture.java:1764)
	at java.base/java.util.concurrent.CompletableFuture$AsyncSupply.exec(CompletableFuture.java:1756)
	at java.base/java.util.concurrent.ForkJoinTask.doExec(ForkJoinTask.java:295)
	at java.base/java.util.concurrent.ForkJoinPool$WorkQueue.topLevelExec(ForkJoinPool.java:1016)
	at java.base/java.util.concurrent.ForkJoinPool.scan(ForkJoinPool.java:1665)
	at java.base/java.util.concurrent.ForkJoinPool.runWorker(ForkJoinPool.java:1598)
	at java.base/java.util.concurrent.ForkJoinWorkerThread.run(ForkJoinWorkerThread.java:183)
!SUBENTRY 1 org.eclipse.jdt.core 4 969 2021-07-16 16:31:27.263
!MESSAGE Automation_Assignment_11.1-226ab3addc18f8584fd36d43e573f342ef3c7fb1 does not exist

!ENTRY org.testng.eclipse 4 4 2021-07-16 16:32:09.792
!MESSAGE Error
!STACK 1
Java Model Exception: Java Model Status [Automation_Assignment_11.1-226ab3addc18f8584fd36d43e573f342ef3c7fb1 does not exist]
	at org.eclipse.jdt.internal.core.JavaElement.newNotPresentException(JavaElement.java:573)
	at org.eclipse.jdt.internal.core.JavaModelManager.getPerProjectInfoCheckExistence(JavaModelManager.java:2525)
	at org.eclipse.jdt.internal.core.JavaProject.getPerProjectInfo(JavaProject.java:2382)
	at org.eclipse.jdt.internal.core.JavaProject.getResolvedClasspath(JavaProject.java:2441)
	at org.eclipse.jdt.internal.core.PackageFragmentRoot.getResolvedClasspathEntry(PackageFragmentRoot.java:624)
	at org.testng.eclipse.ui.codemining.TestCodeMiningProvider.mineForTests(TestCodeMiningProvider.java:60)
	at org.testng.eclipse.ui.codemining.TestCodeMiningProvider.lambda$0(TestCodeMiningProvider.java:40)
	at java.base/java.util.concurrent.CompletableFuture$AsyncSupply.run(CompletableFuture.java:1764)
	at java.base/java.util.concurrent.CompletableFuture$AsyncSupply.exec(CompletableFuture.java:1756)
	at java.base/java.util.concurrent.ForkJoinTask.doExec(ForkJoinTask.java:295)
	at java.base/java.util.concurrent.ForkJoinPool$WorkQueue.topLevelExec(ForkJoinPool.java:1016)
	at java.base/java.util.concurrent.ForkJoinPool.scan(ForkJoinPool.java:1665)
	at java.base/java.util.concurrent.ForkJoinPool.runWorker(ForkJoinPool.java:1598)
	at java.base/java.util.concurrent.ForkJoinWorkerThread.run(ForkJoinWorkerThread.java:183)
!SUBENTRY 1 org.eclipse.jdt.core 4 969 2021-07-16 16:32:09.793
!MESSAGE Automation_Assignment_11.1-226ab3addc18f8584fd36d43e573f342ef3c7fb1 does not exist

!ENTRY org.testng.eclipse 4 4 2021-07-16 16:32:34.608
!MESSAGE Error
!STACK 1
Java Model Exception: Java Model Status [Automation_Assignment_11.1-226ab3addc18f8584fd36d43e573f342ef3c7fb1 does not exist]
	at org.eclipse.jdt.internal.core.JavaElement.newNotPresentException(JavaElement.java:573)
	at org.eclipse.jdt.internal.core.JavaModelManager.getPerProjectInfoCheckExistence(JavaModelManager.java:2525)
	at org.eclipse.jdt.internal.core.JavaProject.getPerProjectInfo(JavaProject.java:2382)
	at org.eclipse.jdt.internal.core.JavaProject.getResolvedClasspath(JavaProject.java:2441)
	at org.eclipse.jdt.internal.core.PackageFragmentRoot.getResolvedClasspathEntry(PackageFragmentRoot.java:624)
	at org.testng.eclipse.ui.codemining.TestCodeMiningProvider.mineForTests(TestCodeMiningProvider.java:60)
	at org.testng.eclipse.ui.codemining.TestCodeMiningProvider.lambda$0(TestCodeMiningProvider.java:40)
	at java.base/java.util.concurrent.CompletableFuture$AsyncSupply.run(CompletableFuture.java:1764)
	at java.base/java.util.concurrent.CompletableFuture$AsyncSupply.exec(CompletableFuture.java:1756)
	at java.base/java.util.concurrent.ForkJoinTask.doExec(ForkJoinTask.java:295)
	at java.base/java.util.concurrent.ForkJoinPool$WorkQueue.topLevelExec(ForkJoinPool.java:1016)
	at java.base/java.util.concurrent.ForkJoinPool.scan(ForkJoinPool.java:1665)
	at java.base/java.util.concurrent.ForkJoinPool.runWorker(ForkJoinPool.java:1598)
	at java.base/java.util.concurrent.ForkJoinWorkerThread.run(ForkJoinWorkerThread.java:183)
!SUBENTRY 1 org.eclipse.jdt.core 4 969 2021-07-16 16:32:34.608
!MESSAGE Automation_Assignment_11.1-226ab3addc18f8584fd36d43e573f342ef3c7fb1 does not exist

!ENTRY org.testng.eclipse 4 4 2021-07-16 16:32:46.814
!MESSAGE Error
!STACK 1
Java Model Exception: Java Model Status [Automation_Assignment_11.1-226ab3addc18f8584fd36d43e573f342ef3c7fb1 does not exist]
	at org.eclipse.jdt.internal.core.JavaElement.newNotPresentException(JavaElement.java:573)
	at org.eclipse.jdt.internal.core.JavaModelManager.getPerProjectInfoCheckExistence(JavaModelManager.java:2525)
	at org.eclipse.jdt.internal.core.JavaProject.getPerProjectInfo(JavaProject.java:2382)
	at org.eclipse.jdt.internal.core.JavaProject.getResolvedClasspath(JavaProject.java:2441)
	at org.eclipse.jdt.internal.core.PackageFragmentRoot.getResolvedClasspathEntry(PackageFragmentRoot.java:624)
	at org.testng.eclipse.ui.codemining.TestCodeMiningProvider.mineForTests(TestCodeMiningProvider.java:60)
	at org.testng.eclipse.ui.codemining.TestCodeMiningProvider.lambda$0(TestCodeMiningProvider.java:40)
	at java.base/java.util.concurrent.CompletableFuture$AsyncSupply.run(CompletableFuture.java:1764)
	at java.base/java.util.concurrent.CompletableFuture$AsyncSupply.exec(CompletableFuture.java:1756)
	at java.base/java.util.concurrent.ForkJoinTask.doExec(ForkJoinTask.java:295)
	at java.base/java.util.concurrent.ForkJoinPool$WorkQueue.topLevelExec(ForkJoinPool.java:1016)
	at java.base/java.util.concurrent.ForkJoinPool.scan(ForkJoinPool.java:1665)
	at java.base/java.util.concurrent.ForkJoinPool.runWorker(ForkJoinPool.java:1598)
	at java.base/java.util.concurrent.ForkJoinWorkerThread.run(ForkJoinWorkerThread.java:183)
!SUBENTRY 1 org.eclipse.jdt.core 4 969 2021-07-16 16:32:46.814
!MESSAGE Automation_Assignment_11.1-226ab3addc18f8584fd36d43e573f342ef3c7fb1 does not exist

!ENTRY org.testng.eclipse 4 4 2021-07-16 16:33:15.053
!MESSAGE Error
!STACK 1
Java Model Exception: Java Model Status [Automation_Assignment_11.1-226ab3addc18f8584fd36d43e573f342ef3c7fb1 does not exist]
	at org.eclipse.jdt.internal.core.JavaElement.newNotPresentException(JavaElement.java:573)
	at org.eclipse.jdt.internal.core.JavaModelManager.getPerProjectInfoCheckExistence(JavaModelManager.java:2525)
	at org.eclipse.jdt.internal.core.JavaProject.getPerProjectInfo(JavaProject.java:2382)
	at org.eclipse.jdt.internal.core.JavaProject.getResolvedClasspath(JavaProject.java:2441)
	at org.eclipse.jdt.internal.core.PackageFragmentRoot.getResolvedClasspathEntry(PackageFragmentRoot.java:624)
	at org.testng.eclipse.ui.codemining.TestCodeMiningProvider.mineForTests(TestCodeMiningProvider.java:60)
	at org.testng.eclipse.ui.codemining.TestCodeMiningProvider.lambda$0(TestCodeMiningProvider.java:40)
	at java.base/java.util.concurrent.CompletableFuture$AsyncSupply.run(CompletableFuture.java:1764)
	at java.base/java.util.concurrent.CompletableFuture$AsyncSupply.exec(CompletableFuture.java:1756)
	at java.base/java.util.concurrent.ForkJoinTask.doExec(ForkJoinTask.java:295)
	at java.base/java.util.concurrent.ForkJoinPool$WorkQueue.topLevelExec(ForkJoinPool.java:1016)
	at java.base/java.util.concurrent.ForkJoinPool.scan(ForkJoinPool.java:1665)
	at java.base/java.util.concurrent.ForkJoinPool.runWorker(ForkJoinPool.java:1598)
	at java.base/java.util.concurrent.ForkJoinWorkerThread.run(ForkJoinWorkerThread.java:183)
!SUBENTRY 1 org.eclipse.jdt.core 4 969 2021-07-16 16:33:15.053
!MESSAGE Automation_Assignment_11.1-226ab3addc18f8584fd36d43e573f342ef3c7fb1 does not exist

!ENTRY org.testng.eclipse 4 4 2021-07-16 16:33:28.942
!MESSAGE Error
!STACK 1
Java Model Exception: Java Model Status [Automation_Assignment_11.1-226ab3addc18f8584fd36d43e573f342ef3c7fb1 does not exist]
	at org.eclipse.jdt.internal.core.JavaElement.newNotPresentException(JavaElement.java:573)
	at org.eclipse.jdt.internal.core.JavaModelManager.getPerProjectInfoCheckExistence(JavaModelManager.java:2525)
	at org.eclipse.jdt.internal.core.JavaProject.getPerProjectInfo(JavaProject.java:2382)
	at org.eclipse.jdt.internal.core.JavaProject.getResolvedClasspath(JavaProject.java:2441)
	at org.eclipse.jdt.internal.core.PackageFragmentRoot.getResolvedClasspathEntry(PackageFragmentRoot.java:624)
	at org.testng.eclipse.ui.codemining.TestCodeMiningProvider.mineForTests(TestCodeMiningProvider.java:60)
	at org.testng.eclipse.ui.codemining.TestCodeMiningProvider.lambda$0(TestCodeMiningProvider.java:40)
	at java.base/java.util.concurrent.CompletableFuture$AsyncSupply.run(CompletableFuture.java:1764)
	at java.base/java.util.concurrent.CompletableFuture$AsyncSupply.exec(CompletableFuture.java:1756)
	at java.base/java.util.concurrent.ForkJoinTask.doExec(ForkJoinTask.java:295)
	at java.base/java.util.concurrent.ForkJoinPool$WorkQueue.topLevelExec(ForkJoinPool.java:1016)
	at java.base/java.util.concurrent.ForkJoinPool.scan(ForkJoinPool.java:1665)
	at java.base/java.util.concurrent.ForkJoinPool.runWorker(ForkJoinPool.java:1598)
	at java.base/java.util.concurrent.ForkJoinWorkerThread.run(ForkJoinWorkerThread.java:183)
!SUBENTRY 1 org.eclipse.jdt.core 4 969 2021-07-16 16:33:28.943
!MESSAGE Automation_Assignment_11.1-226ab3addc18f8584fd36d43e573f342ef3c7fb1 does not exist

!ENTRY org.testng.eclipse 4 4 2021-07-16 16:33:30.945
!MESSAGE Error
!STACK 1
Java Model Exception: Java Model Status [Automation_Assignment_11.1-226ab3addc18f8584fd36d43e573f342ef3c7fb1 does not exist]
	at org.eclipse.jdt.internal.core.JavaElement.newNotPresentException(JavaElement.java:573)
	at org.eclipse.jdt.internal.core.JavaModelManager.getPerProjectInfoCheckExistence(JavaModelManager.java:2525)
	at org.eclipse.jdt.internal.core.JavaProject.getPerProjectInfo(JavaProject.java:2382)
	at org.eclipse.jdt.internal.core.JavaProject.getResolvedClasspath(JavaProject.java:2441)
	at org.eclipse.jdt.internal.core.PackageFragmentRoot.getResolvedClasspathEntry(PackageFragmentRoot.java:624)
	at org.testng.eclipse.ui.codemining.TestCodeMiningProvider.mineForTests(TestCodeMiningProvider.java:60)
	at org.testng.eclipse.ui.codemining.TestCodeMiningProvider.lambda$0(TestCodeMiningProvider.java:40)
	at java.base/java.util.concurrent.CompletableFuture$AsyncSupply.run(CompletableFuture.java:1764)
	at java.base/java.util.concurrent.CompletableFuture$AsyncSupply.exec(CompletableFuture.java:1756)
	at java.base/java.util.concurrent.ForkJoinTask.doExec(ForkJoinTask.java:295)
	at java.base/java.util.concurrent.ForkJoinPool$WorkQueue.topLevelExec(ForkJoinPool.java:1016)
	at java.base/java.util.concurrent.ForkJoinPool.scan(ForkJoinPool.java:1665)
	at java.base/java.util.concurrent.ForkJoinPool.runWorker(ForkJoinPool.java:1598)
	at java.base/java.util.concurrent.ForkJoinWorkerThread.run(ForkJoinWorkerThread.java:183)
!SUBENTRY 1 org.eclipse.jdt.core 4 969 2021-07-16 16:33:30.945
!MESSAGE Automation_Assignment_11.1-226ab3addc18f8584fd36d43e573f342ef3c7fb1 does not exist

!ENTRY org.testng.eclipse 4 4 2021-07-16 16:33:32.448
!MESSAGE Error
!STACK 1
Java Model Exception: Java Model Status [Automation_Assignment_11.1-226ab3addc18f8584fd36d43e573f342ef3c7fb1 does not exist]
	at org.eclipse.jdt.internal.core.JavaElement.newNotPresentException(JavaElement.java:573)
	at org.eclipse.jdt.internal.core.JavaModelManager.getPerProjectInfoCheckExistence(JavaModelManager.java:2525)
	at org.eclipse.jdt.internal.core.JavaProject.getPerProjectInfo(JavaProject.java:2382)
	at org.eclipse.jdt.internal.core.JavaProject.getResolvedClasspath(JavaProject.java:2441)
	at org.eclipse.jdt.internal.core.PackageFragmentRoot.getResolvedClasspathEntry(PackageFragmentRoot.java:624)
	at org.testng.eclipse.ui.codemining.TestCodeMiningProvider.mineForTests(TestCodeMiningProvider.java:60)
	at org.testng.eclipse.ui.codemining.TestCodeMiningProvider.lambda$0(TestCodeMiningProvider.java:40)
	at java.base/java.util.concurrent.CompletableFuture$AsyncSupply.run(CompletableFuture.java:1764)
	at java.base/java.util.concurrent.CompletableFuture$AsyncSupply.exec(CompletableFuture.java:1756)
	at java.base/java.util.concurrent.ForkJoinTask.doExec(ForkJoinTask.java:295)
	at java.base/java.util.concurrent.ForkJoinPool$WorkQueue.topLevelExec(ForkJoinPool.java:1016)
	at java.base/java.util.concurrent.ForkJoinPool.scan(ForkJoinPool.java:1665)
	at java.base/java.util.concurrent.ForkJoinPool.runWorker(ForkJoinPool.java:1598)
	at java.base/java.util.concurrent.ForkJoinWorkerThread.run(ForkJoinWorkerThread.java:183)
!SUBENTRY 1 org.eclipse.jdt.core 4 969 2021-07-16 16:33:32.448
!MESSAGE Automation_Assignment_11.1-226ab3addc18f8584fd36d43e573f342ef3c7fb1 does not exist

!ENTRY org.testng.eclipse 4 4 2021-07-16 16:33:57.606
!MESSAGE Error
!STACK 1
Java Model Exception: Java Model Status [Automation_Assignment_11.1-226ab3addc18f8584fd36d43e573f342ef3c7fb1 does not exist]
	at org.eclipse.jdt.internal.core.JavaElement.newNotPresentException(JavaElement.java:573)
	at org.eclipse.jdt.internal.core.JavaModelManager.getPerProjectInfoCheckExistence(JavaModelManager.java:2525)
	at org.eclipse.jdt.internal.core.JavaProject.getPerProjectInfo(JavaProject.java:2382)
	at org.eclipse.jdt.internal.core.JavaProject.getResolvedClasspath(JavaProject.java:2441)
	at org.eclipse.jdt.internal.core.PackageFragmentRoot.getResolvedClasspathEntry(PackageFragmentRoot.java:624)
	at org.testng.eclipse.ui.codemining.TestCodeMiningProvider.mineForTests(TestCodeMiningProvider.java:60)
	at org.testng.eclipse.ui.codemining.TestCodeMiningProvider.lambda$0(TestCodeMiningProvider.java:40)
	at java.base/java.util.concurrent.CompletableFuture$AsyncSupply.run(CompletableFuture.java:1764)
	at java.base/java.util.concurrent.CompletableFuture$AsyncSupply.exec(CompletableFuture.java:1756)
	at java.base/java.util.concurrent.ForkJoinTask.doExec(ForkJoinTask.java:295)
	at java.base/java.util.concurrent.ForkJoinPool$WorkQueue.topLevelExec(ForkJoinPool.java:1016)
	at java.base/java.util.concurrent.ForkJoinPool.scan(ForkJoinPool.java:1665)
	at java.base/java.util.concurrent.ForkJoinPool.runWorker(ForkJoinPool.java:1598)
	at java.base/java.util.concurrent.ForkJoinWorkerThread.run(ForkJoinWorkerThread.java:183)
!SUBENTRY 1 org.eclipse.jdt.core 4 969 2021-07-16 16:33:57.606
!MESSAGE Automation_Assignment_11.1-226ab3addc18f8584fd36d43e573f342ef3c7fb1 does not exist

!ENTRY org.testng.eclipse 4 4 2021-07-16 16:35:51.932
!MESSAGE Error
!STACK 1
Java Model Exception: Java Model Status [Automation_Assignment_11.1-226ab3addc18f8584fd36d43e573f342ef3c7fb1 does not exist]
	at org.eclipse.jdt.internal.core.JavaElement.newNotPresentException(JavaElement.java:573)
	at org.eclipse.jdt.internal.core.JavaModelManager.getPerProjectInfoCheckExistence(JavaModelManager.java:2525)
	at org.eclipse.jdt.internal.core.JavaProject.getPerProjectInfo(JavaProject.java:2382)
	at org.eclipse.jdt.internal.core.JavaProject.getResolvedClasspath(JavaProject.java:2441)
	at org.eclipse.jdt.internal.core.PackageFragmentRoot.getResolvedClasspathEntry(PackageFragmentRoot.java:624)
	at org.testng.eclipse.ui.codemining.TestCodeMiningProvider.mineForTests(TestCodeMiningProvider.java:60)
	at org.testng.eclipse.ui.codemining.TestCodeMiningProvider.lambda$0(TestCodeMiningProvider.java:40)
	at java.base/java.util.concurrent.CompletableFuture$AsyncSupply.run(CompletableFuture.java:1764)
	at java.base/java.util.concurrent.CompletableFuture$AsyncSupply.exec(CompletableFuture.java:1756)
	at java.base/java.util.concurrent.ForkJoinTask.doExec(ForkJoinTask.java:295)
	at java.base/java.util.concurrent.ForkJoinPool$WorkQueue.topLevelExec(ForkJoinPool.java:1016)
	at java.base/java.util.concurrent.ForkJoinPool.scan(ForkJoinPool.java:1665)
	at java.base/java.util.concurrent.ForkJoinPool.runWorker(ForkJoinPool.java:1598)
	at java.base/java.util.concurrent.ForkJoinWorkerThread.run(ForkJoinWorkerThread.java:183)
!SUBENTRY 1 org.eclipse.jdt.core 4 969 2021-07-16 16:35:51.932
!MESSAGE Automation_Assignment_11.1-226ab3addc18f8584fd36d43e573f342ef3c7fb1 does not exist

!ENTRY org.eclipse.m2e.logback.appender 2 0 2021-07-16 16:37:22.474
!MESSAGE Using platform encoding (Cp1252 actually) to copy filtered resources, i.e. build is platform dependent!

!ENTRY org.eclipse.m2e.logback.appender 2 0 2021-07-16 16:37:22.476
!MESSAGE Using platform encoding (Cp1252 actually) to copy filtered resources, i.e. build is platform dependent!

!ENTRY org.testng.eclipse 1 0 2021-07-16 16:37:24.796
!MESSAGE [TestNGLaunchConfigurationDelegate] Launching:
  Classpath: C:\Users\ASSiddesh\eclipse\java-2021-03\eclipse\configuration\org.eclipse.osgi\442\0\.cp\lib\testng-remote.jar C:\Users\ASSiddesh\eclipse-workspace\v\target\test-classes C:\Users\ASSiddesh\eclipse-workspace\v\target\classes C:\Users\ASSiddesh\.m2\repository\org\seleniumhq\selenium\selenium-java\3.141.59\selenium-java-3.141.59.jar C:\Users\ASSiddesh\.m2\repository\org\seleniumhq\selenium\selenium-api\3.141.59\selenium-api-3.141.59.jar C:\Users\ASSiddesh\.m2\repository\org\seleniumhq\selenium\selenium-chrome-driver\3.141.59\selenium-chrome-driver-3.141.59.jar C:\Users\ASSiddesh\.m2\repository\org\seleniumhq\selenium\selenium-edge-driver\3.141.59\selenium-edge-driver-3.141.59.jar C:\Users\ASSiddesh\.m2\repository\org\seleniumhq\selenium\selenium-firefox-driver\3.141.59\selenium-firefox-driver-3.141.59.jar C:\Users\ASSiddesh\.m2\repository\org\seleniumhq\selenium\selenium-ie-driver\3.141.59\selenium-ie-driver-3.141.59.jar C:\Users\ASSiddesh\.m2\repository\org\seleniumhq\selenium\selenium-opera-driver\3.141.59\selenium-opera-driver-3.141.59.jar C:\Users\ASSiddesh\.m2\repository\org\seleniumhq\selenium\selenium-remote-driver\3.141.59\selenium-remote-driver-3.141.59.jar C:\Users\ASSiddesh\.m2\repository\org\seleniumhq\selenium\selenium-safari-driver\3.141.59\selenium-safari-driver-3.141.59.jar C:\Users\ASSiddesh\.m2\repository\org\seleniumhq\selenium\selenium-support\3.141.59\selenium-support-3.141.59.jar C:\Users\ASSiddesh\.m2\repository\net\bytebuddy\byte-buddy\1.8.15\byte-buddy-1.8.15.jar C:\Users\ASSiddesh\.m2\repository\org\apache\commons\commons-exec\1.3\commons-exec-1.3.jar C:\Users\ASSiddesh\.m2\repository\com\google\guava\guava\25.0-jre\guava-25.0-jre.jar C:\Users\ASSiddesh\.m2\repository\com\google\code\findbugs\jsr305\1.3.9\jsr305-1.3.9.jar C:\Users\ASSiddesh\.m2\repository\org\checkerframework\checker-compat-qual\2.0.0\checker-compat-qual-2.0.0.jar C:\Users\ASSiddesh\.m2\repository\com\google\errorprone\error_prone_annotations\2.1.3\error_prone_annotations-2.1.3.jar C:\Users\ASSiddesh\.m2\repository\com\google\j2objc\j2objc-annotations\1.1\j2objc-annotations-1.1.jar C:\Users\ASSiddesh\.m2\repository\org\codehaus\mojo\animal-sniffer-annotations\1.14\animal-sniffer-annotations-1.14.jar C:\Users\ASSiddesh\.m2\repository\com\squareup\okhttp3\okhttp\3.11.0\okhttp-3.11.0.jar C:\Users\ASSiddesh\.m2\repository\com\squareup\okio\okio\1.14.0\okio-1.14.0.jar C:\Users\ASSiddesh\.m2\repository\org\testng\testng\7.4.0\testng-7.4.0.jar C:\Users\ASSiddesh\.m2\repository\com\beust\jcommander\1.78\jcommander-1.78.jar C:\Users\ASSiddesh\.m2\repository\org\webjars\jquery\3.5.1\jquery-3.5.1.jar
  VMArgs:    -ea
  Class:     org.testng.remote.RemoteTestNG
  Args:      -serport 65457 -protocol json -d C:\Users\ASSiddesh\eclipse-workspace\v\test-output C:\Users\ASSIDD~1\AppData\Local\Temp\testng-eclipse-1070331966\testng-customsuite.xml
java -ea -classpath C:\Users\ASSiddesh\eclipse\java-2021-03\eclipse\configuration\org.eclipse.osgi\442\0\.cp\lib\testng-remote.jar:C:\Users\ASSiddesh\eclipse-workspace\v\target\test-classes:C:\Users\ASSiddesh\eclipse-workspace\v\target\classes:C:\Users\ASSiddesh\.m2\repository\org\seleniumhq\selenium\selenium-java\3.141.59\selenium-java-3.141.59.jar:C:\Users\ASSiddesh\.m2\repository\org\seleniumhq\selenium\selenium-api\3.141.59\selenium-api-3.141.59.jar:C:\Users\ASSiddesh\.m2\repository\org\seleniumhq\selenium\selenium-chrome-driver\3.141.59\selenium-chrome-driver-3.141.59.jar:C:\Users\ASSiddesh\.m2\repository\org\seleniumhq\selenium\selenium-edge-driver\3.141.59\selenium-edge-driver-3.141.59.jar:C:\Users\ASSiddesh\.m2\repository\org\seleniumhq\selenium\selenium-firefox-driver\3.141.59\selenium-firefox-driver-3.141.59.jar:C:\Users\ASSiddesh\.m2\repository\org\seleniumhq\selenium\selenium-ie-driver\3.141.59\selenium-ie-driver-3.141.59.jar:C:\Users\ASSiddesh\.m2\repository\org\seleniumhq\selenium\selenium-opera-driver\3.141.59\selenium-opera-driver-3.141.59.jar:C:\Users\ASSiddesh\.m2\repository\org\seleniumhq\selenium\selenium-remote-driver\3.141.59\selenium-remote-driver-3.141.59.jar:C:\Users\ASSiddesh\.m2\repository\org\seleniumhq\selenium\selenium-safari-driver\3.141.59\selenium-safari-driver-3.141.59.jar:C:\Users\ASSiddesh\.m2\repository\org\seleniumhq\selenium\selenium-support\3.141.59\selenium-support-3.141.59.jar:C:\Users\ASSiddesh\.m2\repository\net\bytebuddy\byte-buddy\1.8.15\byte-buddy-1.8.15.jar:C:\Users\ASSiddesh\.m2\repository\org\apache\commons\commons-exec\1.3\commons-exec-1.3.jar:C:\Users\ASSiddesh\.m2\repository\com\google\guava\guava\25.0-jre\guava-25.0-jre.jar:C:\Users\ASSiddesh\.m2\repository\com\google\code\findbugs\jsr305\1.3.9\jsr305-1.3.9.jar:C:\Users\ASSiddesh\.m2\repository\org\checkerframework\checker-compat-qual\2.0.0\checker-compat-qual-2.0.0.jar:C:\Users\ASSiddesh\.m2\repository\com\google\errorprone\error_prone_annotations\2.1.3\error_prone_annotations-2.1.3.jar:C:\Users\ASSiddesh\.m2\repository\com\google\j2objc\j2objc-annotations\1.1\j2objc-annotations-1.1.jar:C:\Users\ASSiddesh\.m2\repository\org\codehaus\mojo\animal-sniffer-annotations\1.14\animal-sniffer-annotations-1.14.jar:C:\Users\ASSiddesh\.m2\repository\com\squareup\okhttp3\okhttp\3.11.0\okhttp-3.11.0.jar:C:\Users\ASSiddesh\.m2\repository\com\squareup\okio\okio\1.14.0\okio-1.14.0.jar:C:\Users\ASSiddesh\.m2\repository\org\testng\testng\7.4.0\testng-7.4.0.jar:C:\Users\ASSiddesh\.m2\repository\com\beust\jcommander\1.78\jcommander-1.78.jar:C:\Users\ASSiddesh\.m2\repository\org\webjars\jquery\3.5.1\jquery-3.5.1.jar org.testng.remote.RemoteTestNG -serport 65457 -protocol json -d C:\Users\ASSiddesh\eclipse-workspace\v\test-output C:\Users\ASSIDD~1\AppData\Local\Temp\testng-eclipse-1070331966\testng-customsuite.xml

!ENTRY org.testng.eclipse 1 0 2021-07-16 16:37:59.426
!MESSAGE [TestNGLaunchConfigurationDelegate] Launching:
  Classpath: C:\Users\ASSiddesh\eclipse\java-2021-03\eclipse\configuration\org.eclipse.osgi\442\0\.cp\lib\testng-remote.jar C:\Users\ASSiddesh\eclipse-workspace\v\target\test-classes C:\Users\ASSiddesh\eclipse-workspace\v\target\classes C:\Users\ASSiddesh\.m2\repository\org\seleniumhq\selenium\selenium-java\3.141.59\selenium-java-3.141.59.jar C:\Users\ASSiddesh\.m2\repository\org\seleniumhq\selenium\selenium-api\3.141.59\selenium-api-3.141.59.jar C:\Users\ASSiddesh\.m2\repository\org\seleniumhq\selenium\selenium-chrome-driver\3.141.59\selenium-chrome-driver-3.141.59.jar C:\Users\ASSiddesh\.m2\repository\org\seleniumhq\selenium\selenium-edge-driver\3.141.59\selenium-edge-driver-3.141.59.jar C:\Users\ASSiddesh\.m2\repository\org\seleniumhq\selenium\selenium-firefox-driver\3.141.59\selenium-firefox-driver-3.141.59.jar C:\Users\ASSiddesh\.m2\repository\org\seleniumhq\selenium\selenium-ie-driver\3.141.59\selenium-ie-driver-3.141.59.jar C:\Users\ASSiddesh\.m2\repository\org\seleniumhq\selenium\selenium-opera-driver\3.141.59\selenium-opera-driver-3.141.59.jar C:\Users\ASSiddesh\.m2\repository\org\seleniumhq\selenium\selenium-remote-driver\3.141.59\selenium-remote-driver-3.141.59.jar C:\Users\ASSiddesh\.m2\repository\org\seleniumhq\selenium\selenium-safari-driver\3.141.59\selenium-safari-driver-3.141.59.jar C:\Users\ASSiddesh\.m2\repository\org\seleniumhq\selenium\selenium-support\3.141.59\selenium-support-3.141.59.jar C:\Users\ASSiddesh\.m2\repository\net\bytebuddy\byte-buddy\1.8.15\byte-buddy-1.8.15.jar C:\Users\ASSiddesh\.m2\repository\org\apache\commons\commons-exec\1.3\commons-exec-1.3.jar C:\Users\ASSiddesh\.m2\repository\com\google\guava\guava\25.0-jre\guava-25.0-jre.jar C:\Users\ASSiddesh\.m2\repository\com\google\code\findbugs\jsr305\1.3.9\jsr305-1.3.9.jar C:\Users\ASSiddesh\.m2\repository\org\checkerframework\checker-compat-qual\2.0.0\checker-compat-qual-2.0.0.jar C:\Users\ASSiddesh\.m2\repository\com\google\errorprone\error_prone_annotations\2.1.3\error_prone_annotations-2.1.3.jar C:\Users\ASSiddesh\.m2\repository\com\google\j2objc\j2objc-annotations\1.1\j2objc-annotations-1.1.jar C:\Users\ASSiddesh\.m2\repository\org\codehaus\mojo\animal-sniffer-annotations\1.14\animal-sniffer-annotations-1.14.jar C:\Users\ASSiddesh\.m2\repository\com\squareup\okhttp3\okhttp\3.11.0\okhttp-3.11.0.jar C:\Users\ASSiddesh\.m2\repository\com\squareup\okio\okio\1.14.0\okio-1.14.0.jar C:\Users\ASSiddesh\.m2\repository\org\testng\testng\7.4.0\testng-7.4.0.jar C:\Users\ASSiddesh\.m2\repository\com\beust\jcommander\1.78\jcommander-1.78.jar C:\Users\ASSiddesh\.m2\repository\org\webjars\jquery\3.5.1\jquery-3.5.1.jar
  VMArgs:    -ea
  Class:     org.testng.remote.RemoteTestNG
  Args:      -serport 57971 -protocol json -d C:\Users\ASSiddesh\eclipse-workspace\v\test-output C:\Users\ASSIDD~1\AppData\Local\Temp\testng-eclipse--110356489\testng-customsuite.xml
java -ea -classpath C:\Users\ASSiddesh\eclipse\java-2021-03\eclipse\configuration\org.eclipse.osgi\442\0\.cp\lib\testng-remote.jar:C:\Users\ASSiddesh\eclipse-workspace\v\target\test-classes:C:\Users\ASSiddesh\eclipse-workspace\v\target\classes:C:\Users\ASSiddesh\.m2\repository\org\seleniumhq\selenium\selenium-java\3.141.59\selenium-java-3.141.59.jar:C:\Users\ASSiddesh\.m2\repository\org\seleniumhq\selenium\selenium-api\3.141.59\selenium-api-3.141.59.jar:C:\Users\ASSiddesh\.m2\repository\org\seleniumhq\selenium\selenium-chrome-driver\3.141.59\selenium-chrome-driver-3.141.59.jar:C:\Users\ASSiddesh\.m2\repository\org\seleniumhq\selenium\selenium-edge-driver\3.141.59\selenium-edge-driver-3.141.59.jar:C:\Users\ASSiddesh\.m2\repository\org\seleniumhq\selenium\selenium-firefox-driver\3.141.59\selenium-firefox-driver-3.141.59.jar:C:\Users\ASSiddesh\.m2\repository\org\seleniumhq\selenium\selenium-ie-driver\3.141.59\selenium-ie-driver-3.141.59.jar:C:\Users\ASSiddesh\.m2\repository\org\seleniumhq\selenium\selenium-opera-driver\3.141.59\selenium-opera-driver-3.141.59.jar:C:\Users\ASSiddesh\.m2\repository\org\seleniumhq\selenium\selenium-remote-driver\3.141.59\selenium-remote-driver-3.141.59.jar:C:\Users\ASSiddesh\.m2\repository\org\seleniumhq\selenium\selenium-safari-driver\3.141.59\selenium-safari-driver-3.141.59.jar:C:\Users\ASSiddesh\.m2\repository\org\seleniumhq\selenium\selenium-support\3.141.59\selenium-support-3.141.59.jar:C:\Users\ASSiddesh\.m2\repository\net\bytebuddy\byte-buddy\1.8.15\byte-buddy-1.8.15.jar:C:\Users\ASSiddesh\.m2\repository\org\apache\commons\commons-exec\1.3\commons-exec-1.3.jar:C:\Users\ASSiddesh\.m2\repository\com\google\guava\guava\25.0-jre\guava-25.0-jre.jar:C:\Users\ASSiddesh\.m2\repository\com\google\code\findbugs\jsr305\1.3.9\jsr305-1.3.9.jar:C:\Users\ASSiddesh\.m2\repository\org\checkerframework\checker-compat-qual\2.0.0\checker-compat-qual-2.0.0.jar:C:\Users\ASSiddesh\.m2\repository\com\google\errorprone\error_prone_annotations\2.1.3\error_prone_annotations-2.1.3.jar:C:\Users\ASSiddesh\.m2\repository\com\google\j2objc\j2objc-annotations\1.1\j2objc-annotations-1.1.jar:C:\Users\ASSiddesh\.m2\repository\org\codehaus\mojo\animal-sniffer-annotations\1.14\animal-sniffer-annotations-1.14.jar:C:\Users\ASSiddesh\.m2\repository\com\squareup\okhttp3\okhttp\3.11.0\okhttp-3.11.0.jar:C:\Users\ASSiddesh\.m2\repository\com\squareup\okio\okio\1.14.0\okio-1.14.0.jar:C:\Users\ASSiddesh\.m2\repository\org\testng\testng\7.4.0\testng-7.4.0.jar:C:\Users\ASSiddesh\.m2\repository\com\beust\jcommander\1.78\jcommander-1.78.jar:C:\Users\ASSiddesh\.m2\repository\org\webjars\jquery\3.5.1\jquery-3.5.1.jar org.testng.remote.RemoteTestNG -serport 57971 -protocol json -d C:\Users\ASSiddesh\eclipse-workspace\v\test-output C:\Users\ASSIDD~1\AppData\Local\Temp\testng-eclipse--110356489\testng-customsuite.xml

!ENTRY org.eclipse.m2e.logback.appender 2 0 2021-07-16 16:39:55.699
!MESSAGE Using platform encoding (Cp1252 actually) to copy filtered resources, i.e. build is platform dependent!

!ENTRY org.eclipse.m2e.logback.appender 2 0 2021-07-16 16:39:55.701
!MESSAGE Using platform encoding (Cp1252 actually) to copy filtered resources, i.e. build is platform dependent!

!ENTRY org.testng.eclipse 1 0 2021-07-16 16:39:58.673
!MESSAGE [TestNGLaunchConfigurationDelegate] Launching:
  Classpath: C:\Users\ASSiddesh\eclipse\java-2021-03\eclipse\configuration\org.eclipse.osgi\442\0\.cp\lib\testng-remote.jar C:\Users\ASSiddesh\eclipse-workspace\v\target\test-classes C:\Users\ASSiddesh\eclipse-workspace\v\target\classes C:\Users\ASSiddesh\.m2\repository\org\seleniumhq\selenium\selenium-java\3.141.59\selenium-java-3.141.59.jar C:\Users\ASSiddesh\.m2\repository\org\seleniumhq\selenium\selenium-api\3.141.59\selenium-api-3.141.59.jar C:\Users\ASSiddesh\.m2\repository\org\seleniumhq\selenium\selenium-chrome-driver\3.141.59\selenium-chrome-driver-3.141.59.jar C:\Users\ASSiddesh\.m2\repository\org\seleniumhq\selenium\selenium-edge-driver\3.141.59\selenium-edge-driver-3.141.59.jar C:\Users\ASSiddesh\.m2\repository\org\seleniumhq\selenium\selenium-firefox-driver\3.141.59\selenium-firefox-driver-3.141.59.jar C:\Users\ASSiddesh\.m2\repository\org\seleniumhq\selenium\selenium-ie-driver\3.141.59\selenium-ie-driver-3.141.59.jar C:\Users\ASSiddesh\.m2\repository\org\seleniumhq\selenium\selenium-opera-driver\3.141.59\selenium-opera-driver-3.141.59.jar C:\Users\ASSiddesh\.m2\repository\org\seleniumhq\selenium\selenium-remote-driver\3.141.59\selenium-remote-driver-3.141.59.jar C:\Users\ASSiddesh\.m2\repository\org\seleniumhq\selenium\selenium-safari-driver\3.141.59\selenium-safari-driver-3.141.59.jar C:\Users\ASSiddesh\.m2\repository\org\seleniumhq\selenium\selenium-support\3.141.59\selenium-support-3.141.59.jar C:\Users\ASSiddesh\.m2\repository\net\bytebuddy\byte-buddy\1.8.15\byte-buddy-1.8.15.jar C:\Users\ASSiddesh\.m2\repository\org\apache\commons\commons-exec\1.3\commons-exec-1.3.jar C:\Users\ASSiddesh\.m2\repository\com\google\guava\guava\25.0-jre\guava-25.0-jre.jar C:\Users\ASSiddesh\.m2\repository\com\google\code\findbugs\jsr305\1.3.9\jsr305-1.3.9.jar C:\Users\ASSiddesh\.m2\repository\org\checkerframework\checker-compat-qual\2.0.0\checker-compat-qual-2.0.0.jar C:\Users\ASSiddesh\.m2\repository\com\google\errorprone\error_prone_annotations\2.1.3\error_prone_annotations-2.1.3.jar C:\Users\ASSiddesh\.m2\repository\com\google\j2objc\j2objc-annotations\1.1\j2objc-annotations-1.1.jar C:\Users\ASSiddesh\.m2\repository\org\codehaus\mojo\animal-sniffer-annotations\1.14\animal-sniffer-annotations-1.14.jar C:\Users\ASSiddesh\.m2\repository\com\squareup\okhttp3\okhttp\3.11.0\okhttp-3.11.0.jar C:\Users\ASSiddesh\.m2\repository\com\squareup\okio\okio\1.14.0\okio-1.14.0.jar C:\Users\ASSiddesh\.m2\repository\org\testng\testng\7.4.0\testng-7.4.0.jar C:\Users\ASSiddesh\.m2\repository\com\beust\jcommander\1.78\jcommander-1.78.jar C:\Users\ASSiddesh\.m2\repository\org\webjars\jquery\3.5.1\jquery-3.5.1.jar
  VMArgs:    -ea
  Class:     org.testng.remote.RemoteTestNG
  Args:      -serport 62431 -protocol json -d C:\Users\ASSiddesh\eclipse-workspace\v\test-output C:\Users\ASSIDD~1\AppData\Local\Temp\testng-eclipse-1692392966\testng-customsuite.xml
java -ea -classpath C:\Users\ASSiddesh\eclipse\java-2021-03\eclipse\configuration\org.eclipse.osgi\442\0\.cp\lib\testng-remote.jar:C:\Users\ASSiddesh\eclipse-workspace\v\target\test-classes:C:\Users\ASSiddesh\eclipse-workspace\v\target\classes:C:\Users\ASSiddesh\.m2\repository\org\seleniumhq\selenium\selenium-java\3.141.59\selenium-java-3.141.59.jar:C:\Users\ASSiddesh\.m2\repository\org\seleniumhq\selenium\selenium-api\3.141.59\selenium-api-3.141.59.jar:C:\Users\ASSiddesh\.m2\repository\org\seleniumhq\selenium\selenium-chrome-driver\3.141.59\selenium-chrome-driver-3.141.59.jar:C:\Users\ASSiddesh\.m2\repository\org\seleniumhq\selenium\selenium-edge-driver\3.141.59\selenium-edge-driver-3.141.59.jar:C:\Users\ASSiddesh\.m2\repository\org\seleniumhq\selenium\selenium-firefox-driver\3.141.59\selenium-firefox-driver-3.141.59.jar:C:\Users\ASSiddesh\.m2\repository\org\seleniumhq\selenium\selenium-ie-driver\3.141.59\selenium-ie-driver-3.141.59.jar:C:\Users\ASSiddesh\.m2\repository\org\seleniumhq\selenium\selenium-opera-driver\3.141.59\selenium-opera-driver-3.141.59.jar:C:\Users\ASSiddesh\.m2\repository\org\seleniumhq\selenium\selenium-remote-driver\3.141.59\selenium-remote-driver-3.141.59.jar:C:\Users\ASSiddesh\.m2\repository\org\seleniumhq\selenium\selenium-safari-driver\3.141.59\selenium-safari-driver-3.141.59.jar:C:\Users\ASSiddesh\.m2\repository\org\seleniumhq\selenium\selenium-support\3.141.59\selenium-support-3.141.59.jar:C:\Users\ASSiddesh\.m2\repository\net\bytebuddy\byte-buddy\1.8.15\byte-buddy-1.8.15.jar:C:\Users\ASSiddesh\.m2\repository\org\apache\commons\commons-exec\1.3\commons-exec-1.3.jar:C:\Users\ASSiddesh\.m2\repository\com\google\guava\guava\25.0-jre\guava-25.0-jre.jar:C:\Users\ASSiddesh\.m2\repository\com\google\code\findbugs\jsr305\1.3.9\jsr305-1.3.9.jar:C:\Users\ASSiddesh\.m2\repository\org\checkerframework\checker-compat-qual\2.0.0\checker-compat-qual-2.0.0.jar:C:\Users\ASSiddesh\.m2\repository\com\google\errorprone\error_prone_annotations\2.1.3\error_prone_annotations-2.1.3.jar:C:\Users\ASSiddesh\.m2\repository\com\google\j2objc\j2objc-annotations\1.1\j2objc-annotations-1.1.jar:C:\Users\ASSiddesh\.m2\repository\org\codehaus\mojo\animal-sniffer-annotations\1.14\animal-sniffer-annotations-1.14.jar:C:\Users\ASSiddesh\.m2\repository\com\squareup\okhttp3\okhttp\3.11.0\okhttp-3.11.0.jar:C:\Users\ASSiddesh\.m2\repository\com\squareup\okio\okio\1.14.0\okio-1.14.0.jar:C:\Users\ASSiddesh\.m2\repository\org\testng\testng\7.4.0\testng-7.4.0.jar:C:\Users\ASSiddesh\.m2\repository\com\beust\jcommander\1.78\jcommander-1.78.jar:C:\Users\ASSiddesh\.m2\repository\org\webjars\jquery\3.5.1\jquery-3.5.1.jar org.testng.remote.RemoteTestNG -serport 62431 -protocol json -d C:\Users\ASSiddesh\eclipse-workspace\v\test-output C:\Users\ASSIDD~1\AppData\Local\Temp\testng-eclipse-1692392966\testng-customsuite.xml

!ENTRY org.testng.eclipse 1 0 2021-07-16 16:41:01.860
!MESSAGE [TestNGLaunchConfigurationDelegate] Launching:
  Classpath: C:\Users\ASSiddesh\eclipse\java-2021-03\eclipse\configuration\org.eclipse.osgi\442\0\.cp\lib\testng-remote.jar C:\Users\ASSiddesh\eclipse-workspace\v\target\test-classes C:\Users\ASSiddesh\eclipse-workspace\v\target\classes C:\Users\ASSiddesh\.m2\repository\org\seleniumhq\selenium\selenium-java\3.141.59\selenium-java-3.141.59.jar C:\Users\ASSiddesh\.m2\repository\org\seleniumhq\selenium\selenium-api\3.141.59\selenium-api-3.141.59.jar C:\Users\ASSiddesh\.m2\repository\org\seleniumhq\selenium\selenium-chrome-driver\3.141.59\selenium-chrome-driver-3.141.59.jar C:\Users\ASSiddesh\.m2\repository\org\seleniumhq\selenium\selenium-edge-driver\3.141.59\selenium-edge-driver-3.141.59.jar C:\Users\ASSiddesh\.m2\repository\org\seleniumhq\selenium\selenium-firefox-driver\3.141.59\selenium-firefox-driver-3.141.59.jar C:\Users\ASSiddesh\.m2\repository\org\seleniumhq\selenium\selenium-ie-driver\3.141.59\selenium-ie-driver-3.141.59.jar C:\Users\ASSiddesh\.m2\repository\org\seleniumhq\selenium\selenium-opera-driver\3.141.59\selenium-opera-driver-3.141.59.jar C:\Users\ASSiddesh\.m2\repository\org\seleniumhq\selenium\selenium-remote-driver\3.141.59\selenium-remote-driver-3.141.59.jar C:\Users\ASSiddesh\.m2\repository\org\seleniumhq\selenium\selenium-safari-driver\3.141.59\selenium-safari-driver-3.141.59.jar C:\Users\ASSiddesh\.m2\repository\org\seleniumhq\selenium\selenium-support\3.141.59\selenium-support-3.141.59.jar C:\Users\ASSiddesh\.m2\repository\net\bytebuddy\byte-buddy\1.8.15\byte-buddy-1.8.15.jar C:\Users\ASSiddesh\.m2\repository\org\apache\commons\commons-exec\1.3\commons-exec-1.3.jar C:\Users\ASSiddesh\.m2\repository\com\google\guava\guava\25.0-jre\guava-25.0-jre.jar C:\Users\ASSiddesh\.m2\repository\com\google\code\findbugs\jsr305\1.3.9\jsr305-1.3.9.jar C:\Users\ASSiddesh\.m2\repository\org\checkerframework\checker-compat-qual\2.0.0\checker-compat-qual-2.0.0.jar C:\Users\ASSiddesh\.m2\repository\com\google\errorprone\error_prone_annotations\2.1.3\error_prone_annotations-2.1.3.jar C:\Users\ASSiddesh\.m2\repository\com\google\j2objc\j2objc-annotations\1.1\j2objc-annotations-1.1.jar C:\Users\ASSiddesh\.m2\repository\org\codehaus\mojo\animal-sniffer-annotations\1.14\animal-sniffer-annotations-1.14.jar C:\Users\ASSiddesh\.m2\repository\com\squareup\okhttp3\okhttp\3.11.0\okhttp-3.11.0.jar C:\Users\ASSiddesh\.m2\repository\com\squareup\okio\okio\1.14.0\okio-1.14.0.jar C:\Users\ASSiddesh\.m2\repository\org\testng\testng\7.4.0\testng-7.4.0.jar C:\Users\ASSiddesh\.m2\repository\com\beust\jcommander\1.78\jcommander-1.78.jar C:\Users\ASSiddesh\.m2\repository\org\webjars\jquery\3.5.1\jquery-3.5.1.jar
  VMArgs:    -ea
  Class:     org.testng.remote.RemoteTestNG
  Args:      -serport 59313 -protocol json -d C:\Users\ASSiddesh\eclipse-workspace\v\test-output C:\Users\ASSIDD~1\AppData\Local\Temp\testng-eclipse--2038254962\testng-customsuite.xml
java -ea -classpath C:\Users\ASSiddesh\eclipse\java-2021-03\eclipse\configuration\org.eclipse.osgi\442\0\.cp\lib\testng-remote.jar:C:\Users\ASSiddesh\eclipse-workspace\v\target\test-classes:C:\Users\ASSiddesh\eclipse-workspace\v\target\classes:C:\Users\ASSiddesh\.m2\repository\org\seleniumhq\selenium\selenium-java\3.141.59\selenium-java-3.141.59.jar:C:\Users\ASSiddesh\.m2\repository\org\seleniumhq\selenium\selenium-api\3.141.59\selenium-api-3.141.59.jar:C:\Users\ASSiddesh\.m2\repository\org\seleniumhq\selenium\selenium-chrome-driver\3.141.59\selenium-chrome-driver-3.141.59.jar:C:\Users\ASSiddesh\.m2\repository\org\seleniumhq\selenium\selenium-edge-driver\3.141.59\selenium-edge-driver-3.141.59.jar:C:\Users\ASSiddesh\.m2\repository\org\seleniumhq\selenium\selenium-firefox-driver\3.141.59\selenium-firefox-driver-3.141.59.jar:C:\Users\ASSiddesh\.m2\repository\org\seleniumhq\selenium\selenium-ie-driver\3.141.59\selenium-ie-driver-3.141.59.jar:C:\Users\ASSiddesh\.m2\repository\org\seleniumhq\selenium\selenium-opera-driver\3.141.59\selenium-opera-driver-3.141.59.jar:C:\Users\ASSiddesh\.m2\repository\org\seleniumhq\selenium\selenium-remote-driver\3.141.59\selenium-remote-driver-3.141.59.jar:C:\Users\ASSiddesh\.m2\repository\org\seleniumhq\selenium\selenium-safari-driver\3.141.59\selenium-safari-driver-3.141.59.jar:C:\Users\ASSiddesh\.m2\repository\org\seleniumhq\selenium\selenium-support\3.141.59\selenium-support-3.141.59.jar:C:\Users\ASSiddesh\.m2\repository\net\bytebuddy\byte-buddy\1.8.15\byte-buddy-1.8.15.jar:C:\Users\ASSiddesh\.m2\repository\org\apache\commons\commons-exec\1.3\commons-exec-1.3.jar:C:\Users\ASSiddesh\.m2\repository\com\google\guava\guava\25.0-jre\guava-25.0-jre.jar:C:\Users\ASSiddesh\.m2\repository\com\google\code\findbugs\jsr305\1.3.9\jsr305-1.3.9.jar:C:\Users\ASSiddesh\.m2\repository\org\checkerframework\checker-compat-qual\2.0.0\checker-compat-qual-2.0.0.jar:C:\Users\ASSiddesh\.m2\repository\com\google\errorprone\error_prone_annotations\2.1.3\error_prone_annotations-2.1.3.jar:C:\Users\ASSiddesh\.m2\repository\com\google\j2objc\j2objc-annotations\1.1\j2objc-annotations-1.1.jar:C:\Users\ASSiddesh\.m2\repository\org\codehaus\mojo\animal-sniffer-annotations\1.14\animal-sniffer-annotations-1.14.jar:C:\Users\ASSiddesh\.m2\repository\com\squareup\okhttp3\okhttp\3.11.0\okhttp-3.11.0.jar:C:\Users\ASSiddesh\.m2\repository\com\squareup\okio\okio\1.14.0\okio-1.14.0.jar:C:\Users\ASSiddesh\.m2\repository\org\testng\testng\7.4.0\testng-7.4.0.jar:C:\Users\ASSiddesh\.m2\repository\com\beust\jcommander\1.78\jcommander-1.78.jar:C:\Users\ASSiddesh\.m2\repository\org\webjars\jquery\3.5.1\jquery-3.5.1.jar org.testng.remote.RemoteTestNG -serport 59313 -protocol json -d C:\Users\ASSiddesh\eclipse-workspace\v\test-output C:\Users\ASSIDD~1\AppData\Local\Temp\testng-eclipse--2038254962\testng-customsuite.xml

!ENTRY org.testng.eclipse 1 0 2021-07-16 16:41:48.210
!MESSAGE [TestNGLaunchConfigurationDelegate] Launching:
  Classpath: C:\Users\ASSiddesh\eclipse\java-2021-03\eclipse\configuration\org.eclipse.osgi\442\0\.cp\lib\testng-remote.jar C:\Users\ASSiddesh\eclipse-workspace\v\target\test-classes C:\Users\ASSiddesh\eclipse-workspace\v\target\classes C:\Users\ASSiddesh\.m2\repository\org\seleniumhq\selenium\selenium-java\3.141.59\selenium-java-3.141.59.jar C:\Users\ASSiddesh\.m2\repository\org\seleniumhq\selenium\selenium-api\3.141.59\selenium-api-3.141.59.jar C:\Users\ASSiddesh\.m2\repository\org\seleniumhq\selenium\selenium-chrome-driver\3.141.59\selenium-chrome-driver-3.141.59.jar C:\Users\ASSiddesh\.m2\repository\org\seleniumhq\selenium\selenium-edge-driver\3.141.59\selenium-edge-driver-3.141.59.jar C:\Users\ASSiddesh\.m2\repository\org\seleniumhq\selenium\selenium-firefox-driver\3.141.59\selenium-firefox-driver-3.141.59.jar C:\Users\ASSiddesh\.m2\repository\org\seleniumhq\selenium\selenium-ie-driver\3.141.59\selenium-ie-driver-3.141.59.jar C:\Users\ASSiddesh\.m2\repository\org\seleniumhq\selenium\selenium-opera-driver\3.141.59\selenium-opera-driver-3.141.59.jar C:\Users\ASSiddesh\.m2\repository\org\seleniumhq\selenium\selenium-remote-driver\3.141.59\selenium-remote-driver-3.141.59.jar C:\Users\ASSiddesh\.m2\repository\org\seleniumhq\selenium\selenium-safari-driver\3.141.59\selenium-safari-driver-3.141.59.jar C:\Users\ASSiddesh\.m2\repository\org\seleniumhq\selenium\selenium-support\3.141.59\selenium-support-3.141.59.jar C:\Users\ASSiddesh\.m2\repository\net\bytebuddy\byte-buddy\1.8.15\byte-buddy-1.8.15.jar C:\Users\ASSiddesh\.m2\repository\org\apache\commons\commons-exec\1.3\commons-exec-1.3.jar C:\Users\ASSiddesh\.m2\repository\com\google\guava\guava\25.0-jre\guava-25.0-jre.jar C:\Users\ASSiddesh\.m2\repository\com\google\code\findbugs\jsr305\1.3.9\jsr305-1.3.9.jar C:\Users\ASSiddesh\.m2\repository\org\checkerframework\checker-compat-qual\2.0.0\checker-compat-qual-2.0.0.jar C:\Users\ASSiddesh\.m2\repository\com\google\errorprone\error_prone_annotations\2.1.3\error_prone_annotations-2.1.3.jar C:\Users\ASSiddesh\.m2\repository\com\google\j2objc\j2objc-annotations\1.1\j2objc-annotations-1.1.jar C:\Users\ASSiddesh\.m2\repository\org\codehaus\mojo\animal-sniffer-annotations\1.14\animal-sniffer-annotations-1.14.jar C:\Users\ASSiddesh\.m2\repository\com\squareup\okhttp3\okhttp\3.11.0\okhttp-3.11.0.jar C:\Users\ASSiddesh\.m2\repository\com\squareup\okio\okio\1.14.0\okio-1.14.0.jar C:\Users\ASSiddesh\.m2\repository\org\testng\testng\7.4.0\testng-7.4.0.jar C:\Users\ASSiddesh\.m2\repository\com\beust\jcommander\1.78\jcommander-1.78.jar C:\Users\ASSiddesh\.m2\repository\org\webjars\jquery\3.5.1\jquery-3.5.1.jar
  VMArgs:    -ea
  Class:     org.testng.remote.RemoteTestNG
  Args:      -serport 55843 -protocol json -d C:\Users\ASSiddesh\eclipse-workspace\v\test-output C:\Users\ASSIDD~1\AppData\Local\Temp\testng-eclipse--1354864295\testng-customsuite.xml
java -ea -classpath C:\Users\ASSiddesh\eclipse\java-2021-03\eclipse\configuration\org.eclipse.osgi\442\0\.cp\lib\testng-remote.jar:C:\Users\ASSiddesh\eclipse-workspace\v\target\test-classes:C:\Users\ASSiddesh\eclipse-workspace\v\target\classes:C:\Users\ASSiddesh\.m2\repository\org\seleniumhq\selenium\selenium-java\3.141.59\selenium-java-3.141.59.jar:C:\Users\ASSiddesh\.m2\repository\org\seleniumhq\selenium\selenium-api\3.141.59\selenium-api-3.141.59.jar:C:\Users\ASSiddesh\.m2\repository\org\seleniumhq\selenium\selenium-chrome-driver\3.141.59\selenium-chrome-driver-3.141.59.jar:C:\Users\ASSiddesh\.m2\repository\org\seleniumhq\selenium\selenium-edge-driver\3.141.59\selenium-edge-driver-3.141.59.jar:C:\Users\ASSiddesh\.m2\repository\org\seleniumhq\selenium\selenium-firefox-driver\3.141.59\selenium-firefox-driver-3.141.59.jar:C:\Users\ASSiddesh\.m2\repository\org\seleniumhq\selenium\selenium-ie-driver\3.141.59\selenium-ie-driver-3.141.59.jar:C:\Users\ASSiddesh\.m2\repository\org\seleniumhq\selenium\selenium-opera-driver\3.141.59\selenium-opera-driver-3.141.59.jar:C:\Users\ASSiddesh\.m2\repository\org\seleniumhq\selenium\selenium-remote-driver\3.141.59\selenium-remote-driver-3.141.59.jar:C:\Users\ASSiddesh\.m2\repository\org\seleniumhq\selenium\selenium-safari-driver\3.141.59\selenium-safari-driver-3.141.59.jar:C:\Users\ASSiddesh\.m2\repository\org\seleniumhq\selenium\selenium-support\3.141.59\selenium-support-3.141.59.jar:C:\Users\ASSiddesh\.m2\repository\net\bytebuddy\byte-buddy\1.8.15\byte-buddy-1.8.15.jar:C:\Users\ASSiddesh\.m2\repository\org\apache\commons\commons-exec\1.3\commons-exec-1.3.jar:C:\Users\ASSiddesh\.m2\repository\com\google\guava\guava\25.0-jre\guava-25.0-jre.jar:C:\Users\ASSiddesh\.m2\repository\com\google\code\findbugs\jsr305\1.3.9\jsr305-1.3.9.jar:C:\Users\ASSiddesh\.m2\repository\org\checkerframework\checker-compat-qual\2.0.0\checker-compat-qual-2.0.0.jar:C:\Users\ASSiddesh\.m2\repository\com\google\errorprone\error_prone_annotations\2.1.3\error_prone_annotations-2.1.3.jar:C:\Users\ASSiddesh\.m2\repository\com\google\j2objc\j2objc-annotations\1.1\j2objc-annotations-1.1.jar:C:\Users\ASSiddesh\.m2\repository\org\codehaus\mojo\animal-sniffer-annotations\1.14\animal-sniffer-annotations-1.14.jar:C:\Users\ASSiddesh\.m2\repository\com\squareup\okhttp3\okhttp\3.11.0\okhttp-3.11.0.jar:C:\Users\ASSiddesh\.m2\repository\com\squareup\okio\okio\1.14.0\okio-1.14.0.jar:C:\Users\ASSiddesh\.m2\repository\org\testng\testng\7.4.0\testng-7.4.0.jar:C:\Users\ASSiddesh\.m2\repository\com\beust\jcommander\1.78\jcommander-1.78.jar:C:\Users\ASSiddesh\.m2\repository\org\webjars\jquery\3.5.1\jquery-3.5.1.jar org.testng.remote.RemoteTestNG -serport 55843 -protocol json -d C:\Users\ASSiddesh\eclipse-workspace\v\test-output C:\Users\ASSIDD~1\AppData\Local\Temp\testng-eclipse--1354864295\testng-customsuite.xml

!ENTRY org.eclipse.m2e.logback.appender 2 0 2021-07-16 16:49:16.790
!MESSAGE Using platform encoding (Cp1252 actually) to copy filtered resources, i.e. build is platform dependent!

!ENTRY org.eclipse.m2e.logback.appender 2 0 2021-07-16 16:49:16.793
!MESSAGE Using platform encoding (Cp1252 actually) to copy filtered resources, i.e. build is platform dependent!

!ENTRY org.eclipse.ltk.ui.refactoring 4 10000 2021-07-16 16:50:26.017
!MESSAGE Internal Error
!STACK 1
Java Model Exception: Java Model Status [insurancetests [in src/test/java [in v]] does not exist]
	at org.eclipse.jdt.internal.core.JavaElement.newJavaModelException(JavaElement.java:583)
	at org.eclipse.jdt.internal.core.Openable.generateInfos(Openable.java:254)
	at org.eclipse.jdt.internal.core.JavaElement.openWhenClosed(JavaElement.java:596)
	at org.eclipse.jdt.internal.core.JavaElement.getElementInfo(JavaElement.java:326)
	at org.eclipse.jdt.internal.core.JavaElement.getElementInfo(JavaElement.java:312)
	at org.eclipse.jdt.internal.core.PackageFragment.getNonJavaResources(PackageFragment.java:386)
	at org.eclipse.jdt.internal.corext.refactoring.reorg.ReadOnlyResourceFinder.hasReadOnlyResourcesAndSubResources(ReadOnlyResourceFinder.java:85)
	at org.eclipse.jdt.internal.corext.refactoring.reorg.ReadOnlyResourceFinder.hasReadOnlyResourcesAndSubResources(ReadOnlyResourceFinder.java:63)
	at org.eclipse.jdt.internal.corext.refactoring.reorg.ReadOnlyResourceFinder.hasReadOnlyResourcesAndSubResources(ReadOnlyResourceFinder.java:58)
	at org.eclipse.jdt.internal.corext.refactoring.reorg.ReadOnlyResourceFinder.confirmOperationOnReadOnlyElements(ReadOnlyResourceFinder.java:48)
	at org.eclipse.jdt.internal.corext.refactoring.reorg.ReadOnlyResourceFinder.confirmDeleteOfReadOnlyElements(ReadOnlyResourceFinder.java:38)
	at org.eclipse.jdt.internal.corext.refactoring.reorg.JavaDeleteProcessor.confirmDeletingReadOnly(JavaDeleteProcessor.java:798)
	at org.eclipse.jdt.internal.corext.refactoring.reorg.JavaDeleteProcessor.recalculateElementsToDelete(JavaDeleteProcessor.java:390)
	at org.eclipse.jdt.internal.corext.refactoring.reorg.JavaDeleteProcessor.checkFinalConditions(JavaDeleteProcessor.java:294)
	at org.eclipse.ltk.core.refactoring.participants.ProcessorBasedRefactoring.checkFinalConditions(ProcessorBasedRefactoring.java:226)
	at org.eclipse.ltk.core.refactoring.CheckConditionsOperation.run(CheckConditionsOperation.java:86)
	at org.eclipse.ltk.core.refactoring.CreateChangeOperation.run(CreateChangeOperation.java:122)
	at org.eclipse.ltk.core.refactoring.PerformChangeOperation.run(PerformChangeOperation.java:210)
	at org.eclipse.core.internal.resources.Workspace.run(Workspace.java:2292)
	at org.eclipse.core.internal.resources.Workspace.run(Workspace.java:2317)
	at org.eclipse.ltk.internal.ui.refactoring.WorkbenchRunnableAdapter.run(WorkbenchRunnableAdapter.java:89)
	at org.eclipse.jface.operation.ModalContext$ModalContextThread.run(ModalContext.java:122)
!SUBENTRY 1 org.eclipse.jdt.core 4 969 2021-07-16 16:50:26.017
!MESSAGE insurancetests [in src/test/java [in v]] does not exist

!ENTRY org.eclipse.m2e.logback.appender 2 0 2021-07-16 16:50:27.981
!MESSAGE Using platform encoding (Cp1252 actually) to copy filtered resources, i.e. build is platform dependent!

!ENTRY org.eclipse.m2e.logback.appender 2 0 2021-07-16 16:50:27.983
!MESSAGE Using platform encoding (Cp1252 actually) to copy filtered resources, i.e. build is platform dependent!

!ENTRY org.eclipse.m2e.logback.appender 2 0 2021-07-16 16:51:09.575
!MESSAGE Using platform encoding (Cp1252 actually) to copy filtered resources, i.e. build is platform dependent!

!ENTRY org.eclipse.m2e.logback.appender 2 0 2021-07-16 16:51:09.579
!MESSAGE Using platform encoding (Cp1252 actually) to copy filtered resources, i.e. build is platform dependent!

!ENTRY org.eclipse.m2e.logback.appender 2 0 2021-07-16 16:51:41.032
!MESSAGE Using platform encoding (Cp1252 actually) to copy filtered resources, i.e. build is platform dependent!

!ENTRY org.eclipse.m2e.logback.appender 2 0 2021-07-16 16:51:41.034
!MESSAGE Using platform encoding (Cp1252 actually) to copy filtered resources, i.e. build is platform dependent!

!ENTRY org.testng.eclipse 4 4 2021-07-16 16:51:41.600
!MESSAGE Error
!STACK 1
Java Model Exception: Java Model Status [Automation_Assignment_11.1-226ab3addc18f8584fd36d43e573f342ef3c7fb1 does not exist]
	at org.eclipse.jdt.internal.core.JavaElement.newNotPresentException(JavaElement.java:573)
	at org.eclipse.jdt.internal.core.JavaModelManager.getPerProjectInfoCheckExistence(JavaModelManager.java:2525)
	at org.eclipse.jdt.internal.core.JavaProject.getPerProjectInfo(JavaProject.java:2382)
	at org.eclipse.jdt.internal.core.JavaProject.getResolvedClasspath(JavaProject.java:2441)
	at org.eclipse.jdt.internal.core.PackageFragmentRoot.getResolvedClasspathEntry(PackageFragmentRoot.java:624)
	at org.testng.eclipse.ui.codemining.TestCodeMiningProvider.mineForTests(TestCodeMiningProvider.java:60)
	at org.testng.eclipse.ui.codemining.TestCodeMiningProvider.lambda$0(TestCodeMiningProvider.java:40)
	at java.base/java.util.concurrent.CompletableFuture$AsyncSupply.run(CompletableFuture.java:1764)
	at java.base/java.util.concurrent.CompletableFuture$AsyncSupply.exec(CompletableFuture.java:1756)
	at java.base/java.util.concurrent.ForkJoinTask.doExec(ForkJoinTask.java:295)
	at java.base/java.util.concurrent.ForkJoinPool$WorkQueue.topLevelExec(ForkJoinPool.java:1016)
	at java.base/java.util.concurrent.ForkJoinPool.scan(ForkJoinPool.java:1665)
	at java.base/java.util.concurrent.ForkJoinPool.runWorker(ForkJoinPool.java:1598)
	at java.base/java.util.concurrent.ForkJoinWorkerThread.run(ForkJoinWorkerThread.java:183)
!SUBENTRY 1 org.eclipse.jdt.core 4 969 2021-07-16 16:51:41.600
!MESSAGE Automation_Assignment_11.1-226ab3addc18f8584fd36d43e573f342ef3c7fb1 does not exist

!ENTRY org.testng.eclipse 4 4 2021-07-16 16:51:49.605
!MESSAGE Error
!STACK 1
Java Model Exception: Java Model Status [Automation_Assignment_11.1-226ab3addc18f8584fd36d43e573f342ef3c7fb1 does not exist]
	at org.eclipse.jdt.internal.core.JavaElement.newNotPresentException(JavaElement.java:573)
	at org.eclipse.jdt.internal.core.JavaModelManager.getPerProjectInfoCheckExistence(JavaModelManager.java:2525)
	at org.eclipse.jdt.internal.core.JavaProject.getPerProjectInfo(JavaProject.java:2382)
	at org.eclipse.jdt.internal.core.JavaProject.getResolvedClasspath(JavaProject.java:2441)
	at org.eclipse.jdt.internal.core.PackageFragmentRoot.getResolvedClasspathEntry(PackageFragmentRoot.java:624)
	at org.testng.eclipse.ui.codemining.TestCodeMiningProvider.mineForTests(TestCodeMiningProvider.java:60)
	at org.testng.eclipse.ui.codemining.TestCodeMiningProvider.lambda$0(TestCodeMiningProvider.java:40)
	at java.base/java.util.concurrent.CompletableFuture$AsyncSupply.run(CompletableFuture.java:1764)
	at java.base/java.util.concurrent.CompletableFuture$AsyncSupply.exec(CompletableFuture.java:1756)
	at java.base/java.util.concurrent.ForkJoinTask.doExec(ForkJoinTask.java:295)
	at java.base/java.util.concurrent.ForkJoinPool$WorkQueue.topLevelExec(ForkJoinPool.java:1016)
	at java.base/java.util.concurrent.ForkJoinPool.scan(ForkJoinPool.java:1665)
	at java.base/java.util.concurrent.ForkJoinPool.runWorker(ForkJoinPool.java:1598)
	at java.base/java.util.concurrent.ForkJoinWorkerThread.run(ForkJoinWorkerThread.java:183)
!SUBENTRY 1 org.eclipse.jdt.core 4 969 2021-07-16 16:51:49.605
!MESSAGE Automation_Assignment_11.1-226ab3addc18f8584fd36d43e573f342ef3c7fb1 does not exist

!ENTRY org.testng.eclipse 4 4 2021-07-16 16:53:06.655
!MESSAGE Error
!STACK 1
Java Model Exception: Java Model Status [Automation_Assignment_11.1-226ab3addc18f8584fd36d43e573f342ef3c7fb1 does not exist]
	at org.eclipse.jdt.internal.core.JavaElement.newNotPresentException(JavaElement.java:573)
	at org.eclipse.jdt.internal.core.JavaModelManager.getPerProjectInfoCheckExistence(JavaModelManager.java:2525)
	at org.eclipse.jdt.internal.core.JavaProject.getPerProjectInfo(JavaProject.java:2382)
	at org.eclipse.jdt.internal.core.JavaProject.getResolvedClasspath(JavaProject.java:2441)
	at org.eclipse.jdt.internal.core.PackageFragmentRoot.getResolvedClasspathEntry(PackageFragmentRoot.java:624)
	at org.testng.eclipse.ui.codemining.TestCodeMiningProvider.mineForTests(TestCodeMiningProvider.java:60)
	at org.testng.eclipse.ui.codemining.TestCodeMiningProvider.lambda$0(TestCodeMiningProvider.java:40)
	at java.base/java.util.concurrent.CompletableFuture$AsyncSupply.run(CompletableFuture.java:1764)
	at java.base/java.util.concurrent.CompletableFuture$AsyncSupply.exec(CompletableFuture.java:1756)
	at java.base/java.util.concurrent.ForkJoinTask.doExec(ForkJoinTask.java:295)
	at java.base/java.util.concurrent.ForkJoinPool$WorkQueue.topLevelExec(ForkJoinPool.java:1016)
	at java.base/java.util.concurrent.ForkJoinPool.scan(ForkJoinPool.java:1665)
	at java.base/java.util.concurrent.ForkJoinPool.runWorker(ForkJoinPool.java:1598)
	at java.base/java.util.concurrent.ForkJoinWorkerThread.run(ForkJoinWorkerThread.java:183)
!SUBENTRY 1 org.eclipse.jdt.core 4 969 2021-07-16 16:53:06.655
!MESSAGE Automation_Assignment_11.1-226ab3addc18f8584fd36d43e573f342ef3c7fb1 does not exist

!ENTRY org.testng.eclipse 4 4 2021-07-16 16:53:07.655
!MESSAGE Error
!STACK 1
Java Model Exception: Java Model Status [Automation_Assignment_11.1-226ab3addc18f8584fd36d43e573f342ef3c7fb1 does not exist]
	at org.eclipse.jdt.internal.core.JavaElement.newNotPresentException(JavaElement.java:573)
	at org.eclipse.jdt.internal.core.JavaModelManager.getPerProjectInfoCheckExistence(JavaModelManager.java:2525)
	at org.eclipse.jdt.internal.core.JavaProject.getPerProjectInfo(JavaProject.java:2382)
	at org.eclipse.jdt.internal.core.JavaProject.getResolvedClasspath(JavaProject.java:2441)
	at org.eclipse.jdt.internal.core.PackageFragmentRoot.getResolvedClasspathEntry(PackageFragmentRoot.java:624)
	at org.testng.eclipse.ui.codemining.TestCodeMiningProvider.mineForTests(TestCodeMiningProvider.java:60)
	at org.testng.eclipse.ui.codemining.TestCodeMiningProvider.lambda$0(TestCodeMiningProvider.java:40)
	at java.base/java.util.concurrent.CompletableFuture$AsyncSupply.run(CompletableFuture.java:1764)
	at java.base/java.util.concurrent.CompletableFuture$AsyncSupply.exec(CompletableFuture.java:1756)
	at java.base/java.util.concurrent.ForkJoinTask.doExec(ForkJoinTask.java:295)
	at java.base/java.util.concurrent.ForkJoinPool$WorkQueue.topLevelExec(ForkJoinPool.java:1016)
	at java.base/java.util.concurrent.ForkJoinPool.scan(ForkJoinPool.java:1665)
	at java.base/java.util.concurrent.ForkJoinPool.runWorker(ForkJoinPool.java:1598)
	at java.base/java.util.concurrent.ForkJoinWorkerThread.run(ForkJoinWorkerThread.java:183)
!SUBENTRY 1 org.eclipse.jdt.core 4 969 2021-07-16 16:53:07.655
!MESSAGE Automation_Assignment_11.1-226ab3addc18f8584fd36d43e573f342ef3c7fb1 does not exist

!ENTRY org.testng.eclipse 4 4 2021-07-16 16:53:13.159
!MESSAGE Error
!STACK 1
Java Model Exception: Java Model Status [Automation_Assignment_11.1-226ab3addc18f8584fd36d43e573f342ef3c7fb1 does not exist]
	at org.eclipse.jdt.internal.core.JavaElement.newNotPresentException(JavaElement.java:573)
	at org.eclipse.jdt.internal.core.JavaModelManager.getPerProjectInfoCheckExistence(JavaModelManager.java:2525)
	at org.eclipse.jdt.internal.core.JavaProject.getPerProjectInfo(JavaProject.java:2382)
	at org.eclipse.jdt.internal.core.JavaProject.getResolvedClasspath(JavaProject.java:2441)
	at org.eclipse.jdt.internal.core.PackageFragmentRoot.getResolvedClasspathEntry(PackageFragmentRoot.java:624)
	at org.testng.eclipse.ui.codemining.TestCodeMiningProvider.mineForTests(TestCodeMiningProvider.java:60)
	at org.testng.eclipse.ui.codemining.TestCodeMiningProvider.lambda$0(TestCodeMiningProvider.java:40)
	at java.base/java.util.concurrent.CompletableFuture$AsyncSupply.run(CompletableFuture.java:1764)
	at java.base/java.util.concurrent.CompletableFuture$AsyncSupply.exec(CompletableFuture.java:1756)
	at java.base/java.util.concurrent.ForkJoinTask.doExec(ForkJoinTask.java:295)
	at java.base/java.util.concurrent.ForkJoinPool$WorkQueue.topLevelExec(ForkJoinPool.java:1016)
	at java.base/java.util.concurrent.ForkJoinPool.scan(ForkJoinPool.java:1665)
	at java.base/java.util.concurrent.ForkJoinPool.runWorker(ForkJoinPool.java:1598)
	at java.base/java.util.concurrent.ForkJoinWorkerThread.run(ForkJoinWorkerThread.java:183)
!SUBENTRY 1 org.eclipse.jdt.core 4 969 2021-07-16 16:53:13.159
!MESSAGE Automation_Assignment_11.1-226ab3addc18f8584fd36d43e573f342ef3c7fb1 does not exist

!ENTRY org.testng.eclipse 4 4 2021-07-16 16:53:15.662
!MESSAGE Error
!STACK 1
Java Model Exception: Java Model Status [Automation_Assignment_11.1-226ab3addc18f8584fd36d43e573f342ef3c7fb1 does not exist]
	at org.eclipse.jdt.internal.core.JavaElement.newNotPresentException(JavaElement.java:573)
	at org.eclipse.jdt.internal.core.JavaModelManager.getPerProjectInfoCheckExistence(JavaModelManager.java:2525)
	at org.eclipse.jdt.internal.core.JavaProject.getPerProjectInfo(JavaProject.java:2382)
	at org.eclipse.jdt.internal.core.JavaProject.getResolvedClasspath(JavaProject.java:2441)
	at org.eclipse.jdt.internal.core.PackageFragmentRoot.getResolvedClasspathEntry(PackageFragmentRoot.java:624)
	at org.testng.eclipse.ui.codemining.TestCodeMiningProvider.mineForTests(TestCodeMiningProvider.java:60)
	at org.testng.eclipse.ui.codemining.TestCodeMiningProvider.lambda$0(TestCodeMiningProvider.java:40)
	at java.base/java.util.concurrent.CompletableFuture$AsyncSupply.run(CompletableFuture.java:1764)
	at java.base/java.util.concurrent.CompletableFuture$AsyncSupply.exec(CompletableFuture.java:1756)
	at java.base/java.util.concurrent.ForkJoinTask.doExec(ForkJoinTask.java:295)
	at java.base/java.util.concurrent.ForkJoinPool$WorkQueue.topLevelExec(ForkJoinPool.java:1016)
	at java.base/java.util.concurrent.ForkJoinPool.scan(ForkJoinPool.java:1665)
	at java.base/java.util.concurrent.ForkJoinPool.runWorker(ForkJoinPool.java:1598)
	at java.base/java.util.concurrent.ForkJoinWorkerThread.run(ForkJoinWorkerThread.java:183)
!SUBENTRY 1 org.eclipse.jdt.core 4 969 2021-07-16 16:53:15.662
!MESSAGE Automation_Assignment_11.1-226ab3addc18f8584fd36d43e573f342ef3c7fb1 does not exist

!ENTRY org.testng.eclipse 4 4 2021-07-16 16:53:17.665
!MESSAGE Error
!STACK 1
Java Model Exception: Java Model Status [Automation_Assignment_11.1-226ab3addc18f8584fd36d43e573f342ef3c7fb1 does not exist]
	at org.eclipse.jdt.internal.core.JavaElement.newNotPresentException(JavaElement.java:573)
	at org.eclipse.jdt.internal.core.JavaModelManager.getPerProjectInfoCheckExistence(JavaModelManager.java:2525)
	at org.eclipse.jdt.internal.core.JavaProject.getPerProjectInfo(JavaProject.java:2382)
	at org.eclipse.jdt.internal.core.JavaProject.getResolvedClasspath(JavaProject.java:2441)
	at org.eclipse.jdt.internal.core.PackageFragmentRoot.getResolvedClasspathEntry(PackageFragmentRoot.java:624)
	at org.testng.eclipse.ui.codemining.TestCodeMiningProvider.mineForTests(TestCodeMiningProvider.java:60)
	at org.testng.eclipse.ui.codemining.TestCodeMiningProvider.lambda$0(TestCodeMiningProvider.java:40)
	at java.base/java.util.concurrent.CompletableFuture$AsyncSupply.run(CompletableFuture.java:1764)
	at java.base/java.util.concurrent.CompletableFuture$AsyncSupply.exec(CompletableFuture.java:1756)
	at java.base/java.util.concurrent.ForkJoinTask.doExec(ForkJoinTask.java:295)
	at java.base/java.util.concurrent.ForkJoinPool$WorkQueue.topLevelExec(ForkJoinPool.java:1016)
	at java.base/java.util.concurrent.ForkJoinPool.scan(ForkJoinPool.java:1665)
	at java.base/java.util.concurrent.ForkJoinPool.runWorker(ForkJoinPool.java:1598)
	at java.base/java.util.concurrent.ForkJoinWorkerThread.run(ForkJoinWorkerThread.java:183)
!SUBENTRY 1 org.eclipse.jdt.core 4 969 2021-07-16 16:53:17.665
!MESSAGE Automation_Assignment_11.1-226ab3addc18f8584fd36d43e573f342ef3c7fb1 does not exist

!ENTRY org.testng.eclipse 4 4 2021-07-16 16:53:18.665
!MESSAGE Error
!STACK 1
Java Model Exception: Java Model Status [Automation_Assignment_11.1-226ab3addc18f8584fd36d43e573f342ef3c7fb1 does not exist]
	at org.eclipse.jdt.internal.core.JavaElement.newNotPresentException(JavaElement.java:573)
	at org.eclipse.jdt.internal.core.JavaModelManager.getPerProjectInfoCheckExistence(JavaModelManager.java:2525)
	at org.eclipse.jdt.internal.core.JavaProject.getPerProjectInfo(JavaProject.java:2382)
	at org.eclipse.jdt.internal.core.JavaProject.getResolvedClasspath(JavaProject.java:2441)
	at org.eclipse.jdt.internal.core.PackageFragmentRoot.getResolvedClasspathEntry(PackageFragmentRoot.java:624)
	at org.testng.eclipse.ui.codemining.TestCodeMiningProvider.mineForTests(TestCodeMiningProvider.java:60)
	at org.testng.eclipse.ui.codemining.TestCodeMiningProvider.lambda$0(TestCodeMiningProvider.java:40)
	at java.base/java.util.concurrent.CompletableFuture$AsyncSupply.run(CompletableFuture.java:1764)
	at java.base/java.util.concurrent.CompletableFuture$AsyncSupply.exec(CompletableFuture.java:1756)
	at java.base/java.util.concurrent.ForkJoinTask.doExec(ForkJoinTask.java:295)
	at java.base/java.util.concurrent.ForkJoinPool$WorkQueue.topLevelExec(ForkJoinPool.java:1016)
	at java.base/java.util.concurrent.ForkJoinPool.scan(ForkJoinPool.java:1665)
	at java.base/java.util.concurrent.ForkJoinPool.runWorker(ForkJoinPool.java:1598)
	at java.base/java.util.concurrent.ForkJoinWorkerThread.run(ForkJoinWorkerThread.java:183)
!SUBENTRY 1 org.eclipse.jdt.core 4 969 2021-07-16 16:53:18.665
!MESSAGE Automation_Assignment_11.1-226ab3addc18f8584fd36d43e573f342ef3c7fb1 does not exist

!ENTRY org.testng.eclipse 4 4 2021-07-16 16:53:25.673
!MESSAGE Error
!STACK 1
Java Model Exception: Java Model Status [Automation_Assignment_11.1-226ab3addc18f8584fd36d43e573f342ef3c7fb1 does not exist]
	at org.eclipse.jdt.internal.core.JavaElement.newNotPresentException(JavaElement.java:573)
	at org.eclipse.jdt.internal.core.JavaModelManager.getPerProjectInfoCheckExistence(JavaModelManager.java:2525)
	at org.eclipse.jdt.internal.core.JavaProject.getPerProjectInfo(JavaProject.java:2382)
	at org.eclipse.jdt.internal.core.JavaProject.getResolvedClasspath(JavaProject.java:2441)
	at org.eclipse.jdt.internal.core.PackageFragmentRoot.getResolvedClasspathEntry(PackageFragmentRoot.java:624)
	at org.testng.eclipse.ui.codemining.TestCodeMiningProvider.mineForTests(TestCodeMiningProvider.java:60)
	at org.testng.eclipse.ui.codemining.TestCodeMiningProvider.lambda$0(TestCodeMiningProvider.java:40)
	at java.base/java.util.concurrent.CompletableFuture$AsyncSupply.run(CompletableFuture.java:1764)
	at java.base/java.util.concurrent.CompletableFuture$AsyncSupply.exec(CompletableFuture.java:1756)
	at java.base/java.util.concurrent.ForkJoinTask.doExec(ForkJoinTask.java:295)
	at java.base/java.util.concurrent.ForkJoinPool$WorkQueue.topLevelExec(ForkJoinPool.java:1016)
	at java.base/java.util.concurrent.ForkJoinPool.scan(ForkJoinPool.java:1665)
	at java.base/java.util.concurrent.ForkJoinPool.runWorker(ForkJoinPool.java:1598)
	at java.base/java.util.concurrent.ForkJoinWorkerThread.run(ForkJoinWorkerThread.java:183)
!SUBENTRY 1 org.eclipse.jdt.core 4 969 2021-07-16 16:53:25.673
!MESSAGE Automation_Assignment_11.1-226ab3addc18f8584fd36d43e573f342ef3c7fb1 does not exist

!ENTRY org.eclipse.m2e.logback.appender 2 0 2021-07-16 16:54:44.298
!MESSAGE Using platform encoding (Cp1252 actually) to copy filtered resources, i.e. build is platform dependent!

!ENTRY org.eclipse.m2e.logback.appender 2 0 2021-07-16 16:54:44.301
!MESSAGE Using platform encoding (Cp1252 actually) to copy filtered resources, i.e. build is platform dependent!

!ENTRY org.testng.eclipse 1 0 2021-07-16 16:54:44.954
!MESSAGE [TestNGLaunchConfigurationDelegate] Launching:
  Classpath: C:\Users\ASSiddesh\eclipse\java-2021-03\eclipse\configuration\org.eclipse.osgi\442\0\.cp\lib\testng-remote.jar C:\Users\ASSiddesh\eclipse-workspace\v\target\test-classes C:\Users\ASSiddesh\eclipse-workspace\v\target\classes C:\Users\ASSiddesh\.m2\repository\org\seleniumhq\selenium\selenium-java\3.141.59\selenium-java-3.141.59.jar C:\Users\ASSiddesh\.m2\repository\org\seleniumhq\selenium\selenium-api\3.141.59\selenium-api-3.141.59.jar C:\Users\ASSiddesh\.m2\repository\org\seleniumhq\selenium\selenium-chrome-driver\3.141.59\selenium-chrome-driver-3.141.59.jar C:\Users\ASSiddesh\.m2\repository\org\seleniumhq\selenium\selenium-edge-driver\3.141.59\selenium-edge-driver-3.141.59.jar C:\Users\ASSiddesh\.m2\repository\org\seleniumhq\selenium\selenium-firefox-driver\3.141.59\selenium-firefox-driver-3.141.59.jar C:\Users\ASSiddesh\.m2\repository\org\seleniumhq\selenium\selenium-ie-driver\3.141.59\selenium-ie-driver-3.141.59.jar C:\Users\ASSiddesh\.m2\repository\org\seleniumhq\selenium\selenium-opera-driver\3.141.59\selenium-opera-driver-3.141.59.jar C:\Users\ASSiddesh\.m2\repository\org\seleniumhq\selenium\selenium-remote-driver\3.141.59\selenium-remote-driver-3.141.59.jar C:\Users\ASSiddesh\.m2\repository\org\seleniumhq\selenium\selenium-safari-driver\3.141.59\selenium-safari-driver-3.141.59.jar C:\Users\ASSiddesh\.m2\repository\org\seleniumhq\selenium\selenium-support\3.141.59\selenium-support-3.141.59.jar C:\Users\ASSiddesh\.m2\repository\net\bytebuddy\byte-buddy\1.8.15\byte-buddy-1.8.15.jar C:\Users\ASSiddesh\.m2\repository\org\apache\commons\commons-exec\1.3\commons-exec-1.3.jar C:\Users\ASSiddesh\.m2\repository\com\google\guava\guava\25.0-jre\guava-25.0-jre.jar C:\Users\ASSiddesh\.m2\repository\com\google\code\findbugs\jsr305\1.3.9\jsr305-1.3.9.jar C:\Users\ASSiddesh\.m2\repository\org\checkerframework\checker-compat-qual\2.0.0\checker-compat-qual-2.0.0.jar C:\Users\ASSiddesh\.m2\repository\com\google\errorprone\error_prone_annotations\2.1.3\error_prone_annotations-2.1.3.jar C:\Users\ASSiddesh\.m2\repository\com\google\j2objc\j2objc-annotations\1.1\j2objc-annotations-1.1.jar C:\Users\ASSiddesh\.m2\repository\org\codehaus\mojo\animal-sniffer-annotations\1.14\animal-sniffer-annotations-1.14.jar C:\Users\ASSiddesh\.m2\repository\com\squareup\okhttp3\okhttp\3.11.0\okhttp-3.11.0.jar C:\Users\ASSiddesh\.m2\repository\com\squareup\okio\okio\1.14.0\okio-1.14.0.jar C:\Users\ASSiddesh\.m2\repository\org\testng\testng\7.4.0\testng-7.4.0.jar C:\Users\ASSiddesh\.m2\repository\com\beust\jcommander\1.78\jcommander-1.78.jar C:\Users\ASSiddesh\.m2\repository\org\webjars\jquery\3.5.1\jquery-3.5.1.jar
  VMArgs:    -ea
  Class:     org.testng.remote.RemoteTestNG
  Args:      -serport 63608 -protocol json -d C:\Users\ASSiddesh\eclipse-workspace\v\test-output C:\Users\ASSIDD~1\AppData\Local\Temp\testng-eclipse--1038682253\testng-customsuite.xml
java -ea -classpath C:\Users\ASSiddesh\eclipse\java-2021-03\eclipse\configuration\org.eclipse.osgi\442\0\.cp\lib\testng-remote.jar:C:\Users\ASSiddesh\eclipse-workspace\v\target\test-classes:C:\Users\ASSiddesh\eclipse-workspace\v\target\classes:C:\Users\ASSiddesh\.m2\repository\org\seleniumhq\selenium\selenium-java\3.141.59\selenium-java-3.141.59.jar:C:\Users\ASSiddesh\.m2\repository\org\seleniumhq\selenium\selenium-api\3.141.59\selenium-api-3.141.59.jar:C:\Users\ASSiddesh\.m2\repository\org\seleniumhq\selenium\selenium-chrome-driver\3.141.59\selenium-chrome-driver-3.141.59.jar:C:\Users\ASSiddesh\.m2\repository\org\seleniumhq\selenium\selenium-edge-driver\3.141.59\selenium-edge-driver-3.141.59.jar:C:\Users\ASSiddesh\.m2\repository\org\seleniumhq\selenium\selenium-firefox-driver\3.141.59\selenium-firefox-driver-3.141.59.jar:C:\Users\ASSiddesh\.m2\repository\org\seleniumhq\selenium\selenium-ie-driver\3.141.59\selenium-ie-driver-3.141.59.jar:C:\Users\ASSiddesh\.m2\repository\org\seleniumhq\selenium\selenium-opera-driver\3.141.59\selenium-opera-driver-3.141.59.jar:C:\Users\ASSiddesh\.m2\repository\org\seleniumhq\selenium\selenium-remote-driver\3.141.59\selenium-remote-driver-3.141.59.jar:C:\Users\ASSiddesh\.m2\repository\org\seleniumhq\selenium\selenium-safari-driver\3.141.59\selenium-safari-driver-3.141.59.jar:C:\Users\ASSiddesh\.m2\repository\org\seleniumhq\selenium\selenium-support\3.141.59\selenium-support-3.141.59.jar:C:\Users\ASSiddesh\.m2\repository\net\bytebuddy\byte-buddy\1.8.15\byte-buddy-1.8.15.jar:C:\Users\ASSiddesh\.m2\repository\org\apache\commons\commons-exec\1.3\commons-exec-1.3.jar:C:\Users\ASSiddesh\.m2\repository\com\google\guava\guava\25.0-jre\guava-25.0-jre.jar:C:\Users\ASSiddesh\.m2\repository\com\google\code\findbugs\jsr305\1.3.9\jsr305-1.3.9.jar:C:\Users\ASSiddesh\.m2\repository\org\checkerframework\checker-compat-qual\2.0.0\checker-compat-qual-2.0.0.jar:C:\Users\ASSiddesh\.m2\repository\com\google\errorprone\error_prone_annotations\2.1.3\error_prone_annotations-2.1.3.jar:C:\Users\ASSiddesh\.m2\repository\com\google\j2objc\j2objc-annotations\1.1\j2objc-annotations-1.1.jar:C:\Users\ASSiddesh\.m2\repository\org\codehaus\mojo\animal-sniffer-annotations\1.14\animal-sniffer-annotations-1.14.jar:C:\Users\ASSiddesh\.m2\repository\com\squareup\okhttp3\okhttp\3.11.0\okhttp-3.11.0.jar:C:\Users\ASSiddesh\.m2\repository\com\squareup\okio\okio\1.14.0\okio-1.14.0.jar:C:\Users\ASSiddesh\.m2\repository\org\testng\testng\7.4.0\testng-7.4.0.jar:C:\Users\ASSiddesh\.m2\repository\com\beust\jcommander\1.78\jcommander-1.78.jar:C:\Users\ASSiddesh\.m2\repository\org\webjars\jquery\3.5.1\jquery-3.5.1.jar org.testng.remote.RemoteTestNG -serport 63608 -protocol json -d C:\Users\ASSiddesh\eclipse-workspace\v\test-output C:\Users\ASSIDD~1\AppData\Local\Temp\testng-eclipse--1038682253\testng-customsuite.xml

!ENTRY org.eclipse.m2e.logback.appender 2 0 2021-07-16 16:56:17.246
!MESSAGE Using platform encoding (Cp1252 actually) to copy filtered resources, i.e. build is platform dependent!

!ENTRY org.eclipse.m2e.logback.appender 2 0 2021-07-16 16:56:17.248
!MESSAGE Using platform encoding (Cp1252 actually) to copy filtered resources, i.e. build is platform dependent!

!ENTRY org.testng.eclipse 1 0 2021-07-16 17:00:48.839
!MESSAGE [TestNGLaunchConfigurationDelegate] Launching:
  Classpath: C:\Users\ASSiddesh\eclipse\java-2021-03\eclipse\configuration\org.eclipse.osgi\442\0\.cp\lib\testng-remote.jar C:\Users\ASSiddesh\eclipse-workspace\v\target\test-classes C:\Users\ASSiddesh\eclipse-workspace\v\target\classes C:\Users\ASSiddesh\.m2\repository\org\seleniumhq\selenium\selenium-java\3.141.59\selenium-java-3.141.59.jar C:\Users\ASSiddesh\.m2\repository\org\seleniumhq\selenium\selenium-api\3.141.59\selenium-api-3.141.59.jar C:\Users\ASSiddesh\.m2\repository\org\seleniumhq\selenium\selenium-chrome-driver\3.141.59\selenium-chrome-driver-3.141.59.jar C:\Users\ASSiddesh\.m2\repository\org\seleniumhq\selenium\selenium-edge-driver\3.141.59\selenium-edge-driver-3.141.59.jar C:\Users\ASSiddesh\.m2\repository\org\seleniumhq\selenium\selenium-firefox-driver\3.141.59\selenium-firefox-driver-3.141.59.jar C:\Users\ASSiddesh\.m2\repository\org\seleniumhq\selenium\selenium-ie-driver\3.141.59\selenium-ie-driver-3.141.59.jar C:\Users\ASSiddesh\.m2\repository\org\seleniumhq\selenium\selenium-opera-driver\3.141.59\selenium-opera-driver-3.141.59.jar C:\Users\ASSiddesh\.m2\repository\org\seleniumhq\selenium\selenium-remote-driver\3.141.59\selenium-remote-driver-3.141.59.jar C:\Users\ASSiddesh\.m2\repository\org\seleniumhq\selenium\selenium-safari-driver\3.141.59\selenium-safari-driver-3.141.59.jar C:\Users\ASSiddesh\.m2\repository\org\seleniumhq\selenium\selenium-support\3.141.59\selenium-support-3.141.59.jar C:\Users\ASSiddesh\.m2\repository\net\bytebuddy\byte-buddy\1.8.15\byte-buddy-1.8.15.jar C:\Users\ASSiddesh\.m2\repository\org\apache\commons\commons-exec\1.3\commons-exec-1.3.jar C:\Users\ASSiddesh\.m2\repository\com\google\guava\guava\25.0-jre\guava-25.0-jre.jar C:\Users\ASSiddesh\.m2\repository\com\google\code\findbugs\jsr305\1.3.9\jsr305-1.3.9.jar C:\Users\ASSiddesh\.m2\repository\org\checkerframework\checker-compat-qual\2.0.0\checker-compat-qual-2.0.0.jar C:\Users\ASSiddesh\.m2\repository\com\google\errorprone\error_prone_annotations\2.1.3\error_prone_annotations-2.1.3.jar C:\Users\ASSiddesh\.m2\repository\com\google\j2objc\j2objc-annotations\1.1\j2objc-annotations-1.1.jar C:\Users\ASSiddesh\.m2\repository\org\codehaus\mojo\animal-sniffer-annotations\1.14\animal-sniffer-annotations-1.14.jar C:\Users\ASSiddesh\.m2\repository\com\squareup\okhttp3\okhttp\3.11.0\okhttp-3.11.0.jar C:\Users\ASSiddesh\.m2\repository\com\squareup\okio\okio\1.14.0\okio-1.14.0.jar C:\Users\ASSiddesh\.m2\repository\org\testng\testng\7.4.0\testng-7.4.0.jar C:\Users\ASSiddesh\.m2\repository\com\beust\jcommander\1.78\jcommander-1.78.jar C:\Users\ASSiddesh\.m2\repository\org\webjars\jquery\3.5.1\jquery-3.5.1.jar
  VMArgs:    -ea
  Class:     org.testng.remote.RemoteTestNG
  Args:      -serport 65217 -protocol json -d C:\Users\ASSiddesh\eclipse-workspace\v\test-output C:\Users\ASSIDD~1\AppData\Local\Temp\testng-eclipse-1081954637\testng-customsuite.xml
java -ea -classpath C:\Users\ASSiddesh\eclipse\java-2021-03\eclipse\configuration\org.eclipse.osgi\442\0\.cp\lib\testng-remote.jar:C:\Users\ASSiddesh\eclipse-workspace\v\target\test-classes:C:\Users\ASSiddesh\eclipse-workspace\v\target\classes:C:\Users\ASSiddesh\.m2\repository\org\seleniumhq\selenium\selenium-java\3.141.59\selenium-java-3.141.59.jar:C:\Users\ASSiddesh\.m2\repository\org\seleniumhq\selenium\selenium-api\3.141.59\selenium-api-3.141.59.jar:C:\Users\ASSiddesh\.m2\repository\org\seleniumhq\selenium\selenium-chrome-driver\3.141.59\selenium-chrome-driver-3.141.59.jar:C:\Users\ASSiddesh\.m2\repository\org\seleniumhq\selenium\selenium-edge-driver\3.141.59\selenium-edge-driver-3.141.59.jar:C:\Users\ASSiddesh\.m2\repository\org\seleniumhq\selenium\selenium-firefox-driver\3.141.59\selenium-firefox-driver-3.141.59.jar:C:\Users\ASSiddesh\.m2\repository\org\seleniumhq\selenium\selenium-ie-driver\3.141.59\selenium-ie-driver-3.141.59.jar:C:\Users\ASSiddesh\.m2\repository\org\seleniumhq\selenium\selenium-opera-driver\3.141.59\selenium-opera-driver-3.141.59.jar:C:\Users\ASSiddesh\.m2\repository\org\seleniumhq\selenium\selenium-remote-driver\3.141.59\selenium-remote-driver-3.141.59.jar:C:\Users\ASSiddesh\.m2\repository\org\seleniumhq\selenium\selenium-safari-driver\3.141.59\selenium-safari-driver-3.141.59.jar:C:\Users\ASSiddesh\.m2\repository\org\seleniumhq\selenium\selenium-support\3.141.59\selenium-support-3.141.59.jar:C:\Users\ASSiddesh\.m2\repository\net\bytebuddy\byte-buddy\1.8.15\byte-buddy-1.8.15.jar:C:\Users\ASSiddesh\.m2\repository\org\apache\commons\commons-exec\1.3\commons-exec-1.3.jar:C:\Users\ASSiddesh\.m2\repository\com\google\guava\guava\25.0-jre\guava-25.0-jre.jar:C:\Users\ASSiddesh\.m2\repository\com\google\code\findbugs\jsr305\1.3.9\jsr305-1.3.9.jar:C:\Users\ASSiddesh\.m2\repository\org\checkerframework\checker-compat-qual\2.0.0\checker-compat-qual-2.0.0.jar:C:\Users\ASSiddesh\.m2\repository\com\google\errorprone\error_prone_annotations\2.1.3\error_prone_annotations-2.1.3.jar:C:\Users\ASSiddesh\.m2\repository\com\google\j2objc\j2objc-annotations\1.1\j2objc-annotations-1.1.jar:C:\Users\ASSiddesh\.m2\repository\org\codehaus\mojo\animal-sniffer-annotations\1.14\animal-sniffer-annotations-1.14.jar:C:\Users\ASSiddesh\.m2\repository\com\squareup\okhttp3\okhttp\3.11.0\okhttp-3.11.0.jar:C:\Users\ASSiddesh\.m2\repository\com\squareup\okio\okio\1.14.0\okio-1.14.0.jar:C:\Users\ASSiddesh\.m2\repository\org\testng\testng\7.4.0\testng-7.4.0.jar:C:\Users\ASSiddesh\.m2\repository\com\beust\jcommander\1.78\jcommander-1.78.jar:C:\Users\ASSiddesh\.m2\repository\org\webjars\jquery\3.5.1\jquery-3.5.1.jar org.testng.remote.RemoteTestNG -serport 65217 -protocol json -d C:\Users\ASSiddesh\eclipse-workspace\v\test-output C:\Users\ASSIDD~1\AppData\Local\Temp\testng-eclipse-1081954637\testng-customsuite.xml

!ENTRY org.eclipse.m2e.logback.appender 2 0 2021-07-16 17:13:53.715
!MESSAGE Using platform encoding (Cp1252 actually) to copy filtered resources, i.e. build is platform dependent!

!ENTRY org.eclipse.m2e.logback.appender 2 0 2021-07-16 17:13:53.720
!MESSAGE Using platform encoding (Cp1252 actually) to copy filtered resources, i.e. build is platform dependent!

!ENTRY org.testng.eclipse 1 0 2021-07-16 17:13:54.422
!MESSAGE [TestNGLaunchConfigurationDelegate] Launching:
  Classpath: C:\Users\ASSiddesh\eclipse\java-2021-03\eclipse\configuration\org.eclipse.osgi\442\0\.cp\lib\testng-remote.jar C:\Users\ASSiddesh\eclipse-workspace\v\target\test-classes C:\Users\ASSiddesh\eclipse-workspace\v\target\classes C:\Users\ASSiddesh\.m2\repository\org\seleniumhq\selenium\selenium-java\3.141.59\selenium-java-3.141.59.jar C:\Users\ASSiddesh\.m2\repository\org\seleniumhq\selenium\selenium-api\3.141.59\selenium-api-3.141.59.jar C:\Users\ASSiddesh\.m2\repository\org\seleniumhq\selenium\selenium-chrome-driver\3.141.59\selenium-chrome-driver-3.141.59.jar C:\Users\ASSiddesh\.m2\repository\org\seleniumhq\selenium\selenium-edge-driver\3.141.59\selenium-edge-driver-3.141.59.jar C:\Users\ASSiddesh\.m2\repository\org\seleniumhq\selenium\selenium-firefox-driver\3.141.59\selenium-firefox-driver-3.141.59.jar C:\Users\ASSiddesh\.m2\repository\org\seleniumhq\selenium\selenium-ie-driver\3.141.59\selenium-ie-driver-3.141.59.jar C:\Users\ASSiddesh\.m2\repository\org\seleniumhq\selenium\selenium-opera-driver\3.141.59\selenium-opera-driver-3.141.59.jar C:\Users\ASSiddesh\.m2\repository\org\seleniumhq\selenium\selenium-remote-driver\3.141.59\selenium-remote-driver-3.141.59.jar C:\Users\ASSiddesh\.m2\repository\org\seleniumhq\selenium\selenium-safari-driver\3.141.59\selenium-safari-driver-3.141.59.jar C:\Users\ASSiddesh\.m2\repository\org\seleniumhq\selenium\selenium-support\3.141.59\selenium-support-3.141.59.jar C:\Users\ASSiddesh\.m2\repository\net\bytebuddy\byte-buddy\1.8.15\byte-buddy-1.8.15.jar C:\Users\ASSiddesh\.m2\repository\org\apache\commons\commons-exec\1.3\commons-exec-1.3.jar C:\Users\ASSiddesh\.m2\repository\com\google\guava\guava\25.0-jre\guava-25.0-jre.jar C:\Users\ASSiddesh\.m2\repository\com\google\code\findbugs\jsr305\1.3.9\jsr305-1.3.9.jar C:\Users\ASSiddesh\.m2\repository\org\checkerframework\checker-compat-qual\2.0.0\checker-compat-qual-2.0.0.jar C:\Users\ASSiddesh\.m2\repository\com\google\errorprone\error_prone_annotations\2.1.3\error_prone_annotations-2.1.3.jar C:\Users\ASSiddesh\.m2\repository\com\google\j2objc\j2objc-annotations\1.1\j2objc-annotations-1.1.jar C:\Users\ASSiddesh\.m2\repository\org\codehaus\mojo\animal-sniffer-annotations\1.14\animal-sniffer-annotations-1.14.jar C:\Users\ASSiddesh\.m2\repository\com\squareup\okhttp3\okhttp\3.11.0\okhttp-3.11.0.jar C:\Users\ASSiddesh\.m2\repository\com\squareup\okio\okio\1.14.0\okio-1.14.0.jar C:\Users\ASSiddesh\.m2\repository\org\testng\testng\7.4.0\testng-7.4.0.jar C:\Users\ASSiddesh\.m2\repository\com\beust\jcommander\1.78\jcommander-1.78.jar C:\Users\ASSiddesh\.m2\repository\org\webjars\jquery\3.5.1\jquery-3.5.1.jar
  VMArgs:    -ea
  Class:     org.testng.remote.RemoteTestNG
  Args:      -serport 63766 -protocol json -d C:\Users\ASSiddesh\eclipse-workspace\v\test-output C:\Users\ASSIDD~1\AppData\Local\Temp\testng-eclipse-167897399\testng-customsuite.xml
java -ea -classpath C:\Users\ASSiddesh\eclipse\java-2021-03\eclipse\configuration\org.eclipse.osgi\442\0\.cp\lib\testng-remote.jar:C:\Users\ASSiddesh\eclipse-workspace\v\target\test-classes:C:\Users\ASSiddesh\eclipse-workspace\v\target\classes:C:\Users\ASSiddesh\.m2\repository\org\seleniumhq\selenium\selenium-java\3.141.59\selenium-java-3.141.59.jar:C:\Users\ASSiddesh\.m2\repository\org\seleniumhq\selenium\selenium-api\3.141.59\selenium-api-3.141.59.jar:C:\Users\ASSiddesh\.m2\repository\org\seleniumhq\selenium\selenium-chrome-driver\3.141.59\selenium-chrome-driver-3.141.59.jar:C:\Users\ASSiddesh\.m2\repository\org\seleniumhq\selenium\selenium-edge-driver\3.141.59\selenium-edge-driver-3.141.59.jar:C:\Users\ASSiddesh\.m2\repository\org\seleniumhq\selenium\selenium-firefox-driver\3.141.59\selenium-firefox-driver-3.141.59.jar:C:\Users\ASSiddesh\.m2\repository\org\seleniumhq\selenium\selenium-ie-driver\3.141.59\selenium-ie-driver-3.141.59.jar:C:\Users\ASSiddesh\.m2\repository\org\seleniumhq\selenium\selenium-opera-driver\3.141.59\selenium-opera-driver-3.141.59.jar:C:\Users\ASSiddesh\.m2\repository\org\seleniumhq\selenium\selenium-remote-driver\3.141.59\selenium-remote-driver-3.141.59.jar:C:\Users\ASSiddesh\.m2\repository\org\seleniumhq\selenium\selenium-safari-driver\3.141.59\selenium-safari-driver-3.141.59.jar:C:\Users\ASSiddesh\.m2\repository\org\seleniumhq\selenium\selenium-support\3.141.59\selenium-support-3.141.59.jar:C:\Users\ASSiddesh\.m2\repository\net\bytebuddy\byte-buddy\1.8.15\byte-buddy-1.8.15.jar:C:\Users\ASSiddesh\.m2\repository\org\apache\commons\commons-exec\1.3\commons-exec-1.3.jar:C:\Users\ASSiddesh\.m2\repository\com\google\guava\guava\25.0-jre\guava-25.0-jre.jar:C:\Users\ASSiddesh\.m2\repository\com\google\code\findbugs\jsr305\1.3.9\jsr305-1.3.9.jar:C:\Users\ASSiddesh\.m2\repository\org\checkerframework\checker-compat-qual\2.0.0\checker-compat-qual-2.0.0.jar:C:\Users\ASSiddesh\.m2\repository\com\google\errorprone\error_prone_annotations\2.1.3\error_prone_annotations-2.1.3.jar:C:\Users\ASSiddesh\.m2\repository\com\google\j2objc\j2objc-annotations\1.1\j2objc-annotations-1.1.jar:C:\Users\ASSiddesh\.m2\repository\org\codehaus\mojo\animal-sniffer-annotations\1.14\animal-sniffer-annotations-1.14.jar:C:\Users\ASSiddesh\.m2\repository\com\squareup\okhttp3\okhttp\3.11.0\okhttp-3.11.0.jar:C:\Users\ASSiddesh\.m2\repository\com\squareup\okio\okio\1.14.0\okio-1.14.0.jar:C:\Users\ASSiddesh\.m2\repository\org\testng\testng\7.4.0\testng-7.4.0.jar:C:\Users\ASSiddesh\.m2\repository\com\beust\jcommander\1.78\jcommander-1.78.jar:C:\Users\ASSiddesh\.m2\repository\org\webjars\jquery\3.5.1\jquery-3.5.1.jar org.testng.remote.RemoteTestNG -serport 63766 -protocol json -d C:\Users\ASSiddesh\eclipse-workspace\v\test-output C:\Users\ASSIDD~1\AppData\Local\Temp\testng-eclipse-167897399\testng-customsuite.xml

!ENTRY org.testng.eclipse 1 0 2021-07-16 17:15:08.936
!MESSAGE [TestNGLaunchConfigurationDelegate] Launching:
  Classpath: C:\Users\ASSiddesh\eclipse\java-2021-03\eclipse\configuration\org.eclipse.osgi\442\0\.cp\lib\testng-remote.jar C:\Users\ASSiddesh\eclipse-workspace\v\target\test-classes C:\Users\ASSiddesh\eclipse-workspace\v\target\classes C:\Users\ASSiddesh\.m2\repository\org\seleniumhq\selenium\selenium-java\3.141.59\selenium-java-3.141.59.jar C:\Users\ASSiddesh\.m2\repository\org\seleniumhq\selenium\selenium-api\3.141.59\selenium-api-3.141.59.jar C:\Users\ASSiddesh\.m2\repository\org\seleniumhq\selenium\selenium-chrome-driver\3.141.59\selenium-chrome-driver-3.141.59.jar C:\Users\ASSiddesh\.m2\repository\org\seleniumhq\selenium\selenium-edge-driver\3.141.59\selenium-edge-driver-3.141.59.jar C:\Users\ASSiddesh\.m2\repository\org\seleniumhq\selenium\selenium-firefox-driver\3.141.59\selenium-firefox-driver-3.141.59.jar C:\Users\ASSiddesh\.m2\repository\org\seleniumhq\selenium\selenium-ie-driver\3.141.59\selenium-ie-driver-3.141.59.jar C:\Users\ASSiddesh\.m2\repository\org\seleniumhq\selenium\selenium-opera-driver\3.141.59\selenium-opera-driver-3.141.59.jar C:\Users\ASSiddesh\.m2\repository\org\seleniumhq\selenium\selenium-remote-driver\3.141.59\selenium-remote-driver-3.141.59.jar C:\Users\ASSiddesh\.m2\repository\org\seleniumhq\selenium\selenium-safari-driver\3.141.59\selenium-safari-driver-3.141.59.jar C:\Users\ASSiddesh\.m2\repository\org\seleniumhq\selenium\selenium-support\3.141.59\selenium-support-3.141.59.jar C:\Users\ASSiddesh\.m2\repository\net\bytebuddy\byte-buddy\1.8.15\byte-buddy-1.8.15.jar C:\Users\ASSiddesh\.m2\repository\org\apache\commons\commons-exec\1.3\commons-exec-1.3.jar C:\Users\ASSiddesh\.m2\repository\com\google\guava\guava\25.0-jre\guava-25.0-jre.jar C:\Users\ASSiddesh\.m2\repository\com\google\code\findbugs\jsr305\1.3.9\jsr305-1.3.9.jar C:\Users\ASSiddesh\.m2\repository\org\checkerframework\checker-compat-qual\2.0.0\checker-compat-qual-2.0.0.jar C:\Users\ASSiddesh\.m2\repository\com\google\errorprone\error_prone_annotations\2.1.3\error_prone_annotations-2.1.3.jar C:\Users\ASSiddesh\.m2\repository\com\google\j2objc\j2objc-annotations\1.1\j2objc-annotations-1.1.jar C:\Users\ASSiddesh\.m2\repository\org\codehaus\mojo\animal-sniffer-annotations\1.14\animal-sniffer-annotations-1.14.jar C:\Users\ASSiddesh\.m2\repository\com\squareup\okhttp3\okhttp\3.11.0\okhttp-3.11.0.jar C:\Users\ASSiddesh\.m2\repository\com\squareup\okio\okio\1.14.0\okio-1.14.0.jar C:\Users\ASSiddesh\.m2\repository\org\testng\testng\7.4.0\testng-7.4.0.jar C:\Users\ASSiddesh\.m2\repository\com\beust\jcommander\1.78\jcommander-1.78.jar C:\Users\ASSiddesh\.m2\repository\org\webjars\jquery\3.5.1\jquery-3.5.1.jar
  VMArgs:    -ea
  Class:     org.testng.remote.RemoteTestNG
  Args:      -serport 51056 -protocol json -d C:\Users\ASSiddesh\eclipse-workspace\v\test-output C:\Users\ASSIDD~1\AppData\Local\Temp\testng-eclipse-244001060\testng-customsuite.xml
java -ea -classpath C:\Users\ASSiddesh\eclipse\java-2021-03\eclipse\configuration\org.eclipse.osgi\442\0\.cp\lib\testng-remote.jar:C:\Users\ASSiddesh\eclipse-workspace\v\target\test-classes:C:\Users\ASSiddesh\eclipse-workspace\v\target\classes:C:\Users\ASSiddesh\.m2\repository\org\seleniumhq\selenium\selenium-java\3.141.59\selenium-java-3.141.59.jar:C:\Users\ASSiddesh\.m2\repository\org\seleniumhq\selenium\selenium-api\3.141.59\selenium-api-3.141.59.jar:C:\Users\ASSiddesh\.m2\repository\org\seleniumhq\selenium\selenium-chrome-driver\3.141.59\selenium-chrome-driver-3.141.59.jar:C:\Users\ASSiddesh\.m2\repository\org\seleniumhq\selenium\selenium-edge-driver\3.141.59\selenium-edge-driver-3.141.59.jar:C:\Users\ASSiddesh\.m2\repository\org\seleniumhq\selenium\selenium-firefox-driver\3.141.59\selenium-firefox-driver-3.141.59.jar:C:\Users\ASSiddesh\.m2\repository\org\seleniumhq\selenium\selenium-ie-driver\3.141.59\selenium-ie-driver-3.141.59.jar:C:\Users\ASSiddesh\.m2\repository\org\seleniumhq\selenium\selenium-opera-driver\3.141.59\selenium-opera-driver-3.141.59.jar:C:\Users\ASSiddesh\.m2\repository\org\seleniumhq\selenium\selenium-remote-driver\3.141.59\selenium-remote-driver-3.141.59.jar:C:\Users\ASSiddesh\.m2\repository\org\seleniumhq\selenium\selenium-safari-driver\3.141.59\selenium-safari-driver-3.141.59.jar:C:\Users\ASSiddesh\.m2\repository\org\seleniumhq\selenium\selenium-support\3.141.59\selenium-support-3.141.59.jar:C:\Users\ASSiddesh\.m2\repository\net\bytebuddy\byte-buddy\1.8.15\byte-buddy-1.8.15.jar:C:\Users\ASSiddesh\.m2\repository\org\apache\commons\commons-exec\1.3\commons-exec-1.3.jar:C:\Users\ASSiddesh\.m2\repository\com\google\guava\guava\25.0-jre\guava-25.0-jre.jar:C:\Users\ASSiddesh\.m2\repository\com\google\code\findbugs\jsr305\1.3.9\jsr305-1.3.9.jar:C:\Users\ASSiddesh\.m2\repository\org\checkerframework\checker-compat-qual\2.0.0\checker-compat-qual-2.0.0.jar:C:\Users\ASSiddesh\.m2\repository\com\google\errorprone\error_prone_annotations\2.1.3\error_prone_annotations-2.1.3.jar:C:\Users\ASSiddesh\.m2\repository\com\google\j2objc\j2objc-annotations\1.1\j2objc-annotations-1.1.jar:C:\Users\ASSiddesh\.m2\repository\org\codehaus\mojo\animal-sniffer-annotations\1.14\animal-sniffer-annotations-1.14.jar:C:\Users\ASSiddesh\.m2\repository\com\squareup\okhttp3\okhttp\3.11.0\okhttp-3.11.0.jar:C:\Users\ASSiddesh\.m2\repository\com\squareup\okio\okio\1.14.0\okio-1.14.0.jar:C:\Users\ASSiddesh\.m2\repository\org\testng\testng\7.4.0\testng-7.4.0.jar:C:\Users\ASSiddesh\.m2\repository\com\beust\jcommander\1.78\jcommander-1.78.jar:C:\Users\ASSiddesh\.m2\repository\org\webjars\jquery\3.5.1\jquery-3.5.1.jar org.testng.remote.RemoteTestNG -serport 51056 -protocol json -d C:\Users\ASSiddesh\eclipse-workspace\v\test-output C:\Users\ASSIDD~1\AppData\Local\Temp\testng-eclipse-244001060\testng-customsuite.xml

!ENTRY org.testng.eclipse 1 0 2021-07-16 17:16:21.304
!MESSAGE [TestNGLaunchConfigurationDelegate] Launching:
  Classpath: C:\Users\ASSiddesh\eclipse\java-2021-03\eclipse\configuration\org.eclipse.osgi\442\0\.cp\lib\testng-remote.jar C:\Users\ASSiddesh\eclipse-workspace\v\target\test-classes C:\Users\ASSiddesh\eclipse-workspace\v\target\classes C:\Users\ASSiddesh\.m2\repository\org\seleniumhq\selenium\selenium-java\3.141.59\selenium-java-3.141.59.jar C:\Users\ASSiddesh\.m2\repository\org\seleniumhq\selenium\selenium-api\3.141.59\selenium-api-3.141.59.jar C:\Users\ASSiddesh\.m2\repository\org\seleniumhq\selenium\selenium-chrome-driver\3.141.59\selenium-chrome-driver-3.141.59.jar C:\Users\ASSiddesh\.m2\repository\org\seleniumhq\selenium\selenium-edge-driver\3.141.59\selenium-edge-driver-3.141.59.jar C:\Users\ASSiddesh\.m2\repository\org\seleniumhq\selenium\selenium-firefox-driver\3.141.59\selenium-firefox-driver-3.141.59.jar C:\Users\ASSiddesh\.m2\repository\org\seleniumhq\selenium\selenium-ie-driver\3.141.59\selenium-ie-driver-3.141.59.jar C:\Users\ASSiddesh\.m2\repository\org\seleniumhq\selenium\selenium-opera-driver\3.141.59\selenium-opera-driver-3.141.59.jar C:\Users\ASSiddesh\.m2\repository\org\seleniumhq\selenium\selenium-remote-driver\3.141.59\selenium-remote-driver-3.141.59.jar C:\Users\ASSiddesh\.m2\repository\org\seleniumhq\selenium\selenium-safari-driver\3.141.59\selenium-safari-driver-3.141.59.jar C:\Users\ASSiddesh\.m2\repository\org\seleniumhq\selenium\selenium-support\3.141.59\selenium-support-3.141.59.jar C:\Users\ASSiddesh\.m2\repository\net\bytebuddy\byte-buddy\1.8.15\byte-buddy-1.8.15.jar C:\Users\ASSiddesh\.m2\repository\org\apache\commons\commons-exec\1.3\commons-exec-1.3.jar C:\Users\ASSiddesh\.m2\repository\com\google\guava\guava\25.0-jre\guava-25.0-jre.jar C:\Users\ASSiddesh\.m2\repository\com\google\code\findbugs\jsr305\1.3.9\jsr305-1.3.9.jar C:\Users\ASSiddesh\.m2\repository\org\checkerframework\checker-compat-qual\2.0.0\checker-compat-qual-2.0.0.jar C:\Users\ASSiddesh\.m2\repository\com\google\errorprone\error_prone_annotations\2.1.3\error_prone_annotations-2.1.3.jar C:\Users\ASSiddesh\.m2\repository\com\google\j2objc\j2objc-annotations\1.1\j2objc-annotations-1.1.jar C:\Users\ASSiddesh\.m2\repository\org\codehaus\mojo\animal-sniffer-annotations\1.14\animal-sniffer-annotations-1.14.jar C:\Users\ASSiddesh\.m2\repository\com\squareup\okhttp3\okhttp\3.11.0\okhttp-3.11.0.jar C:\Users\ASSiddesh\.m2\repository\com\squareup\okio\okio\1.14.0\okio-1.14.0.jar C:\Users\ASSiddesh\.m2\repository\org\testng\testng\7.4.0\testng-7.4.0.jar C:\Users\ASSiddesh\.m2\repository\com\beust\jcommander\1.78\jcommander-1.78.jar C:\Users\ASSiddesh\.m2\repository\org\webjars\jquery\3.5.1\jquery-3.5.1.jar
  VMArgs:    -ea
  Class:     org.testng.remote.RemoteTestNG
  Args:      -serport 50520 -protocol json -d C:\Users\ASSiddesh\eclipse-workspace\v\test-output C:\Users\ASSIDD~1\AppData\Local\Temp\testng-eclipse--99656328\testng-customsuite.xml
java -ea -classpath C:\Users\ASSiddesh\eclipse\java-2021-03\eclipse\configuration\org.eclipse.osgi\442\0\.cp\lib\testng-remote.jar:C:\Users\ASSiddesh\eclipse-workspace\v\target\test-classes:C:\Users\ASSiddesh\eclipse-workspace\v\target\classes:C:\Users\ASSiddesh\.m2\repository\org\seleniumhq\selenium\selenium-java\3.141.59\selenium-java-3.141.59.jar:C:\Users\ASSiddesh\.m2\repository\org\seleniumhq\selenium\selenium-api\3.141.59\selenium-api-3.141.59.jar:C:\Users\ASSiddesh\.m2\repository\org\seleniumhq\selenium\selenium-chrome-driver\3.141.59\selenium-chrome-driver-3.141.59.jar:C:\Users\ASSiddesh\.m2\repository\org\seleniumhq\selenium\selenium-edge-driver\3.141.59\selenium-edge-driver-3.141.59.jar:C:\Users\ASSiddesh\.m2\repository\org\seleniumhq\selenium\selenium-firefox-driver\3.141.59\selenium-firefox-driver-3.141.59.jar:C:\Users\ASSiddesh\.m2\repository\org\seleniumhq\selenium\selenium-ie-driver\3.141.59\selenium-ie-driver-3.141.59.jar:C:\Users\ASSiddesh\.m2\repository\org\seleniumhq\selenium\selenium-opera-driver\3.141.59\selenium-opera-driver-3.141.59.jar:C:\Users\ASSiddesh\.m2\repository\org\seleniumhq\selenium\selenium-remote-driver\3.141.59\selenium-remote-driver-3.141.59.jar:C:\Users\ASSiddesh\.m2\repository\org\seleniumhq\selenium\selenium-safari-driver\3.141.59\selenium-safari-driver-3.141.59.jar:C:\Users\ASSiddesh\.m2\repository\org\seleniumhq\selenium\selenium-support\3.141.59\selenium-support-3.141.59.jar:C:\Users\ASSiddesh\.m2\repository\net\bytebuddy\byte-buddy\1.8.15\byte-buddy-1.8.15.jar:C:\Users\ASSiddesh\.m2\repository\org\apache\commons\commons-exec\1.3\commons-exec-1.3.jar:C:\Users\ASSiddesh\.m2\repository\com\google\guava\guava\25.0-jre\guava-25.0-jre.jar:C:\Users\ASSiddesh\.m2\repository\com\google\code\findbugs\jsr305\1.3.9\jsr305-1.3.9.jar:C:\Users\ASSiddesh\.m2\repository\org\checkerframework\checker-compat-qual\2.0.0\checker-compat-qual-2.0.0.jar:C:\Users\ASSiddesh\.m2\repository\com\google\errorprone\error_prone_annotations\2.1.3\error_prone_annotations-2.1.3.jar:C:\Users\ASSiddesh\.m2\repository\com\google\j2objc\j2objc-annotations\1.1\j2objc-annotations-1.1.jar:C:\Users\ASSiddesh\.m2\repository\org\codehaus\mojo\animal-sniffer-annotations\1.14\animal-sniffer-annotations-1.14.jar:C:\Users\ASSiddesh\.m2\repository\com\squareup\okhttp3\okhttp\3.11.0\okhttp-3.11.0.jar:C:\Users\ASSiddesh\.m2\repository\com\squareup\okio\okio\1.14.0\okio-1.14.0.jar:C:\Users\ASSiddesh\.m2\repository\org\testng\testng\7.4.0\testng-7.4.0.jar:C:\Users\ASSiddesh\.m2\repository\com\beust\jcommander\1.78\jcommander-1.78.jar:C:\Users\ASSiddesh\.m2\repository\org\webjars\jquery\3.5.1\jquery-3.5.1.jar org.testng.remote.RemoteTestNG -serport 50520 -protocol json -d C:\Users\ASSiddesh\eclipse-workspace\v\test-output C:\Users\ASSIDD~1\AppData\Local\Temp\testng-eclipse--99656328\testng-customsuite.xml
