<?xml version="1.0" encoding="UTF-8"?>
<!-- Generated by org.testng.reporters.JUnitXMLReporter -->
<testsuite ignored="3" hostname="INBANGNBDELL35" failures="0" tests="3" name="Default test" time="44.395" errors="0" timestamp="2021-07-16T17:17:06 IST">
  <testcase classname="scenarios.LoginPageTest" name="loginTest" time="9.846"/>
  <testcase classname="scenarios.HomePageTest" name="requestQuoteTest" time="23.029"/>
  <testcase classname="firsttry.InsuranceTests" name="invalidLogin" time="11.489"/>
  <testcase classname="firsttry.InsuranceTests" name="requestQuoteTest" time="0.0">
    <ignored/>
  </testcase> <!-- requestQuoteTest -->
  <testcase classname="firsttry.InsuranceTests" name="loginTest" time="0.0">
    <ignored/>
  </testcase> <!-- loginTest -->
  <testcase classname="firsttry.InsuranceTests" name="loginAndlogout" time="0.0">
    <ignored/>
  </testcase> <!-- loginAndlogout -->
</testsuite> <!-- Default test -->
